#
# There is insufficient memory for the Java Runtime Environment to continue.
# Native memory allocation (malloc) failed to allocate 56623104 bytes for committing reserved memory.
# Possible reasons:
#   The system is out of physical RAM or swap space
#   In 32 bit mode, the process size limit was hit
# Possible solutions:
#   Reduce memory load on the system
#   Increase physical memory or swap space
#   Check if swap backing store is full
#   Use 64 bit Java on a 64 bit OS
#   Decrease Java heap size (-Xmx/-Xms)
#   Decrease number of Java threads
#   Decrease Java thread stack sizes (-Xss)
#   Set larger code cache with -XX:ReservedCodeCacheSize=
# This output file may be truncated or incomplete.
#
#  Out of Memory Error (os_linux.cpp:2827), pid=21191, tid=140199421228800
#
# JRE version: OpenJDK Runtime Environment (7.0_95) (build 1.7.0_95-b00)
# Java VM: OpenJDK 64-Bit Server VM (24.95-b01 mixed mode linux-amd64 compressed oops)
# Derivative: IcedTea 2.6.4
# Distribution: Ubuntu 14.04 LTS, package 7u95-2.6.4-0ubuntu0.14.04.2
# Failed to write core dump. Core dumps have been disabled. To enable core dumping, try "ulimit -c unlimited" before starting Java again
#

---------------  T H R E A D  ---------------

Current thread (0x00007f82b4071800):  VMThread [stack: 0x00007f82b8a33000,0x00007f82b8b34000] [id=21234]

Stack: [0x00007f82b8a33000,0x00007f82b8b34000],  sp=0x00007f82b8b32490,  free space=1021k
Native frames: (J=compiled Java code, j=interpreted, Vv=VM code, C=native code)
V  [libjvm.so+0x953e15]
V  [libjvm.so+0x48fd94]
V  [libjvm.so+0x7cf87b]
V  [libjvm.so+0x7ca33f]
V  [libjvm.so+0x83dacb]
V  [libjvm.so+0x83e930]
V  [libjvm.so+0x83f01b]
V  [libjvm.so+0x83b258]
V  [libjvm.so+0x83bac8]
V  [libjvm.so+0x7f2083]
V  [libjvm.so+0x955814]
V  [libjvm.so+0x959917]
V  [libjvm.so+0x9583d8]
V  [libjvm.so+0x958839]
V  [libjvm.so+0x958c82]
V  [libjvm.so+0x7cc742]

VM_Operation (0x00007f8275b9c290): ParallelGCFailedAllocation, mode: safepoint, requested by thread 0x00007f82882b8800


---------------  P R O C E S S  ---------------

Java Threads: ( => current thread )
  0x00007f82a80f6800 JavaThread "metrics-meter-tick-thread-2" daemon [_thread_blocked, id=21335, stack(0x00007f8274588000,0x00007f8274689000)]
  0x00007f82a80f4800 JavaThread "metrics-meter-tick-thread-1" daemon [_thread_blocked, id=21334, stack(0x00007f8274689000,0x00007f827478a000)]
  0x00007f82a80ab800 JavaThread "CuratorFramework-0" daemon [_thread_blocked, id=21333, stack(0x00007f827478a000,0x00007f827488b000)]
  0x00007f82a80aa000 JavaThread "Thread-12-unprocessedSpout-EventThread" daemon [_thread_blocked, id=21332, stack(0x00007f827488b000,0x00007f827498c000)]
  0x00007f82a80a8800 JavaThread "Thread-12-unprocessedSpout-SendThread(localhost:2181)" daemon [_thread_in_native, id=21331, stack(0x00007f827498c000,0x00007f8274a8d000)]
  0x00007f82a807a800 JavaThread "ConnectionStateManager-0" daemon [_thread_blocked, id=21330, stack(0x00007f8274a8d000,0x00007f8274b8e000)]
  0x00007f82a803c800 JavaThread "CuratorFramework-0" daemon [_thread_blocked, id=21329, stack(0x00007f8274b8e000,0x00007f8274c8f000)]
  0x00007f82a803a800 JavaThread "Thread-12-unprocessedSpout-EventThread" daemon [_thread_blocked, id=21328, stack(0x00007f8274c8f000,0x00007f8274d90000)]
  0x00007f82a8046000 JavaThread "Thread-12-unprocessedSpout-SendThread(localhost:2181)" daemon [_thread_in_native, id=21327, stack(0x00007f8274d90000,0x00007f8274e91000)]
  0x00007f82a8047800 JavaThread "ConnectionStateManager-0" daemon [_thread_blocked, id=21326, stack(0x00007f8274e91000,0x00007f8274f92000)]
  0x00007f82a8050000 JavaThread "CuratorFramework-0" daemon [_thread_blocked, id=21325, stack(0x00007f8274f92000,0x00007f8275093000)]
  0x00007f82a804f800 JavaThread "Thread-12-unprocessedSpout-EventThread" daemon [_thread_blocked, id=21324, stack(0x00007f8275093000,0x00007f8275194000)]
  0x00007f82a804d800 JavaThread "Thread-12-unprocessedSpout-SendThread(localhost:2000)" daemon [_thread_in_native, id=21323, stack(0x00007f8275194000,0x00007f8275295000)]
  0x00007f82a8037800 JavaThread "ConnectionStateManager-0" daemon [_thread_blocked, id=21322, stack(0x00007f8275295000,0x00007f8275396000)]
  0x00007f82885e3000 JavaThread "Thread-17-disruptor-worker-transfer-queue" [_thread_blocked, id=21321, stack(0x00007f8275396000,0x00007f8275497000)]
  0x00007f82885e1000 JavaThread "Thread-16-__system" [_thread_blocked, id=21320, stack(0x00007f8275497000,0x00007f8275598000)]
  0x00007f82885df800 JavaThread "Thread-15-disruptor-executor[-1 -1]-send-queue" [_thread_blocked, id=21319, stack(0x00007f8275598000,0x00007f8275699000)]
  0x00007f82882f9000 JavaThread "Thread-14-__acker" [_thread_blocked, id=21318, stack(0x00007f8275699000,0x00007f827579a000)]
  0x00007f82882f8000 JavaThread "Thread-13-disruptor-executor[1 1]-send-queue" [_thread_blocked, id=21317, stack(0x00007f827579a000,0x00007f827589b000)]
  0x00007f8288406800 JavaThread "Thread-12-unprocessedSpout" [_thread_blocked, id=21316, stack(0x00007f827589b000,0x00007f827599c000)]
  0x00007f82882f4000 JavaThread "Thread-11-disruptor-executor[3 3]-send-queue" [_thread_blocked, id=21315, stack(0x00007f827599c000,0x00007f8275a9d000)]
  0x00007f82882b8800 JavaThread "Thread-10-processingVehicleData" [_thread_blocked, id=21314, stack(0x00007f8275a9d000,0x00007f8275b9e000)]
  0x00007f82882b7000 JavaThread "Thread-9-disruptor-executor[2 2]-send-queue" [_thread_blocked, id=21313, stack(0x00007f8275b9e000,0x00007f8275c9f000)]
  0x00007f8288072000 JavaThread "Thread-8-worker-receiver-thread-0" daemon [_thread_blocked, id=21312, stack(0x00007f8275c9f000,0x00007f8275da0000)]
  0x00007f82883b4000 JavaThread "user-timer" daemon [_thread_blocked, id=21311, stack(0x00007f8275da0000,0x00007f8275ea1000)]
  0x00007f8288176000 JavaThread "executor-heartbeat-timer" daemon [_thread_blocked, id=21310, stack(0x00007f8275ea1000,0x00007f8275fa2000)]
  0x00007f8288174000 JavaThread "refresh-active-timer" daemon [_thread_blocked, id=21309, stack(0x00007f8275fa2000,0x00007f82760a3000)]
  0x00007f8288172000 JavaThread "refresh-credentials-timer" daemon [_thread_blocked, id=21308, stack(0x00007f82760a3000,0x00007f82761a4000)]
  0x00007f8288171800 JavaThread "refresh-connections-timer" daemon [_thread_blocked, id=21307, stack(0x00007f82764a7000,0x00007f82765a8000)]
  0x00007f8288170800 JavaThread "heartbeat-timer" daemon [_thread_blocked, id=21306, stack(0x00007f82765a8000,0x00007f82766a9000)]
  0x00007f82883bb800 JavaThread "CuratorFramework-0" daemon [_thread_blocked, id=21305, stack(0x00007f82761a4000,0x00007f82762a5000)]
  0x00007f82880a2800 JavaThread "Thread-5-EventThread" daemon [_thread_blocked, id=21304, stack(0x00007f82762a5000,0x00007f82763a6000)]
  0x00007f82885e6000 JavaThread "Thread-5-SendThread(localhost:2000)" daemon [_thread_in_native, id=21303, stack(0x00007f82763a6000,0x00007f82764a7000)]
  0x00007f8288068800 JavaThread "ConnectionStateManager-0" daemon [_thread_blocked, id=21302, stack(0x00007f82766a9000,0x00007f82767aa000)]
  0x00007f82b400a800 JavaThread "DestroyJavaVM" [_thread_blocked, id=21231, stack(0x00007f82bd37a000,0x00007f82bd47b000)]
  0x00007f82b5006000 JavaThread "Thread-7" [_thread_blocked, id=21297, stack(0x00007f82768e9000,0x00007f82769ea000)]
  0x00007f82b5004800 JavaThread "Thread-6" [_thread_blocked, id=21296, stack(0x00007f82769ea000,0x00007f8276aeb000)]
  0x00007f82b510a800 JavaThread "timer" daemon [_thread_blocked, id=21295, stack(0x00007f8276dee000,0x00007f8276eef000)]
  0x00007f82b5003000 JavaThread "CuratorFramework-0" daemon [_thread_blocked, id=21294, stack(0x00007f8276aeb000,0x00007f8276bec000)]
  0x00007f82b510c800 JavaThread "main-EventThread" daemon [_thread_blocked, id=21293, stack(0x00007f8276bec000,0x00007f8276ced000)]
  0x00007f82b5001000 JavaThread "main-SendThread(localhost:2000)" daemon [_thread_in_native, id=21292, stack(0x00007f8276ced000,0x00007f8276dee000)]
  0x00007f82b5106800 JavaThread "ConnectionStateManager-0" daemon [_thread_blocked, id=21291, stack(0x00007f8276eef000,0x00007f8276ff0000)]
  0x00007f82b5107800 JavaThread "timer" daemon [_thread_blocked, id=21286, stack(0x00007f8276ff0000,0x00007f82770f1000)]
  0x00007f82b41aa000 JavaThread "Thread-5" [_thread_blocked, id=21285, stack(0x00007f82770f1000,0x00007f82771f2000)]
  0x00007f82b50ae000 JavaThread "Thread-4" [_thread_blocked, id=21284, stack(0x00007f82775f6000,0x00007f82776f7000)]
  0x00007f82b41a4000 JavaThread "timer" daemon [_thread_blocked, id=21283, stack(0x00007f82773f4000,0x00007f82774f5000)]
  0x00007f82b41a7800 JavaThread "CuratorFramework-0" daemon [_thread_blocked, id=21282, stack(0x00007f82771f2000,0x00007f82772f3000)]
  0x00007f82b41a5800 JavaThread "main-EventThread" daemon [_thread_blocked, id=21281, stack(0x00007f82772f3000,0x00007f82773f4000)]
  0x00007f82b50af800 JavaThread "main-SendThread(localhost:2000)" daemon [_thread_in_native, id=21280, stack(0x00007f82776f7000,0x00007f82777f8000)]
  0x00007f82b4f11800 JavaThread "ConnectionStateManager-0" daemon [_thread_blocked, id=21279, stack(0x00007f82774f5000,0x00007f82775f6000)]
  0x00007f82b50ac800 JavaThread "timer" daemon [_thread_blocked, id=21274, stack(0x00007f82779fa000,0x00007f8277afb000)]
  0x00007f82b5057000 JavaThread "CuratorFramework-0" daemon [_thread_blocked, id=21273, stack(0x00007f8277eff000,0x00007f8278000000)]
  0x00007f82b454b000 JavaThread "main-EventThread" daemon [_thread_blocked, id=21272, stack(0x00007f8277afb000,0x00007f8277bfc000)]
  0x00007f82b4548800 JavaThread "main-SendThread(localhost:2000)" daemon [_thread_in_native, id=21271, stack(0x00007f82778f9000,0x00007f82779fa000)]
  0x00007f82b4541800 JavaThread "ConnectionStateManager-0" daemon [_thread_blocked, id=21270, stack(0x00007f82777f8000,0x00007f82778f9000)]
  0x00007f82b5055800 JavaThread "CuratorFramework-0" daemon [_thread_blocked, id=21265, stack(0x00007f8277bfc000,0x00007f8277cfd000)]
  0x00007f82b4544800 JavaThread "main-EventThread" daemon [_thread_blocked, id=21264, stack(0x00007f82ac3d4000,0x00007f82ac4d5000)]
  0x00007f82b4543000 JavaThread "main-SendThread(localhost:2000)" daemon [_thread_in_native, id=21263, stack(0x00007f8277dfe000,0x00007f8277eff000)]
  0x00007f82b4540800 JavaThread "ConnectionStateManager-0" daemon [_thread_blocked, id=21262, stack(0x00007f8277cfd000,0x00007f8277dfe000)]
  0x00007f82b4575800 JavaThread "CuratorFramework-0" daemon [_thread_blocked, id=21257, stack(0x00007f82ac0d1000,0x00007f82ac1d2000)]
  0x00007f82b4563000 JavaThread "main-EventThread" daemon [_thread_blocked, id=21256, stack(0x00007f82ac4d5000,0x00007f82ac5d6000)]
  0x00007f82b4562000 JavaThread "main-SendThread(localhost:2000)" daemon [_thread_in_native, id=21255, stack(0x00007f82ac2d3000,0x00007f82ac3d4000)]
  0x00007f82b453a000 JavaThread "ConnectionStateManager-0" daemon [_thread_blocked, id=21254, stack(0x00007f82ac1d2000,0x00007f82ac2d3000)]
  0x00007f82b4fed000 JavaThread "Thread-3" daemon [_thread_blocked, id=21249, stack(0x00007f82ac5d6000,0x00007f82ac6d7000)]
  0x00007f82b4fe5000 JavaThread "Thread-2" daemon [_thread_blocked, id=21248, stack(0x00007f82ac6d7000,0x00007f82ac7d8000)]
  0x00007f82b4fe3800 JavaThread "Thread-1" daemon [_thread_blocked, id=21247, stack(0x00007f82ac7d8000,0x00007f82ac8d9000)]
  0x00007f82b4ff8800 JavaThread "timer" daemon [_thread_blocked, id=21246, stack(0x00007f82ac8d9000,0x00007f82ac9da000)]
  0x00007f82b4ff6800 JavaThread "ProcessThread(sid:0 cport:-1):" [_thread_blocked, id=21245, stack(0x00007f82ac9da000,0x00007f82acadb000)]
  0x00007f82b5046000 JavaThread "SyncThread:0" [_thread_blocked, id=21244, stack(0x00007f82acadb000,0x00007f82acbdc000)]
  0x00007f82b4fe2800 JavaThread "SessionTracker" [_thread_blocked, id=21243, stack(0x00007f82acbdc000,0x00007f82accdd000)]
  0x00007f82b4fb3000 JavaThread "NIOServerCxn.Factory:0.0.0.0/0.0.0.0:2000" daemon [_thread_in_native, id=21242, stack(0x00007f82accdd000,0x00007f82acdde000)]
  0x00007f82b40ad800 JavaThread "Service Thread" daemon [_thread_blocked, id=21240, stack(0x00007f82b8033000,0x00007f82b8134000)]
  0x00007f82b40ab000 JavaThread "C2 CompilerThread1" daemon [_thread_blocked, id=21239, stack(0x00007f82b8134000,0x00007f82b8235000)]
  0x00007f82b40a8800 JavaThread "C2 CompilerThread0" daemon [_thread_blocked, id=21238, stack(0x00007f82b8235000,0x00007f82b8336000)]
  0x00007f82b40a6000 JavaThread "Signal Dispatcher" daemon [_thread_blocked, id=21237, stack(0x00007f82b8336000,0x00007f82b8437000)]
  0x00007f82b4078000 JavaThread "Finalizer" daemon [_thread_blocked, id=21236, stack(0x00007f82b8831000,0x00007f82b8932000)]
  0x00007f82b4076000 JavaThread "Reference Handler" daemon [_thread_blocked, id=21235, stack(0x00007f82b8932000,0x00007f82b8a33000)]

Other Threads:
=>0x00007f82b4071800 VMThread [stack: 0x00007f82b8a33000,0x00007f82b8b34000] [id=21234]
  0x00007f82b40b8000 WatcherThread [stack: 0x00007f82aeadf000,0x00007f82aebe0000] [id=21241]

VM state:at safepoint (normal execution)

VM Mutex/Monitor currently owned by a thread:  ([mutex/lock_event])
[0x00007f82b4006dc0] Threads_lock - owner thread: 0x00007f82b4071800
[0x00007f82b40072c0] Heap_lock - owner thread: 0x00007f82882b8800

Heap
 PSYoungGen      total 271872K, used 9207K [0x00000000eb600000, 0x00000000fca00000, 0x0000000100000000)
  eden space 261632K, 0% used [0x00000000eb600000,0x00000000eb600000,0x00000000fb580000)
  from space 10240K, 89% used [0x00000000fb580000,0x00000000fbe7dc08,0x00000000fbf80000)
  to   space 9728K, 0% used [0x00000000fbf80000,0x00000000fbf80000,0x00000000fc900000)
 ParOldGen       total 41984K, used 21898K [0x00000000c2200000, 0x00000000c4b00000, 0x00000000eb600000)
  object space 41984K, 52% used [0x00000000c2200000,0x00000000c3762920,0x00000000c4b00000)
 PSPermGen       total 39936K, used 39869K [0x00000000b7c00000, 0x00000000ba300000, 0x00000000c2200000)
  object space 39936K, 99% used [0x00000000b7c00000,0x00000000ba2ef5d8,0x00000000ba300000)

Card table byte_map: [0x00007f82b9d74000,0x00007f82b9fb7000] byte_map_base: 0x00007f82b97b6000

Polling page: 0x00007f82bd4a0000

Code Cache  [0x00007f82b1000000, 0x00007f82b1270000, 0x00007f82b4000000)
 total_blobs=952 nmethods=552 adapters=353 free_code_cache=47512Kb largest_free_block=48577600

Compilation events (10 events):
Event: 58,257 Thread 0x00007f82b40ab000  667             java.lang.ThreadLocal$ThreadLocalMap::nextIndex (15 bytes)
Event: 58,258 Thread 0x00007f82b40ab000 nmethod 667 0x00007f82b1078a50 code [0x00007f82b1078b80, 0x00007f82b1078bd8]
Event: 58,441 Thread 0x00007f82b40ab000  668             clojure.lang.MethodImplCache::fnFor (28 bytes)
Event: 58,466 Thread 0x00007f82b40ab000 nmethod 668 0x00007f82b112d750 code [0x00007f82b112d8c0, 0x00007f82b112dae8]
Event: 58,649 Thread 0x00007f82b40a8800  669             clojure.core$str::invoke (21 bytes)
Event: 58,651 Thread 0x00007f82b40a8800 nmethod 669 0x00007f82b1076990 code [0x00007f82b1076ae0, 0x00007f82b1076b58]
Event: 58,651 Thread 0x00007f82b40a8800  670             java.lang.ThreadLocal$ThreadLocalMap::access$100 (7 bytes)
Event: 58,689 Thread 0x00007f82b40a8800 nmethod 670 0x00007f82b112cc90 code [0x00007f82b112ce20, 0x00007f82b112d238]
Event: 58,990 Thread 0x00007f82b40ab000  671             java.io.UnixFileSystem::resolve (103 bytes)
Event: 59,034 Thread 0x00007f82b40ab000 nmethod 671 0x00007f82b113f690 code [0x00007f82b113f800, 0x00007f82b113fc98]

GC Heap History (10 events):
Event: 8,321 GC heap after
Heap after GC invocations=4 (full 0):
 PSYoungGen      total 68096K, used 2532K [0x00000000eb600000, 0x00000000efb00000, 0x0000000100000000)
  eden space 65536K, 0% used [0x00000000eb600000,0x00000000eb600000,0x00000000ef600000)
  from space 2560K, 98% used [0x00000000ef880000,0x00000000efaf9040,0x00000000efb00000)
  to   space 2560K, 0% used [0x00000000ef600000,0x00000000ef600000,0x00000000ef880000)
 ParOldGen       total 41984K, used 12692K [0x00000000c2200000, 0x00000000c4b00000, 0x00000000eb600000)
  object space 41984K, 30% used [0x00000000c2200000,0x00000000c2e650e0,0x00000000c4b00000)
 PSPermGen       total 23040K, used 23000K [0x00000000b7c00000, 0x00000000b9280000, 0x00000000c2200000)
  object space 23040K, 99% used [0x00000000b7c00000,0x00000000b92762a8,0x00000000b9280000)
}
Event: 10,625 GC heap before
{Heap before GC invocations=5 (full 0):
 PSYoungGen      total 68096K, used 68068K [0x00000000eb600000, 0x00000000efb00000, 0x0000000100000000)
  eden space 65536K, 100% used [0x00000000eb600000,0x00000000ef600000,0x00000000ef600000)
  from space 2560K, 98% used [0x00000000ef880000,0x00000000efaf9040,0x00000000efb00000)
  to   space 2560K, 0% used [0x00000000ef600000,0x00000000ef600000,0x00000000ef880000)
 ParOldGen       total 41984K, used 12692K [0x00000000c2200000, 0x00000000c4b00000, 0x00000000eb600000)
  object space 41984K, 30% used [0x00000000c2200000,0x00000000c2e650e0,0x00000000c4b00000)
 PSPermGen       total 28160K, used 27827K [0x00000000b7c00000, 0x00000000b9780000, 0x00000000c2200000)
  object space 28160K, 98% used [0x00000000b7c00000,0x00000000b972cda8,0x00000000b9780000)
Event: 10,685 GC heap after
Heap after GC invocations=5 (full 0):
 PSYoungGen      total 68096K, used 2544K [0x00000000eb600000, 0x00000000f4900000, 0x0000000100000000)
  eden space 65536K, 0% used [0x00000000eb600000,0x00000000eb600000,0x00000000ef600000)
  from space 2560K, 99% used [0x00000000ef600000,0x00000000ef87c010,0x00000000ef880000)
  to   space 9728K, 0% used [0x00000000f3f80000,0x00000000f3f80000,0x00000000f4900000)
 ParOldGen       total 41984K, used 18264K [0x00000000c2200000, 0x00000000c4b00000, 0x00000000eb600000)
  object space 41984K, 43% used [0x00000000c2200000,0x00000000c33d6390,0x00000000c4b00000)
 PSPermGen       total 28160K, used 27827K [0x00000000b7c00000, 0x00000000b9780000, 0x00000000c2200000)
  object space 28160K, 98% used [0x00000000b7c00000,0x00000000b972cda8,0x00000000b9780000)
}
Event: 17,485 GC heap before
{Heap before GC invocations=6 (full 0):
 PSYoungGen      total 68096K, used 68080K [0x00000000eb600000, 0x00000000f4900000, 0x0000000100000000)
  eden space 65536K, 100% used [0x00000000eb600000,0x00000000ef600000,0x00000000ef600000)
  from space 2560K, 99% used [0x00000000ef600000,0x00000000ef87c010,0x00000000ef880000)
  to   space 9728K, 0% used [0x00000000f3f80000,0x00000000f3f80000,0x00000000f4900000)
 ParOldGen       total 41984K, used 18264K [0x00000000c2200000, 0x00000000c4b00000, 0x00000000eb600000)
  object space 41984K, 43% used [0x00000000c2200000,0x00000000c33d6390,0x00000000c4b00000)
 PSPermGen       total 32256K, used 32041K [0x00000000b7c00000, 0x00000000b9b80000, 0x00000000c2200000)
  object space 32256K, 99% used [0x00000000b7c00000,0x00000000b9b4a630,0x00000000b9b80000)
Event: 17,643 GC heap after
Heap after GC invocations=6 (full 0):
 PSYoungGen      total 140800K, used 6946K [0x00000000eb600000, 0x00000000f4900000, 0x0000000100000000)
  eden space 131072K, 0% used [0x00000000eb600000,0x00000000eb600000,0x00000000f3600000)
  from space 9728K, 71% used [0x00000000f3f80000,0x00000000f4648b70,0x00000000f4900000)
  to   space 9728K, 0% used [0x00000000f3600000,0x00000000f3600000,0x00000000f3f80000)
 ParOldGen       total 41984K, used 18264K [0x00000000c2200000, 0x00000000c4b00000, 0x00000000eb600000)
  object space 41984K, 43% used [0x00000000c2200000,0x00000000c33d6390,0x00000000c4b00000)
 PSPermGen       total 32256K, used 32041K [0x00000000b7c00000, 0x00000000b9b80000, 0x00000000c2200000)
  object space 32256K, 99% used [0x00000000b7c00000,0x00000000b9b4a630,0x00000000b9b80000)
}
Event: 23,261 GC heap before
{Heap before GC invocations=7 (full 0):
 PSYoungGen      total 140800K, used 138018K [0x00000000eb600000, 0x00000000f4900000, 0x0000000100000000)
  eden space 131072K, 100% used [0x00000000eb600000,0x00000000f3600000,0x00000000f3600000)
  from space 9728K, 71% used [0x00000000f3f80000,0x00000000f4648b70,0x00000000f4900000)
  to   space 9728K, 0% used [0x00000000f3600000,0x00000000f3600000,0x00000000f3f80000)
 ParOldGen       total 41984K, used 18264K [0x00000000c2200000, 0x00000000c4b00000, 0x00000000eb600000)
  object space 41984K, 43% used [0x00000000c2200000,0x00000000c33d6390,0x00000000c4b00000)
 PSPermGen       total 33280K, used 33253K [0x00000000b7c00000, 0x00000000b9c80000, 0x00000000c2200000)
  object space 33280K, 99% used [0x00000000b7c00000,0x00000000b9c79440,0x00000000b9c80000)
Event: 23,312 GC heap after
Heap after GC invocations=7 (full 0):
 PSYoungGen      total 140800K, used 3584K [0x00000000eb600000, 0x00000000fc900000, 0x0000000100000000)
  eden space 131072K, 0% used [0x00000000eb600000,0x00000000eb600000,0x00000000f3600000)
  from space 9728K, 36% used [0x00000000f3600000,0x00000000f3980010,0x00000000f3f80000)
  to   space 9728K, 0% used [0x00000000fbf80000,0x00000000fbf80000,0x00000000fc900000)
 ParOldGen       total 41984K, used 19558K [0x00000000c2200000, 0x00000000c4b00000, 0x00000000eb600000)
  object space 41984K, 46% used [0x00000000c2200000,0x00000000c3519870,0x00000000c4b00000)
 PSPermGen       total 33280K, used 33253K [0x00000000b7c00000, 0x00000000b9c80000, 0x00000000c2200000)
  object space 33280K, 99% used [0x00000000b7c00000,0x00000000b9c79440,0x00000000b9c80000)
}
Event: 23,895 GC heap before
{Heap before GC invocations=8 (full 0):
 PSYoungGen      total 140800K, used 134656K [0x00000000eb600000, 0x00000000fc900000, 0x0000000100000000)
  eden space 131072K, 100% used [0x00000000eb600000,0x00000000f3600000,0x00000000f3600000)
  from space 9728K, 36% used [0x00000000f3600000,0x00000000f3980010,0x00000000f3f80000)
  to   space 9728K, 0% used [0x00000000fbf80000,0x00000000fbf80000,0x00000000fc900000)
 ParOldGen       total 41984K, used 19558K [0x00000000c2200000, 0x00000000c4b00000, 0x00000000eb600000)
  object space 41984K, 46% used [0x00000000c2200000,0x00000000c3519870,0x00000000c4b00000)
 PSPermGen       total 33280K, used 33254K [0x00000000b7c00000, 0x00000000b9c80000, 0x00000000c2200000)
  object space 33280K, 99% used [0x00000000b7c00000,0x00000000b9c79a30,0x00000000b9c80000)
Event: 24,074 GC heap after
Heap after GC invocations=8 (full 0):
 PSYoungGen      total 271360K, used 2176K [0x00000000eb600000, 0x00000000fca00000, 0x0000000100000000)
  eden space 261632K, 0% used [0x00000000eb600000,0x00000000eb600000,0x00000000fb580000)
  from space 9728K, 22% used [0x00000000fbf80000,0x00000000fc1a0010,0x00000000fc900000)
  to   space 10240K, 0% used [0x00000000fb580000,0x00000000fb580000,0x00000000fbf80000)
 ParOldGen       total 41984K, used 20329K [0x00000000c2200000, 0x00000000c4b00000, 0x00000000eb600000)
  object space 41984K, 48% used [0x00000000c2200000,0x00000000c35da6d8,0x00000000c4b00000)
 PSPermGen       total 33280K, used 33254K [0x00000000b7c00000, 0x00000000b9c80000, 0x00000000c2200000)
  object space 33280K, 99% used [0x00000000b7c00000,0x00000000b9c79a30,0x00000000b9c80000)
}
Event: 59,566 GC heap before
{Heap before GC invocations=9 (full 0):
 PSYoungGen      total 271360K, used 263808K [0x00000000eb600000, 0x00000000fca00000, 0x0000000100000000)
  eden space 261632K, 100% used [0x00000000eb600000,0x00000000fb580000,0x00000000fb580000)
  from space 9728K, 22% used [0x00000000fbf80000,0x00000000fc1a0010,0x00000000fc900000)
  to   space 10240K, 0% used [0x00000000fb580000,0x00000000fb580000,0x00000000fbf80000)
 ParOldGen       total 41984K, used 20329K [0x00000000c2200000, 0x00000000c4b00000, 0x00000000eb600000)
  object space 41984K, 48% used [0x00000000c2200000,0x00000000c35da6d8,0x00000000c4b00000)
 PSPermGen       total 39936K, used 39869K [0x00000000b7c00000, 0x00000000ba300000, 0x00000000c2200000)
  object space 39936K, 99% used [0x00000000b7c00000,0x00000000ba2ef5d8,0x00000000ba300000)

Deoptimization events (10 events):
Event: 28,267 Thread 0x00007f82b41aa000 Uncommon trap: reason=class_check action=maybe_recompile pc=0x00007f82b1073910 method=clojure.lang.RT.longCast(Ljava/lang/Object;)J @ 8
Event: 29,679 Thread 0x00007f8288176000 Uncommon trap: reason=bimorphic action=maybe_recompile pc=0x00007f82b10f04e4 method=clojure.lang.RT.assoc(Ljava/lang/Object;Ljava/lang/Object;Ljava/lang/Object;)Lclojure/lang/Associative; @ 30
Event: 29,679 Thread 0x00007f8288176000 Uncommon trap: reason=bimorphic action=maybe_recompile pc=0x00007f82b10f04e4 method=clojure.lang.RT.assoc(Ljava/lang/Object;Ljava/lang/Object;Ljava/lang/Object;)Lclojure/lang/Associative; @ 30
Event: 29,679 Thread 0x00007f8288176000 Uncommon trap: reason=bimorphic action=maybe_recompile pc=0x00007f82b10f04e4 method=clojure.lang.RT.assoc(Ljava/lang/Object;Ljava/lang/Object;Ljava/lang/Object;)Lclojure/lang/Associative; @ 30
Event: 29,679 Thread 0x00007f8288176000 Uncommon trap: reason=bimorphic action=maybe_recompile pc=0x00007f82b10f04e4 method=clojure.lang.RT.assoc(Ljava/lang/Object;Ljava/lang/Object;Ljava/lang/Object;)Lclojure/lang/Associative; @ 30
Event: 29,679 Thread 0x00007f8288176000 Uncommon trap: reason=bimorphic action=maybe_recompile pc=0x00007f82b10e0690 method=clojure.lang.RT.assoc(Ljava/lang/Object;Ljava/lang/Object;Ljava/lang/Object;)Lclojure/lang/Associative; @ 30
Event: 31,962 Thread 0x00007f8288406800 Uncommon trap: reason=unstable_if action=reinterpret pc=0x00007f82b1197b30 method=org.json.simple.parser.Yylex.zzUnpackCMap(Ljava/lang/String;)[C @ 48
Event: 31,968 Thread 0x00007f8288406800 Uncommon trap: reason=unstable_if action=reinterpret pc=0x00007f82b1177e60 method=java.lang.Long.parseLong(Ljava/lang/String;I)J @ 124
Event: 33,572 Thread 0x00007f82882f9000 Uncommon trap: reason=unstable_if action=reinterpret pc=0x00007f82b10c52bc method=clojure.core$str.invoke(Ljava/lang/Object;)Ljava/lang/Object; @ 5
Event: 36,855 Thread 0x00007f82882b8800 Uncommon trap: reason=unstable_if action=reinterpret pc=0x00007f82b109ce74 method=sun.nio.cs.UTF_8$Encoder.encodeArrayLoop(Ljava/nio/CharBuffer;Ljava/nio/ByteBuffer;)Ljava/nio/charset/CoderResult; @ 113

Internal exceptions (10 events):
Event: 36,504 Thread 0x00007f8288406800 Threw 0x00000000f4664d00 at /build/openjdk-7-HVzwJZ/openjdk-7-7u95-2.6.4/build/openjdk/hotspot/src/share/vm/prims/jvm.cpp:1322
Event: 36,508 Thread 0x00007f8288406800 Threw 0x00000000f46696e0 at /build/openjdk-7-HVzwJZ/openjdk-7-7u95-2.6.4/build/openjdk/hotspot/src/share/vm/prims/jvm.cpp:1322
Event: 36,835 Thread 0x00007f82b4ff8800 Threw 0x00000000f4a31eb0 at /build/openjdk-7-HVzwJZ/openjdk-7-7u95-2.6.4/build/openjdk/hotspot/src/share/vm/prims/jvm.cpp:1322
Event: 37,633 Thread 0x00007f8288406800 Threw 0x00000000f4e559b8 at /build/openjdk-7-HVzwJZ/openjdk-7-7u95-2.6.4/build/openjdk/hotspot/src/share/vm/prims/jvm.cpp:1322
Event: 38,525 Thread 0x00007f8288406800 Threw 0x00000000f50aae28 at /build/openjdk-7-HVzwJZ/openjdk-7-7u95-2.6.4/build/openjdk/hotspot/src/share/vm/prims/jvm.cpp:1322
Event: 38,526 Thread 0x00007f8288406800 Threw 0x00000000f50b7240 at /build/openjdk-7-HVzwJZ/openjdk-7-7u95-2.6.4/build/openjdk/hotspot/src/share/vm/prims/jvm.cpp:1322
Event: 38,533 Thread 0x00007f8288406800 Threw 0x00000000f50bf050 at /build/openjdk-7-HVzwJZ/openjdk-7-7u95-2.6.4/build/openjdk/hotspot/src/share/vm/prims/jvm.cpp:1322
Event: 38,533 Thread 0x00007f8288406800 Threw 0x00000000f50c38c8 at /build/openjdk-7-HVzwJZ/openjdk-7-7u95-2.6.4/build/openjdk/hotspot/src/share/vm/prims/jvm.cpp:1322
Event: 38,534 Thread 0x00007f8288406800 Threw 0x00000000f50c8bb0 at /build/openjdk-7-HVzwJZ/openjdk-7-7u95-2.6.4/build/openjdk/hotspot/src/share/vm/prims/jvm.cpp:1322
Event: 39,321 Thread 0x00007f82882b8800 Threw 0x00000000f536e2a0 at /build/openjdk-7-HVzwJZ/openjdk-7-7u95-2.6.4/build/openjdk/hotspot/src/share/vm/prims/jvm.cpp:1322

Events (10 events):
Event: 47,303 Thread 0x00007f82b40a8800 flushing nmethod 0x00007f82b108f510
Event: 48,238 Thread 0x00007f82b40a8800 flushing nmethod 0x00007f82b10ae7d0
Event: 48,755 Thread 0x00007f82b40ab000 flushing nmethod 0x00007f82b10bbad0
Event: 48,776 Thread 0x00007f82b40a8800 flushing nmethod 0x00007f82b10cb2d0
Event: 55,341 Thread 0x00007f82b40a8800 flushing nmethod 0x00007f82b113e790
Event: 55,341 Thread 0x00007f82b40a8800 flushing nmethod 0x00007f82b11428d0
Event: 55,343 Thread 0x00007f82b40a8800 flushing nmethod 0x00007f82b1151f50
Event: 58,651 Thread 0x00007f82b40a8800 flushing nmethod 0x00007f82b10e0390
Event: 58,689 Thread 0x00007f82b40a8800 flushing nmethod 0x00007f82b10f01d0
Event: 59,529 Executing VM operation: ParallelGCFailedAllocation


Dynamic libraries:
00400000-00401000 r-xp 00000000 08:01 11941                              /usr/lib/jvm/java-7-openjdk-amd64/jre/bin/java
00600000-00601000 r--p 00000000 08:01 11941                              /usr/lib/jvm/java-7-openjdk-amd64/jre/bin/java
00601000-00602000 rw-p 00001000 08:01 11941                              /usr/lib/jvm/java-7-openjdk-amd64/jre/bin/java
0087e000-008c1000 rw-p 00000000 00:00 0                                  [heap]
b7c00000-ba300000 rw-p 00000000 00:00 0 
ba300000-c2200000 rw-p 00000000 00:00 0 
c2200000-c4b00000 rw-p 00000000 00:00 0 
c4b00000-eb600000 rw-p 00000000 00:00 0 
eb600000-fca00000 rw-p 00000000 00:00 0 
7f8270000000-7f8270021000 rw-p 00000000 00:00 0 
7f8270021000-7f8274000000 ---p 00000000 00:00 0 
7f8274588000-7f827458b000 ---p 00000000 00:00 0 
7f827458b000-7f8274689000 rw-p 00000000 00:00 0                          [stack:21335]
7f8274689000-7f827468c000 ---p 00000000 00:00 0 
7f827468c000-7f827478a000 rw-p 00000000 00:00 0                          [stack:21334]
7f827478a000-7f827478d000 ---p 00000000 00:00 0 
7f827478d000-7f827488b000 rw-p 00000000 00:00 0                          [stack:21333]
7f827488b000-7f827488e000 ---p 00000000 00:00 0 
7f827488e000-7f827498c000 rw-p 00000000 00:00 0                          [stack:21332]
7f827498c000-7f827498f000 ---p 00000000 00:00 0 
7f827498f000-7f8274a8d000 rw-p 00000000 00:00 0                          [stack:21331]
7f8274a8d000-7f8274a90000 ---p 00000000 00:00 0 
7f8274a90000-7f8274b8e000 rw-p 00000000 00:00 0                          [stack:21330]
7f8274b8e000-7f8274b91000 ---p 00000000 00:00 0 
7f8274b91000-7f8274c8f000 rw-p 00000000 00:00 0                          [stack:21329]
7f8274c8f000-7f8274c92000 ---p 00000000 00:00 0 
7f8274c92000-7f8274d90000 rw-p 00000000 00:00 0                          [stack:21328]
7f8274d90000-7f8274d93000 ---p 00000000 00:00 0 
7f8274d93000-7f8274e91000 rw-p 00000000 00:00 0                          [stack:21327]
7f8274e91000-7f8274e94000 ---p 00000000 00:00 0 
7f8274e94000-7f8274f92000 rw-p 00000000 00:00 0                          [stack:21326]
7f8274f92000-7f8274f95000 ---p 00000000 00:00 0 
7f8274f95000-7f8275093000 rw-p 00000000 00:00 0                          [stack:21325]
7f8275093000-7f8275096000 ---p 00000000 00:00 0 
7f8275096000-7f8275194000 rw-p 00000000 00:00 0                          [stack:21324]
7f8275194000-7f8275197000 ---p 00000000 00:00 0 
7f8275197000-7f8275295000 rw-p 00000000 00:00 0                          [stack:21323]
7f8275295000-7f8275298000 ---p 00000000 00:00 0 
7f8275298000-7f8275396000 rw-p 00000000 00:00 0                          [stack:21322]
7f8275396000-7f8275399000 ---p 00000000 00:00 0 
7f8275399000-7f8275497000 rw-p 00000000 00:00 0                          [stack:21321]
7f8275497000-7f827549a000 ---p 00000000 00:00 0 
7f827549a000-7f8275598000 rw-p 00000000 00:00 0                          [stack:21320]
7f8275598000-7f827559b000 ---p 00000000 00:00 0 
7f827559b000-7f8275699000 rw-p 00000000 00:00 0                          [stack:21319]
7f8275699000-7f827569c000 ---p 00000000 00:00 0 
7f827569c000-7f827579a000 rw-p 00000000 00:00 0                          [stack:21318]
7f827579a000-7f827579d000 ---p 00000000 00:00 0 
7f827579d000-7f827589b000 rw-p 00000000 00:00 0                          [stack:21317]
7f827589b000-7f827589e000 ---p 00000000 00:00 0 
7f827589e000-7f827599c000 rw-p 00000000 00:00 0                          [stack:21316]
7f827599c000-7f827599f000 ---p 00000000 00:00 0 
7f827599f000-7f8275a9d000 rw-p 00000000 00:00 0                          [stack:21315]
7f8275a9d000-7f8275aa0000 ---p 00000000 00:00 0 
7f8275aa0000-7f8275b9e000 rw-p 00000000 00:00 0                          [stack:21314]
7f8275b9e000-7f8275ba1000 ---p 00000000 00:00 0 
7f8275ba1000-7f8275c9f000 rw-p 00000000 00:00 0                          [stack:21313]
7f8275c9f000-7f8275ca2000 ---p 00000000 00:00 0 
7f8275ca2000-7f8275da0000 rw-p 00000000 00:00 0                          [stack:21312]
7f8275da0000-7f8275da3000 ---p 00000000 00:00 0 
7f8275da3000-7f8275ea1000 rw-p 00000000 00:00 0                          [stack:21311]
7f8275ea1000-7f8275ea4000 ---p 00000000 00:00 0 
7f8275ea4000-7f8275fa2000 rw-p 00000000 00:00 0                          [stack:21310]
7f8275fa2000-7f8275fa5000 ---p 00000000 00:00 0 
7f8275fa5000-7f82760a3000 rw-p 00000000 00:00 0                          [stack:21309]
7f82760a3000-7f82760a6000 ---p 00000000 00:00 0 
7f82760a6000-7f82761a4000 rw-p 00000000 00:00 0                          [stack:21308]
7f82761a4000-7f82761a7000 ---p 00000000 00:00 0 
7f82761a7000-7f82762a5000 rw-p 00000000 00:00 0                          [stack:21305]
7f82762a5000-7f82762a8000 ---p 00000000 00:00 0 
7f82762a8000-7f82763a6000 rw-p 00000000 00:00 0                          [stack:21304]
7f82763a6000-7f82763a9000 ---p 00000000 00:00 0 
7f82763a9000-7f82764a7000 rw-p 00000000 00:00 0                          [stack:21303]
7f82764a7000-7f82764aa000 ---p 00000000 00:00 0 
7f82764aa000-7f82765a8000 rw-p 00000000 00:00 0                          [stack:21307]
7f82765a8000-7f82765ab000 ---p 00000000 00:00 0 
7f82765ab000-7f82766a9000 rw-p 00000000 00:00 0                          [stack:21306]
7f82766a9000-7f82766ac000 ---p 00000000 00:00 0 
7f82766ac000-7f82767aa000 rw-p 00000000 00:00 0                          [stack:21302]
7f82767aa000-7f82768e9000 r--s 01142000 08:01 525235                     /home/massih/IdeaProjects/dataCategorizer/target/data-categorizaer-storm-1.0-SNAPSHOT-jar-with-dependencies.jar
7f82768e9000-7f82768ec000 ---p 00000000 00:00 0 
7f82768ec000-7f82769ea000 rw-p 00000000 00:00 0                          [stack:21297]
7f82769ea000-7f82769ed000 ---p 00000000 00:00 0 
7f82769ed000-7f8276aeb000 rw-p 00000000 00:00 0                          [stack:21296]
7f8276aeb000-7f8276aee000 ---p 00000000 00:00 0 
7f8276aee000-7f8276bec000 rw-p 00000000 00:00 0                          [stack:21294]
7f8276bec000-7f8276bef000 ---p 00000000 00:00 0 
7f8276bef000-7f8276ced000 rw-p 00000000 00:00 0                          [stack:21293]
7f8276ced000-7f8276cf0000 ---p 00000000 00:00 0 
7f8276cf0000-7f8276dee000 rw-p 00000000 00:00 0                          [stack:21292]
7f8276dee000-7f8276df1000 ---p 00000000 00:00 0 
7f8276df1000-7f8276eef000 rw-p 00000000 00:00 0                          [stack:21295]
7f8276eef000-7f8276ef2000 ---p 00000000 00:00 0 
7f8276ef2000-7f8276ff0000 rw-p 00000000 00:00 0                          [stack:21291]
7f8276ff0000-7f8276ff3000 ---p 00000000 00:00 0 
7f8276ff3000-7f82770f1000 rw-p 00000000 00:00 0                          [stack:21286]
7f82770f1000-7f82770f4000 ---p 00000000 00:00 0 
7f82770f4000-7f82771f2000 rw-p 00000000 00:00 0                          [stack:21285]
7f82771f2000-7f82771f5000 ---p 00000000 00:00 0 
7f82771f5000-7f82772f3000 rw-p 00000000 00:00 0                          [stack:21282]
7f82772f3000-7f82772f6000 ---p 00000000 00:00 0 
7f82772f6000-7f82773f4000 rw-p 00000000 00:00 0                          [stack:21281]
7f82773f4000-7f82773f7000 ---p 00000000 00:00 0 
7f82773f7000-7f82774f5000 rw-p 00000000 00:00 0                          [stack:21283]
7f82774f5000-7f82774f8000 ---p 00000000 00:00 0 
7f82774f8000-7f82775f6000 rw-p 00000000 00:00 0                          [stack:21279]
7f82775f6000-7f82775f9000 ---p 00000000 00:00 0 
7f82775f9000-7f82776f7000 rw-p 00000000 00:00 0                          [stack:21284]
7f82776f7000-7f82776fa000 ---p 00000000 00:00 0 
7f82776fa000-7f82777f8000 rw-p 00000000 00:00 0                          [stack:21280]
7f82777f8000-7f82777fb000 ---p 00000000 00:00 0 
7f82777fb000-7f82778f9000 rw-p 00000000 00:00 0                          [stack:21270]
7f82778f9000-7f82778fc000 ---p 00000000 00:00 0 
7f82778fc000-7f82779fa000 rw-p 00000000 00:00 0                          [stack:21271]
7f82779fa000-7f82779fd000 ---p 00000000 00:00 0 
7f82779fd000-7f8277afb000 rw-p 00000000 00:00 0                          [stack:21274]
7f8277afb000-7f8277afe000 ---p 00000000 00:00 0 
7f8277afe000-7f8277bfc000 rw-p 00000000 00:00 0                          [stack:21272]
7f8277bfc000-7f8277bff000 ---p 00000000 00:00 0 
7f8277bff000-7f8277cfd000 rw-p 00000000 00:00 0                          [stack:21265]
7f8277cfd000-7f8277d00000 ---p 00000000 00:00 0 
7f8277d00000-7f8277dfe000 rw-p 00000000 00:00 0                          [stack:21262]
7f8277dfe000-7f8277e01000 ---p 00000000 00:00 0 
7f8277e01000-7f8277eff000 rw-p 00000000 00:00 0                          [stack:21263]
7f8277eff000-7f8277f02000 ---p 00000000 00:00 0 
7f8277f02000-7f8278000000 rw-p 00000000 00:00 0                          [stack:21273]
7f8278000000-7f8278021000 rw-p 00000000 00:00 0 
7f8278021000-7f827c000000 ---p 00000000 00:00 0 
7f827c000000-7f827c050000 rw-p 00000000 00:00 0 
7f827c050000-7f8280000000 ---p 00000000 00:00 0 
7f8280000000-7f8280022000 rw-p 00000000 00:00 0 
7f8280022000-7f8284000000 ---p 00000000 00:00 0 
7f8284000000-7f8284062000 rw-p 00000000 00:00 0 
7f8284062000-7f8288000000 ---p 00000000 00:00 0 
7f8288000000-7f828894c000 rw-p 00000000 00:00 0 
7f828894c000-7f828c000000 ---p 00000000 00:00 0 
7f828c000000-7f828c021000 rw-p 00000000 00:00 0 
7f828c021000-7f8290000000 ---p 00000000 00:00 0 
7f8290000000-7f8290021000 rw-p 00000000 00:00 0 
7f8290021000-7f8294000000 ---p 00000000 00:00 0 
7f8294000000-7f8294b48000 rw-p 00000000 00:00 0 
7f8294b48000-7f8298000000 ---p 00000000 00:00 0 
7f8298000000-7f8298021000 rw-p 00000000 00:00 0 
7f8298021000-7f829c000000 ---p 00000000 00:00 0 
7f829c000000-7f829c046000 rw-p 00000000 00:00 0 
7f829c046000-7f82a0000000 ---p 00000000 00:00 0 
7f82a0000000-7f82a0043000 rw-p 00000000 00:00 0 
7f82a0043000-7f82a4000000 ---p 00000000 00:00 0 
7f82a4000000-7f82a40d2000 rw-p 00000000 00:00 0 
7f82a40d2000-7f82a8000000 ---p 00000000 00:00 0 
7f82a8000000-7f82a817d000 rw-p 00000000 00:00 0 
7f82a817d000-7f82ac000000 ---p 00000000 00:00 0 
7f82ac0d1000-7f82ac0d4000 ---p 00000000 00:00 0 
7f82ac0d4000-7f82ac1d2000 rw-p 00000000 00:00 0                          [stack:21257]
7f82ac1d2000-7f82ac1d5000 ---p 00000000 00:00 0 
7f82ac1d5000-7f82ac2d3000 rw-p 00000000 00:00 0                          [stack:21254]
7f82ac2d3000-7f82ac2d6000 ---p 00000000 00:00 0 
7f82ac2d6000-7f82ac3d4000 rw-p 00000000 00:00 0                          [stack:21255]
7f82ac3d4000-7f82ac3d7000 ---p 00000000 00:00 0 
7f82ac3d7000-7f82ac4d5000 rw-p 00000000 00:00 0                          [stack:21264]
7f82ac4d5000-7f82ac4d8000 ---p 00000000 00:00 0 
7f82ac4d8000-7f82ac5d6000 rw-p 00000000 00:00 0                          [stack:21256]
7f82ac5d6000-7f82ac5d9000 ---p 00000000 00:00 0 
7f82ac5d9000-7f82ac6d7000 rw-p 00000000 00:00 0                          [stack:21249]
7f82ac6d7000-7f82ac6da000 ---p 00000000 00:00 0 
7f82ac6da000-7f82ac7d8000 rw-p 00000000 00:00 0                          [stack:21248]
7f82ac7d8000-7f82ac7db000 ---p 00000000 00:00 0 
7f82ac7db000-7f82ac8d9000 rw-p 00000000 00:00 0                          [stack:21247]
7f82ac8d9000-7f82ac8dc000 ---p 00000000 00:00 0 
7f82ac8dc000-7f82ac9da000 rw-p 00000000 00:00 0                          [stack:21246]
7f82ac9da000-7f82ac9dd000 ---p 00000000 00:00 0 
7f82ac9dd000-7f82acadb000 rw-p 00000000 00:00 0                          [stack:21245]
7f82acadb000-7f82acade000 ---p 00000000 00:00 0 
7f82acade000-7f82acbdc000 rw-p 00000000 00:00 0                          [stack:21244]
7f82acbdc000-7f82acbdf000 ---p 00000000 00:00 0 
7f82acbdf000-7f82accdd000 rw-p 00000000 00:00 0                          [stack:21243]
7f82accdd000-7f82acce0000 ---p 00000000 00:00 0 
7f82acce0000-7f82ace0f000 rw-p 00000000 00:00 0                          [stack:21242]
7f82ace0f000-7f82ace4c000 r-xp 00000000 08:01 394131                     /lib/x86_64-linux-gnu/libpcre.so.3.13.1
7f82ace4c000-7f82ad04b000 ---p 0003d000 08:01 394131                     /lib/x86_64-linux-gnu/libpcre.so.3.13.1
7f82ad04b000-7f82ad04c000 r--p 0003c000 08:01 394131                     /lib/x86_64-linux-gnu/libpcre.so.3.13.1
7f82ad04c000-7f82ad04d000 rw-p 0003d000 08:01 394131                     /lib/x86_64-linux-gnu/libpcre.so.3.13.1
7f82ad04d000-7f82ad054000 r-xp 00000000 08:01 1771                       /usr/lib/x86_64-linux-gnu/libffi.so.6.0.1
7f82ad054000-7f82ad253000 ---p 00007000 08:01 1771                       /usr/lib/x86_64-linux-gnu/libffi.so.6.0.1
7f82ad253000-7f82ad254000 r--p 00006000 08:01 1771                       /usr/lib/x86_64-linux-gnu/libffi.so.6.0.1
7f82ad254000-7f82ad255000 rw-p 00007000 08:01 1771                       /usr/lib/x86_64-linux-gnu/libffi.so.6.0.1
7f82ad255000-7f82ad26c000 r-xp 00000000 08:01 419652                     /lib/x86_64-linux-gnu/libresolv-2.19.so
7f82ad26c000-7f82ad46c000 ---p 00017000 08:01 419652                     /lib/x86_64-linux-gnu/libresolv-2.19.so
7f82ad46c000-7f82ad46d000 r--p 00017000 08:01 419652                     /lib/x86_64-linux-gnu/libresolv-2.19.so
7f82ad46d000-7f82ad46e000 rw-p 00018000 08:01 419652                     /lib/x86_64-linux-gnu/libresolv-2.19.so
7f82ad46e000-7f82ad470000 rw-p 00000000 00:00 0 
7f82ad470000-7f82ad490000 r-xp 00000000 08:01 399152                     /lib/x86_64-linux-gnu/libselinux.so.1
7f82ad490000-7f82ad68f000 ---p 00020000 08:01 399152                     /lib/x86_64-linux-gnu/libselinux.so.1
7f82ad68f000-7f82ad690000 r--p 0001f000 08:01 399152                     /lib/x86_64-linux-gnu/libselinux.so.1
7f82ad690000-7f82ad691000 rw-p 00020000 08:01 399152                     /lib/x86_64-linux-gnu/libselinux.so.1
7f82ad691000-7f82ad693000 rw-p 00000000 00:00 0 
7f82ad693000-7f82ad696000 r-xp 00000000 08:01 11705                      /usr/lib/x86_64-linux-gnu/libgmodule-2.0.so.0.4002.0
7f82ad696000-7f82ad895000 ---p 00003000 08:01 11705                      /usr/lib/x86_64-linux-gnu/libgmodule-2.0.so.0.4002.0
7f82ad895000-7f82ad896000 r--p 00002000 08:01 11705                      /usr/lib/x86_64-linux-gnu/libgmodule-2.0.so.0.4002.0
7f82ad896000-7f82ad897000 rw-p 00003000 08:01 11705                      /usr/lib/x86_64-linux-gnu/libgmodule-2.0.so.0.4002.0
7f82ad897000-7f82ad99d000 r-xp 00000000 08:01 399052                     /lib/x86_64-linux-gnu/libglib-2.0.so.0.4002.0
7f82ad99d000-7f82adb9c000 ---p 00106000 08:01 399052                     /lib/x86_64-linux-gnu/libglib-2.0.so.0.4002.0
7f82adb9c000-7f82adb9d000 r--p 00105000 08:01 399052                     /lib/x86_64-linux-gnu/libglib-2.0.so.0.4002.0
7f82adb9d000-7f82adb9e000 rw-p 00106000 08:01 399052                     /lib/x86_64-linux-gnu/libglib-2.0.so.0.4002.0
7f82adb9e000-7f82adb9f000 rw-p 00000000 00:00 0 
7f82adb9f000-7f82adbee000 r-xp 00000000 08:01 11729                      /usr/lib/x86_64-linux-gnu/libgobject-2.0.so.0.4002.0
7f82adbee000-7f82addee000 ---p 0004f000 08:01 11729                      /usr/lib/x86_64-linux-gnu/libgobject-2.0.so.0.4002.0
7f82addee000-7f82addef000 r--p 0004f000 08:01 11729                      /usr/lib/x86_64-linux-gnu/libgobject-2.0.so.0.4002.0
7f82addef000-7f82addf0000 rw-p 00050000 08:01 11729                      /usr/lib/x86_64-linux-gnu/libgobject-2.0.so.0.4002.0
7f82addf0000-7f82adf5c000 r-xp 00000000 08:01 11691                      /usr/lib/x86_64-linux-gnu/libgio-2.0.so.0.4002.0
7f82adf5c000-7f82ae15b000 ---p 0016c000 08:01 11691                      /usr/lib/x86_64-linux-gnu/libgio-2.0.so.0.4002.0
7f82ae15b000-7f82ae15f000 r--p 0016b000 08:01 11691                      /usr/lib/x86_64-linux-gnu/libgio-2.0.so.0.4002.0
7f82ae15f000-7f82ae161000 rw-p 0016f000 08:01 11691                      /usr/lib/x86_64-linux-gnu/libgio-2.0.so.0.4002.0
7f82ae161000-7f82ae163000 rw-p 00000000 00:00 0 
7f82ae175000-7f82ae176000 rw-p 00000000 00:00 0 
7f82ae176000-7f82ae17a000 r--s 0004f000 08:01 27628                      /usr/lib/jvm/java-7-openjdk-amd64/jre/lib/jsse.jar
7f82ae17a000-7f82ae184000 r--s 000ae000 08:01 24994                      /usr/lib/jvm/java-7-openjdk-amd64/jre/lib/resources.jar
7f82ae184000-7f82ae19b000 r-xp 00000000 08:01 20739                      /usr/lib/jvm/java-7-openjdk-amd64/jre/lib/amd64/libnet.so
7f82ae19b000-7f82ae39a000 ---p 00017000 08:01 20739                      /usr/lib/jvm/java-7-openjdk-amd64/jre/lib/amd64/libnet.so
7f82ae39a000-7f82ae39b000 r--p 00016000 08:01 20739                      /usr/lib/jvm/java-7-openjdk-amd64/jre/lib/amd64/libnet.so
7f82ae39b000-7f82ae39c000 rw-p 00017000 08:01 20739                      /usr/lib/jvm/java-7-openjdk-amd64/jre/lib/amd64/libnet.so
7f82ae39c000-7f82ae3ac000 r-xp 00000000 08:01 24387                      /usr/lib/jvm/java-7-openjdk-amd64/jre/lib/amd64/libnio.so
7f82ae3ac000-7f82ae5ac000 ---p 00010000 08:01 24387                      /usr/lib/jvm/java-7-openjdk-amd64/jre/lib/amd64/libnio.so
7f82ae5ac000-7f82ae5ad000 r--p 00010000 08:01 24387                      /usr/lib/jvm/java-7-openjdk-amd64/jre/lib/amd64/libnio.so
7f82ae5ad000-7f82ae5ae000 rw-p 00011000 08:01 24387                      /usr/lib/jvm/java-7-openjdk-amd64/jre/lib/amd64/libnio.so
7f82ae5ae000-7f82ae5b6000 r-xp 00000000 08:01 22795                      /usr/lib/jvm/java-7-openjdk-amd64/jre/lib/amd64/libmanagement.so
7f82ae5b6000-7f82ae7b5000 ---p 00008000 08:01 22795                      /usr/lib/jvm/java-7-openjdk-amd64/jre/lib/amd64/libmanagement.so
7f82ae7b5000-7f82ae7b6000 r--p 00007000 08:01 22795                      /usr/lib/jvm/java-7-openjdk-amd64/jre/lib/amd64/libmanagement.so
7f82ae7b6000-7f82ae7b7000 rw-p 00008000 08:01 22795                      /usr/lib/jvm/java-7-openjdk-amd64/jre/lib/amd64/libmanagement.so
7f82ae7b7000-7f82ae7eb000 rw-p 00000000 00:00 0 
7f82ae7eb000-7f82ae92a000 r--s 01142000 08:01 525235                     /home/massih/IdeaProjects/dataCategorizer/target/data-categorizaer-storm-1.0-SNAPSHOT-jar-with-dependencies.jar
7f82ae92a000-7f82ae92c000 r--s 0000b000 08:01 48715                      /usr/local/storm/lib/disruptor-2.10.4.jar
7f82ae92c000-7f82ae92e000 r--s 0000f000 08:01 48711                      /usr/local/storm/lib/reflectasm-1.07-shaded.jar
7f82ae92e000-7f82ae96d000 r--s 00340000 08:01 48714                      /usr/local/storm/lib/clojure-1.6.0.jar
7f82ae96d000-7f82ae96f000 r--s 00018000 08:01 48722                      /usr/local/storm/lib/servlet-api-2.5.jar
7f82ae96f000-7f82ae975000 r--s 00053000 08:01 48710                      /usr/local/storm/lib/kryo-2.21.jar
7f82ae975000-7f82ae987000 r--s 000b8000 08:01 48717                      /usr/local/storm/lib/log4j-core-2.1.jar
7f82ae987000-7f82ae989000 r--s 00000000 08:01 48713                      /usr/local/storm/lib/minlog-1.2.jar
7f82ae989000-7f82ae98c000 r--s 0001e000 08:01 48716                      /usr/local/storm/lib/log4j-api-2.1.jar
7f82ae98c000-7f82ae98e000 r--s 00004000 08:01 48718                      /usr/local/storm/lib/log4j-slf4j-impl-2.1.jar
7f82ae98e000-7f82ae990000 r--s 0000b000 08:01 48721                      /usr/local/storm/lib/hadoop-auth-2.4.0.jar
7f82ae990000-7f82aeadf000 r--s 00e48000 08:01 48709                      /usr/local/storm/lib/storm-core-0.10.0.jar
7f82aeadf000-7f82aeae0000 ---p 00000000 00:00 0 
7f82aeae0000-7f82b1000000 rw-p 00000000 00:00 0                          [stack:21241]
7f82b1000000-7f82b1270000 rwxp 00000000 00:00 0 
7f82b1270000-7f82b512e000 rw-p 00000000 00:00 0 
7f82b512e000-7f82b8000000 ---p 00000000 00:00 0 
7f82b8000000-7f82b8002000 r--s 00004000 08:01 48720                      /usr/local/storm/lib/log4j-over-slf4j-1.6.6.jar
7f82b8002000-7f82b8004000 r--s 0000a000 08:01 48712                      /usr/local/storm/lib/asm-4.0.jar
7f82b8004000-7f82b8033000 rw-p 00000000 00:00 0 
7f82b8033000-7f82b8036000 ---p 00000000 00:00 0 
7f82b8036000-7f82b8134000 rw-p 00000000 00:00 0                          [stack:21240]
7f82b8134000-7f82b8137000 ---p 00000000 00:00 0 
7f82b8137000-7f82b8235000 rw-p 00000000 00:00 0                          [stack:21239]
7f82b8235000-7f82b8238000 ---p 00000000 00:00 0 
7f82b8238000-7f82b8336000 rw-p 00000000 00:00 0                          [stack:21238]
7f82b8336000-7f82b8339000 ---p 00000000 00:00 0 
7f82b8339000-7f82b8437000 rw-p 00000000 00:00 0                          [stack:21237]
7f82b8437000-7f82b8831000 r--p 00000000 08:01 10151                      /usr/lib/locale/locale-archive
7f82b8831000-7f82b8834000 ---p 00000000 00:00 0 
7f82b8834000-7f82b8932000 rw-p 00000000 00:00 0                          [stack:21236]
7f82b8932000-7f82b8935000 ---p 00000000 00:00 0 
7f82b8935000-7f82b8a33000 rw-p 00000000 00:00 0                          [stack:21235]
7f82b8a33000-7f82b8a34000 ---p 00000000 00:00 0 
7f82b8a34000-7f82b94e9000 rw-p 00000000 00:00 0                          [stack:21234]
7f82b94e9000-7f82b969a000 r--s 01d30000 08:01 26286                      /usr/lib/jvm/java-7-openjdk-amd64/jre/lib/rt.jar
7f82b969a000-7f82b99d5000 rw-p 00000000 00:00 0 
7f82b99d5000-7f82b99d6000 ---p 00000000 00:00 0 
7f82b99d6000-7f82b9ad6000 rw-p 00000000 00:00 0                          [stack:21233]
7f82b9ad6000-7f82b9ad7000 ---p 00000000 00:00 0 
7f82b9ad7000-7f82b9beb000 rw-p 00000000 00:00 0                          [stack:21232]
7f82b9beb000-7f82b9c2a000 rw-p 00000000 00:00 0 
7f82b9c2a000-7f82b9c3f000 rw-p 00000000 00:00 0 
7f82b9c3f000-7f82b9d74000 rw-p 00000000 00:00 0 
7f82b9d74000-7f82b9d88000 rw-p 00000000 00:00 0 
7f82b9d88000-7f82b9dc7000 rw-p 00000000 00:00 0 
7f82b9dc7000-7f82b9ddc000 rw-p 00000000 00:00 0 
7f82b9ddc000-7f82b9f11000 rw-p 00000000 00:00 0 
7f82b9f11000-7f82b9f9b000 rw-p 00000000 00:00 0 
7f82b9f9b000-7f82b9fb6000 rw-p 00000000 00:00 0 
7f82b9fb6000-7f82b9fb7000 rw-p 00000000 00:00 0 
7f82b9fb7000-7f82b9fbf000 r-xp 00000000 08:01 21935                      /usr/lib/jvm/java-7-openjdk-amd64/jre/lib/amd64/libzip.so
7f82b9fbf000-7f82ba1be000 ---p 00008000 08:01 21935                      /usr/lib/jvm/java-7-openjdk-amd64/jre/lib/amd64/libzip.so
7f82ba1be000-7f82ba1bf000 r--p 00007000 08:01 21935                      /usr/lib/jvm/java-7-openjdk-amd64/jre/lib/amd64/libzip.so
7f82ba1bf000-7f82ba1c0000 rw-p 00008000 08:01 21935                      /usr/lib/jvm/java-7-openjdk-amd64/jre/lib/amd64/libzip.so
7f82ba1c0000-7f82ba1cb000 r-xp 00000000 08:01 424200                     /lib/x86_64-linux-gnu/libnss_files-2.19.so
7f82ba1cb000-7f82ba3ca000 ---p 0000b000 08:01 424200                     /lib/x86_64-linux-gnu/libnss_files-2.19.so
7f82ba3ca000-7f82ba3cb000 r--p 0000a000 08:01 424200                     /lib/x86_64-linux-gnu/libnss_files-2.19.so
7f82ba3cb000-7f82ba3cc000 rw-p 0000b000 08:01 424200                     /lib/x86_64-linux-gnu/libnss_files-2.19.so
7f82ba3cc000-7f82ba3d7000 r-xp 00000000 08:01 424157                     /lib/x86_64-linux-gnu/libnss_nis-2.19.so
7f82ba3d7000-7f82ba5d6000 ---p 0000b000 08:01 424157                     /lib/x86_64-linux-gnu/libnss_nis-2.19.so
7f82ba5d6000-7f82ba5d7000 r--p 0000a000 08:01 424157                     /lib/x86_64-linux-gnu/libnss_nis-2.19.so
7f82ba5d7000-7f82ba5d8000 rw-p 0000b000 08:01 424157                     /lib/x86_64-linux-gnu/libnss_nis-2.19.so
7f82ba5d8000-7f82ba5ef000 r-xp 00000000 08:01 424050                     /lib/x86_64-linux-gnu/libnsl-2.19.so
7f82ba5ef000-7f82ba7ee000 ---p 00017000 08:01 424050                     /lib/x86_64-linux-gnu/libnsl-2.19.so
7f82ba7ee000-7f82ba7ef000 r--p 00016000 08:01 424050                     /lib/x86_64-linux-gnu/libnsl-2.19.so
7f82ba7ef000-7f82ba7f0000 rw-p 00017000 08:01 424050                     /lib/x86_64-linux-gnu/libnsl-2.19.so
7f82ba7f0000-7f82ba7f2000 rw-p 00000000 00:00 0 
7f82ba7f2000-7f82ba7fb000 r-xp 00000000 08:01 424046                     /lib/x86_64-linux-gnu/libnss_compat-2.19.so
7f82ba7fb000-7f82ba9fa000 ---p 00009000 08:01 424046                     /lib/x86_64-linux-gnu/libnss_compat-2.19.so
7f82ba9fa000-7f82ba9fb000 r--p 00008000 08:01 424046                     /lib/x86_64-linux-gnu/libnss_compat-2.19.so
7f82ba9fb000-7f82ba9fc000 rw-p 00009000 08:01 424046                     /lib/x86_64-linux-gnu/libnss_compat-2.19.so
7f82ba9fc000-7f82baa27000 r-xp 00000000 08:01 12885                      /usr/lib/jvm/java-7-openjdk-amd64/jre/lib/amd64/libjava.so
7f82baa27000-7f82bac27000 ---p 0002b000 08:01 12885                      /usr/lib/jvm/java-7-openjdk-amd64/jre/lib/amd64/libjava.so
7f82bac27000-7f82bac28000 r--p 0002b000 08:01 12885                      /usr/lib/jvm/java-7-openjdk-amd64/jre/lib/amd64/libjava.so
7f82bac28000-7f82bac2a000 rw-p 0002c000 08:01 12885                      /usr/lib/jvm/java-7-openjdk-amd64/jre/lib/amd64/libjava.so
7f82bac2a000-7f82bac3a000 r-xp 00000000 08:01 19413                      /usr/lib/jvm/java-7-openjdk-amd64/jre/lib/amd64/libverify.so
7f82bac3a000-7f82bae39000 ---p 00010000 08:01 19413                      /usr/lib/jvm/java-7-openjdk-amd64/jre/lib/amd64/libverify.so
7f82bae39000-7f82bae3b000 r--p 0000f000 08:01 19413                      /usr/lib/jvm/java-7-openjdk-amd64/jre/lib/amd64/libverify.so
7f82bae3b000-7f82bae3c000 rw-p 00011000 08:01 19413                      /usr/lib/jvm/java-7-openjdk-amd64/jre/lib/amd64/libverify.so
7f82bae3c000-7f82bae43000 r-xp 00000000 08:01 424161                     /lib/x86_64-linux-gnu/librt-2.19.so
7f82bae43000-7f82bb042000 ---p 00007000 08:01 424161                     /lib/x86_64-linux-gnu/librt-2.19.so
7f82bb042000-7f82bb043000 r--p 00006000 08:01 424161                     /lib/x86_64-linux-gnu/librt-2.19.so
7f82bb043000-7f82bb044000 rw-p 00007000 08:01 424161                     /lib/x86_64-linux-gnu/librt-2.19.so
7f82bb044000-7f82bb05a000 r-xp 00000000 08:01 403323                     /lib/x86_64-linux-gnu/libgcc_s.so.1
7f82bb05a000-7f82bb259000 ---p 00016000 08:01 403323                     /lib/x86_64-linux-gnu/libgcc_s.so.1
7f82bb259000-7f82bb25a000 rw-p 00015000 08:01 403323                     /lib/x86_64-linux-gnu/libgcc_s.so.1
7f82bb25a000-7f82bb35f000 r-xp 00000000 08:01 423565                     /lib/x86_64-linux-gnu/libm-2.19.so
7f82bb35f000-7f82bb55e000 ---p 00105000 08:01 423565                     /lib/x86_64-linux-gnu/libm-2.19.so
7f82bb55e000-7f82bb55f000 r--p 00104000 08:01 423565                     /lib/x86_64-linux-gnu/libm-2.19.so
7f82bb55f000-7f82bb560000 rw-p 00105000 08:01 423565                     /lib/x86_64-linux-gnu/libm-2.19.so
7f82bb560000-7f82bb646000 r-xp 00000000 08:01 7166                       /usr/lib/x86_64-linux-gnu/libstdc++.so.6.0.19
7f82bb646000-7f82bb845000 ---p 000e6000 08:01 7166                       /usr/lib/x86_64-linux-gnu/libstdc++.so.6.0.19
7f82bb845000-7f82bb84d000 r--p 000e5000 08:01 7166                       /usr/lib/x86_64-linux-gnu/libstdc++.so.6.0.19
7f82bb84d000-7f82bb84f000 rw-p 000ed000 08:01 7166                       /usr/lib/x86_64-linux-gnu/libstdc++.so.6.0.19
7f82bb84f000-7f82bb864000 rw-p 00000000 00:00 0 
7f82bb864000-7f82bc388000 r-xp 00000000 08:01 21177                      /usr/lib/jvm/java-7-openjdk-amd64/jre/lib/amd64/server/libjvm.so
7f82bc388000-7f82bc588000 ---p 00b24000 08:01 21177                      /usr/lib/jvm/java-7-openjdk-amd64/jre/lib/amd64/server/libjvm.so
7f82bc588000-7f82bc622000 r--p 00b24000 08:01 21177                      /usr/lib/jvm/java-7-openjdk-amd64/jre/lib/amd64/server/libjvm.so
7f82bc622000-7f82bc645000 rw-p 00bbe000 08:01 21177                      /usr/lib/jvm/java-7-openjdk-amd64/jre/lib/amd64/server/libjvm.so
7f82bc645000-7f82bc673000 rw-p 00000000 00:00 0 
7f82bc673000-7f82bc68b000 r-xp 00000000 08:01 399185                     /lib/x86_64-linux-gnu/libz.so.1.2.8
7f82bc68b000-7f82bc88a000 ---p 00018000 08:01 399185                     /lib/x86_64-linux-gnu/libz.so.1.2.8
7f82bc88a000-7f82bc88b000 r--p 00017000 08:01 399185                     /lib/x86_64-linux-gnu/libz.so.1.2.8
7f82bc88b000-7f82bc88c000 rw-p 00018000 08:01 399185                     /lib/x86_64-linux-gnu/libz.so.1.2.8
7f82bc88c000-7f82bc8a5000 r-xp 00000000 08:01 424105                     /lib/x86_64-linux-gnu/libpthread-2.19.so
7f82bc8a5000-7f82bcaa4000 ---p 00019000 08:01 424105                     /lib/x86_64-linux-gnu/libpthread-2.19.so
7f82bcaa4000-7f82bcaa5000 r--p 00018000 08:01 424105                     /lib/x86_64-linux-gnu/libpthread-2.19.so
7f82bcaa5000-7f82bcaa6000 rw-p 00019000 08:01 424105                     /lib/x86_64-linux-gnu/libpthread-2.19.so
7f82bcaa6000-7f82bcaaa000 rw-p 00000000 00:00 0 
7f82bcaaa000-7f82bcaad000 r-xp 00000000 08:01 423865                     /lib/x86_64-linux-gnu/libdl-2.19.so
7f82bcaad000-7f82bccac000 ---p 00003000 08:01 423865                     /lib/x86_64-linux-gnu/libdl-2.19.so
7f82bccac000-7f82bccad000 r--p 00002000 08:01 423865                     /lib/x86_64-linux-gnu/libdl-2.19.so
7f82bccad000-7f82bccae000 rw-p 00003000 08:01 423865                     /lib/x86_64-linux-gnu/libdl-2.19.so
7f82bccae000-7f82bce69000 r-xp 00000000 08:01 424162                     /lib/x86_64-linux-gnu/libc-2.19.so
7f82bce69000-7f82bd068000 ---p 001bb000 08:01 424162                     /lib/x86_64-linux-gnu/libc-2.19.so
7f82bd068000-7f82bd06c000 r--p 001ba000 08:01 424162                     /lib/x86_64-linux-gnu/libc-2.19.so
7f82bd06c000-7f82bd06e000 rw-p 001be000 08:01 424162                     /lib/x86_64-linux-gnu/libc-2.19.so
7f82bd06e000-7f82bd073000 rw-p 00000000 00:00 0 
7f82bd073000-7f82bd080000 r-xp 00000000 08:01 23852                      /usr/lib/jvm/java-7-openjdk-amd64/jre/lib/amd64/jli/libjli.so
7f82bd080000-7f82bd27f000 ---p 0000d000 08:01 23852                      /usr/lib/jvm/java-7-openjdk-amd64/jre/lib/amd64/jli/libjli.so
7f82bd27f000-7f82bd280000 r--p 0000c000 08:01 23852                      /usr/lib/jvm/java-7-openjdk-amd64/jre/lib/amd64/jli/libjli.so
7f82bd280000-7f82bd281000 rw-p 0000d000 08:01 23852                      /usr/lib/jvm/java-7-openjdk-amd64/jre/lib/amd64/jli/libjli.so
7f82bd281000-7f82bd2a4000 r-xp 00000000 08:01 424155                     /lib/x86_64-linux-gnu/ld-2.19.so
7f82bd2a4000-7f82bd2a6000 r--s 00006000 08:01 48719                      /usr/local/storm/lib/slf4j-api-1.7.7.jar
7f82bd2a6000-7f82bd2a8000 r--s 00006000 08:01 304295                     /usr/share/java/java-atk-wrapper.jar
7f82bd2a8000-7f82bd2ac000 r--s 0003c000 08:01 27111                      /usr/lib/jvm/java-7-openjdk-amd64/jre/lib/ext/sunpkcs11.jar
7f82bd2ac000-7f82bd2ad000 r--s 00002000 08:01 26672                      /usr/lib/jvm/java-7-openjdk-amd64/jre/lib/ext/dnsns.jar
7f82bd2ad000-7f82bd2b1000 r--s 00085000 08:01 26680                      /usr/lib/jvm/java-7-openjdk-amd64/jre/lib/ext/localedata.jar
7f82bd2b1000-7f82bd2b4000 r--s 0000f000 08:01 26679                      /usr/lib/jvm/java-7-openjdk-amd64/jre/lib/ext/icedtea-sound.jar
7f82bd2b4000-7f82bd2b6000 r--s 00012000 08:01 26673                      /usr/lib/jvm/java-7-openjdk-amd64/jre/lib/ext/zipfs.jar
7f82bd2b6000-7f82bd2ba000 r--s 00034000 08:01 26674                      /usr/lib/jvm/java-7-openjdk-amd64/jre/lib/ext/sunjce_provider.jar
7f82bd2ba000-7f82bd2c4000 rw-p 00000000 00:00 0 
7f82bd2c4000-7f82bd37a000 rw-p 00000000 00:00 0 
7f82bd37a000-7f82bd37d000 ---p 00000000 00:00 0 
7f82bd37d000-7f82bd497000 rw-p 00000000 00:00 0                          [stack:21231]
7f82bd497000-7f82bd49f000 rw-s 00000000 08:01 186898                     /tmp/hsperfdata_massih/21191
7f82bd49f000-7f82bd4a0000 rw-p 00000000 00:00 0 
7f82bd4a0000-7f82bd4a1000 ---p 00000000 00:00 0 
7f82bd4a1000-7f82bd4a3000 rw-p 00000000 00:00 0 
7f82bd4a3000-7f82bd4a4000 r--p 00022000 08:01 424155                     /lib/x86_64-linux-gnu/ld-2.19.so
7f82bd4a4000-7f82bd4a5000 rw-p 00023000 08:01 424155                     /lib/x86_64-linux-gnu/ld-2.19.so
7f82bd4a5000-7f82bd4a6000 rw-p 00000000 00:00 0 
7fff25816000-7fff25838000 rw-p 00000000 00:00 0                          [stack]
7fff25981000-7fff25983000 r--p 00000000 00:00 0                          [vvar]
7fff25983000-7fff25985000 r-xp 00000000 00:00 0                          [vdso]
ffffffffff600000-ffffffffff601000 r-xp 00000000 00:00 0                  [vsyscall]

VM Arguments:
jvm_args: -Ddaemon.name= -Dstorm.options= -Dstorm.home=/usr/local/storm -Dstorm.log.dir=/usr/local/storm/logs -Djava.library.path=/usr/lib/jvm/java-7-openjdk-amd64/ -Dstorm.conf.file= -Dstorm.jar=target/data-categorizaer-storm-1.0-SNAPSHOT-jar-with-dependencies.jar 
java_command: com.minsumo.datacategorizer.DCtopology
Launcher Type: SUN_STANDARD

Environment Variables:
JAVA_HOME=/usr/lib/jvm/java-7-openjdk-amd64
PATH=/usr/local/sbin:/usr/local/bin:/usr/sbin:/usr/bin:/sbin:/bin:/usr/games:/usr/local/games:/usr/lib/jvm/java-7-openjdk-amd64/bin:/usr/local/zookeeper/bin:/usr/local/storm/bin:/home/massih/Downloads/apache-maven-3.3.9/bin:/media/massih/extended/idea-IU-145.597.3/bin
USERNAME=massih
SHELL=/bin/bash
DISPLAY=:0

Signal Handlers:
SIGSEGV: [libjvm.so+0x9548f0], sa_mask[0]=0x7ffbfeff, sa_flags=0x10000004
SIGBUS: [libjvm.so+0x9548f0], sa_mask[0]=0x7ffbfeff, sa_flags=0x10000004
SIGFPE: [libjvm.so+0x7cb0b0], sa_mask[0]=0x7ffbfeff, sa_flags=0x10000004
SIGPIPE: [libjvm.so+0x7cb0b0], sa_mask[0]=0x7ffbfeff, sa_flags=0x10000004
SIGXFSZ: [libjvm.so+0x7cb0b0], sa_mask[0]=0x7ffbfeff, sa_flags=0x10000004
SIGILL: [libjvm.so+0x7cb0b0], sa_mask[0]=0x7ffbfeff, sa_flags=0x10000004
SIGUSR1: SIG_DFL, sa_mask[0]=0x00000000, sa_flags=0x00000000
SIGUSR2: [libjvm.so+0x7caf50], sa_mask[0]=0x00000000, sa_flags=0x10000004
SIGHUP: [libjvm.so+0x7cb130], sa_mask[0]=0x7ffbfeff, sa_flags=0x10000004
SIGINT: [libjvm.so+0x7cb130], sa_mask[0]=0x7ffbfeff, sa_flags=0x10000004
SIGTERM: [libjvm.so+0x7cb130], sa_mask[0]=0x7ffbfeff, sa_flags=0x10000004
SIGQUIT: [libjvm.so+0x7cb130], sa_mask[0]=0x7ffbfeff, sa_flags=0x10000004
SIGTRAP: SIG_DFL, sa_mask[0]=0x00000000, sa_flags=0x00000000


---------------  S Y S T E M  ---------------

OS:LinuxMint 17.3 (rosa)
uname:Linux 3.19.0-32-generic #37~14.04.1-Ubuntu SMP Thu Oct 22 09:41:40 UTC 2015 x86_64
libc:glibc 2.19 NPTL 2.19 
rlimit: STACK 8192k, CORE 0k, NPROC 15684, NOFILE 4096, AS infinity
load average:3,75 1,57 0,81

/proc/meminfo:
MemTotal:        4047436 kB
MemFree:           86016 kB
MemAvailable:      26320 kB
Buffers:            1244 kB
Cached:           112540 kB
SwapCached:            0 kB
Active:          3756988 kB
Inactive:          96844 kB
Active(anon):    3740988 kB
Inactive(anon):    81736 kB
Active(file):      16000 kB
Inactive(file):    15108 kB
Unevictable:           0 kB
Mlocked:               0 kB
SwapTotal:             0 kB
SwapFree:              0 kB
Dirty:               212 kB
Writeback:             0 kB
AnonPages:       3740220 kB
Mapped:           106792 kB
Shmem:             82512 kB
Slab:              38500 kB
SReclaimable:      18420 kB
SUnreclaim:        20080 kB
KernelStack:       10304 kB
PageTables:        30856 kB
NFS_Unstable:          0 kB
Bounce:                0 kB
WritebackTmp:          0 kB
CommitLimit:     2023716 kB
Committed_AS:    7955148 kB
VmallocTotal:   34359738367 kB
VmallocUsed:       55404 kB
VmallocChunk:   34359618104 kB
HardwareCorrupted:     0 kB
AnonHugePages:   1753088 kB
CmaTotal:              0 kB
CmaFree:               0 kB
HugePages_Total:       0
HugePages_Free:        0
HugePages_Rsvd:        0
HugePages_Surp:        0
Hugepagesize:       2048 kB
DirectMap4k:       85952 kB
DirectMap2M:     4108288 kB


CPU:total 2 (2 cores per cpu, 1 threads per core) family 6 model 61 stepping 4, cmov, cx8, fxsr, mmx, sse, sse2, sse3, ssse3, sse4.1, sse4.2, popcnt, avx, aes, tsc, tscinvbit

/proc/cpuinfo:
processor	: 0
vendor_id	: GenuineIntel
cpu family	: 6
model		: 61
model name	: Intel(R) Core(TM) i5-5200U CPU @ 2.20GHz
stepping	: 4
cpu MHz		: 2194.918
cache size	: 3072 KB
physical id	: 0
siblings	: 2
core id		: 0
cpu cores	: 2
apicid		: 0
initial apicid	: 0
fpu		: yes
fpu_exception	: yes
cpuid level	: 20
wp		: yes
flags		: fpu vme de pse tsc msr pae mce cx8 apic sep mtrr pge mca cmov pat pse36 clflush mmx fxsr sse sse2 ht syscall nx rdtscp lm constant_tsc rep_good nopl xtopology nonstop_tsc pni pclmulqdq ssse3 cx16 sse4_1 sse4_2 movbe popcnt aes xsave avx rdrand hypervisor lahf_lm abm 3dnowprefetch rdseed
bugs		:
bogomips	: 4389.83
clflush size	: 64
cache_alignment	: 64
address sizes	: 39 bits physical, 48 bits virtual
power management:

processor	: 1
vendor_id	: GenuineIntel
cpu family	: 6
model		: 61
model name	: Intel(R) Core(TM) i5-5200U CPU @ 2.20GHz
stepping	: 4
cpu MHz		: 2194.918
cache size	: 3072 KB
physical id	: 0
siblings	: 2
core id		: 1
cpu cores	: 2
apicid		: 1
initial apicid	: 1
fpu		: yes
fpu_exception	: yes
cpuid level	: 20
wp		: yes
flags		: fpu vme de pse tsc msr pae mce cx8 apic sep mtrr pge mca cmov pat pse36 clflush mmx fxsr sse sse2 ht syscall nx rdtscp lm constant_tsc rep_good nopl xtopology nonstop_tsc pni pclmulqdq ssse3 cx16 sse4_1 sse4_2 movbe popcnt aes xsave avx rdrand hypervisor lahf_lm abm 3dnowprefetch rdseed
bugs		:
bogomips	: 4389.83
clflush size	: 64
cache_alignment	: 64
address sizes	: 39 bits physical, 48 bits virtual
power management:



Memory: 4k page, physical 4047436k(86016k free), swap 0k(0k free)

vm_info: OpenJDK 64-Bit Server VM (24.95-b01) for linux-amd64 JRE (1.7.0_95-b00), built on Mar 24 2016 06:13:32 by "buildd" with gcc 4.8.2

time: Fri Apr 22 13:40:01 2016
elapsed time: 59 seconds

