#
# There is insufficient memory for the Java Runtime Environment to continue.
# Native memory allocation (malloc) failed to allocate 126877696 bytes for committing reserved memory.
# Possible reasons:
#   The system is out of physical RAM or swap space
#   In 32 bit mode, the process size limit was hit
# Possible solutions:
#   Reduce memory load on the system
#   Increase physical memory or swap space
#   Check if swap backing store is full
#   Use 64 bit Java on a 64 bit OS
#   Decrease Java heap size (-Xmx/-Xms)
#   Decrease number of Java threads
#   Decrease Java thread stack sizes (-Xss)
#   Set larger code cache with -XX:ReservedCodeCacheSize=
# This output file may be truncated or incomplete.
#
#  Out of Memory Error (os_linux.cpp:2827), pid=6749, tid=140066203285248
#
# JRE version: OpenJDK Runtime Environment (7.0_95) (build 1.7.0_95-b00)
# Java VM: OpenJDK 64-Bit Server VM (24.95-b01 mixed mode linux-amd64 compressed oops)
# Derivative: IcedTea 2.6.4
# Distribution: Ubuntu 14.04 LTS, package 7u95-2.6.4-0ubuntu0.14.04.2
# Failed to write core dump. Core dumps have been disabled. To enable core dumping, try "ulimit -c unlimited" before starting Java again
#

---------------  T H R E A D  ---------------

Current thread (0x00007f63b00f8000):  VMThread [stack: 0x00007f63b43ab000,0x00007f63b44ac000] [id=6753]

Stack: [0x00007f63b43ab000,0x00007f63b44ac000],  sp=0x00007f63b44aa490,  free space=1021k
Native frames: (J=compiled Java code, j=interpreted, Vv=VM code, C=native code)
V  [libjvm.so+0x953e15]
V  [libjvm.so+0x48fd94]
V  [libjvm.so+0x7cf87b]
V  [libjvm.so+0x7ca33f]
V  [libjvm.so+0x83dacb]
V  [libjvm.so+0x83e930]
V  [libjvm.so+0x83f01b]
V  [libjvm.so+0x83b258]
V  [libjvm.so+0x83bac8]
V  [libjvm.so+0x7f2083]
V  [libjvm.so+0x955814]
V  [libjvm.so+0x959917]
V  [libjvm.so+0x9583d8]
V  [libjvm.so+0x958839]
V  [libjvm.so+0x958c82]
V  [libjvm.so+0x7cc742]

VM_Operation (0x00007f63b8d65710): ParallelGCFailedAllocation, mode: safepoint, requested by thread 0x00007f63b000a000


---------------  P R O C E S S  ---------------

Java Threads: ( => current thread )
  0x00007f63b024e800 JavaThread "kafka-producer-network-thread | producer-1" daemon [_thread_in_native, id=6761, stack(0x00007f63a895a000,0x00007f63a8a5b000)]
  0x00007f63b0134000 JavaThread "Service Thread" daemon [_thread_blocked, id=6759, stack(0x00007f63aa4e3000,0x00007f63aa5e4000)]
  0x00007f63b0131800 JavaThread "C2 CompilerThread1" daemon [_thread_blocked, id=6758, stack(0x00007f63aa5e4000,0x00007f63aa6e5000)]
  0x00007f63b012e800 JavaThread "C2 CompilerThread0" daemon [_thread_blocked, id=6757, stack(0x00007f63aa6e5000,0x00007f63aa7e6000)]
  0x00007f63b012c800 JavaThread "Signal Dispatcher" daemon [_thread_blocked, id=6756, stack(0x00007f63b40a8000,0x00007f63b41a9000)]
  0x00007f63b00fe800 JavaThread "Finalizer" daemon [_thread_blocked, id=6755, stack(0x00007f63b41a9000,0x00007f63b42aa000)]
  0x00007f63b00fc800 JavaThread "Reference Handler" daemon [_thread_blocked, id=6754, stack(0x00007f63b42aa000,0x00007f63b43ab000)]
  0x00007f63b000a000 JavaThread "main" [_thread_blocked, id=6750, stack(0x00007f63b8c66000,0x00007f63b8d67000)]

Other Threads:
=>0x00007f63b00f8000 VMThread [stack: 0x00007f63b43ab000,0x00007f63b44ac000] [id=6753]
  0x00007f63b013e800 WatcherThread [stack: 0x00007f63aa3e2000,0x00007f63aa4e3000] [id=6760]

VM state:at safepoint (normal execution)

VM Mutex/Monitor currently owned by a thread:  ([mutex/lock_event])
[0x00007f63b0006250] Threads_lock - owner thread: 0x00007f63b00f8000
[0x00007f63b0006750] Heap_lock - owner thread: 0x00007f63b000a000

Heap
 PSYoungGen      total 211968K, used 155K [0x00000000eb600000, 0x00000000f8700000, 0x0000000100000000)
  eden space 209920K, 0% used [0x00000000eb600000,0x00000000eb600000,0x00000000f8300000)
  from space 2048K, 7% used [0x00000000f8300000,0x00000000f8326cd0,0x00000000f8500000)
  to   space 2048K, 0% used [0x00000000f8500000,0x00000000f8500000,0x00000000f8700000)
 ParOldGen       total 41984K, used 928K [0x00000000c2200000, 0x00000000c4b00000, 0x00000000eb600000)
  object space 41984K, 2% used [0x00000000c2200000,0x00000000c22e80a0,0x00000000c4b00000)
 PSPermGen       total 21504K, used 6867K [0x00000000b7c00000, 0x00000000b9100000, 0x00000000c2200000)
  object space 21504K, 31% used [0x00000000b7c00000,0x00000000b82b4e30,0x00000000b9100000)

Card table byte_map: [0x00007f63b5661000,0x00007f63b58a4000] byte_map_base: 0x00007f63b50a3000

Polling page: 0x00007f63b8d8d000

Code Cache  [0x00007f63ad000000, 0x00007f63ad270000, 0x00007f63b0000000)
 total_blobs=296 nmethods=34 adapters=216 free_code_cache=48660Kb largest_free_block=49813056

Compilation events (10 events):
Event: 39,239 Thread 0x00007f63b0131800   30             java.lang.AbstractStringBuilder::append (48 bytes)
Event: 39,245 Thread 0x00007f63b0131800 nmethod 30 0x00007f63ad07b050 code [0x00007f63ad07b1c0, 0x00007f63ad07b578]
Event: 39,251 Thread 0x00007f63b012e800   31             java.util.Arrays::copyOfRange (63 bytes)
Event: 39,254 Thread 0x00007f63b012e800 nmethod 31 0x00007f63ad079510 code [0x00007f63ad079660, 0x00007f63ad079878]
Event: 39,255 Thread 0x00007f63b0131800   32             java.lang.String::<init> (67 bytes)
Event: 39,258 Thread 0x00007f63b0131800 nmethod 32 0x00007f63ad07aad0 code [0x00007f63ad07ac20, 0x00007f63ad07aeb8]
Event: 39,260 Thread 0x00007f63b0131800   33             java.lang.StringBuilder::append (8 bytes)
Event: 39,264 Thread 0x00007f63b0131800 nmethod 33 0x00007f63ad07a1d0 code [0x00007f63ad07a340, 0x00007f63ad07a6f8]
Event: 39,418 Thread 0x00007f63b012e800   34             java.util.HashMap$HashIterator::nextEntry (99 bytes)
Event: 39,421 Thread 0x00007f63b012e800 nmethod 34 0x00007f63ad07e4d0 code [0x00007f63ad07e620, 0x00007f63ad07e878]

GC Heap History (10 events):
Event: 38,993 GC heap after
Heap after GC invocations=6 (full 0):
 PSYoungGen      total 67584K, used 1074K [0x00000000eb600000, 0x00000000efa00000, 0x0000000100000000)
  eden space 65536K, 0% used [0x00000000eb600000,0x00000000eb600000,0x00000000ef600000)
  from space 2048K, 52% used [0x00000000ef800000,0x00000000ef90cb40,0x00000000efa00000)
  to   space 2048K, 0% used [0x00000000ef600000,0x00000000ef600000,0x00000000ef800000)
 ParOldGen       total 41984K, used 16K [0x00000000c2200000, 0x00000000c4b00000, 0x00000000eb600000)
  object space 41984K, 0% used [0x00000000c2200000,0x00000000c2204000,0x00000000c4b00000)
 PSPermGen       total 21504K, used 6865K [0x00000000b7c00000, 0x00000000b9100000, 0x00000000c2200000)
  object space 21504K, 31% used [0x00000000b7c00000,0x00000000b82b45e8,0x00000000b9100000)
}
Event: 39,203 GC heap before
{Heap before GC invocations=7 (full 0):
 PSYoungGen      total 67584K, used 66610K [0x00000000eb600000, 0x00000000efa00000, 0x0000000100000000)
  eden space 65536K, 100% used [0x00000000eb600000,0x00000000ef600000,0x00000000ef600000)
  from space 2048K, 52% used [0x00000000ef800000,0x00000000ef90cb40,0x00000000efa00000)
  to   space 2048K, 0% used [0x00000000ef600000,0x00000000ef600000,0x00000000ef800000)
 ParOldGen       total 41984K, used 16K [0x00000000c2200000, 0x00000000c4b00000, 0x00000000eb600000)
  object space 41984K, 0% used [0x00000000c2200000,0x00000000c2204000,0x00000000c4b00000)
 PSPermGen       total 21504K, used 6865K [0x00000000b7c00000, 0x00000000b9100000, 0x00000000c2200000)
  object space 21504K, 31% used [0x00000000b7c00000,0x00000000b82b45e8,0x00000000b9100000)
Event: 39,219 GC heap after
Heap after GC invocations=7 (full 0):
 PSYoungGen      total 67584K, used 93K [0x00000000eb600000, 0x00000000f3a00000, 0x0000000100000000)
  eden space 65536K, 0% used [0x00000000eb600000,0x00000000eb600000,0x00000000ef600000)
  from space 2048K, 4% used [0x00000000ef600000,0x00000000ef617620,0x00000000ef800000)
  to   space 2048K, 0% used [0x00000000f3800000,0x00000000f3800000,0x00000000f3a00000)
 ParOldGen       total 41984K, used 920K [0x00000000c2200000, 0x00000000c4b00000, 0x00000000eb600000)
  object space 41984K, 2% used [0x00000000c2200000,0x00000000c22e60a0,0x00000000c4b00000)
 PSPermGen       total 21504K, used 6865K [0x00000000b7c00000, 0x00000000b9100000, 0x00000000c2200000)
  object space 21504K, 31% used [0x00000000b7c00000,0x00000000b82b45e8,0x00000000b9100000)
}
Event: 39,259 GC heap before
{Heap before GC invocations=8 (full 0):
 PSYoungGen      total 67584K, used 65579K [0x00000000eb600000, 0x00000000f3a00000, 0x0000000100000000)
  eden space 65536K, 99% used [0x00000000eb600000,0x00000000ef5f39c8,0x00000000ef600000)
  from space 2048K, 4% used [0x00000000ef600000,0x00000000ef617620,0x00000000ef800000)
  to   space 2048K, 0% used [0x00000000f3800000,0x00000000f3800000,0x00000000f3a00000)
 ParOldGen       total 41984K, used 920K [0x00000000c2200000, 0x00000000c4b00000, 0x00000000eb600000)
  object space 41984K, 2% used [0x00000000c2200000,0x00000000c22e60a0,0x00000000c4b00000)
 PSPermGen       total 21504K, used 6866K [0x00000000b7c00000, 0x00000000b9100000, 0x00000000c2200000)
  object space 21504K, 31% used [0x00000000b7c00000,0x00000000b82b4b80,0x00000000b9100000)
Event: 39,260 GC heap after
Heap after GC invocations=8 (full 0):
 PSYoungGen      total 133120K, used 82K [0x00000000eb600000, 0x00000000f3a00000, 0x0000000100000000)
  eden space 131072K, 0% used [0x00000000eb600000,0x00000000eb600000,0x00000000f3600000)
  from space 2048K, 4% used [0x00000000f3800000,0x00000000f3814b70,0x00000000f3a00000)
  to   space 2048K, 0% used [0x00000000f3600000,0x00000000f3600000,0x00000000f3800000)
 ParOldGen       total 41984K, used 920K [0x00000000c2200000, 0x00000000c4b00000, 0x00000000eb600000)
  object space 41984K, 2% used [0x00000000c2200000,0x00000000c22e60a0,0x00000000c4b00000)
 PSPermGen       total 21504K, used 6866K [0x00000000b7c00000, 0x00000000b9100000, 0x00000000c2200000)
  object space 21504K, 31% used [0x00000000b7c00000,0x00000000b82b4b80,0x00000000b9100000)
}
Event: 39,490 GC heap before
{Heap before GC invocations=9 (full 0):
 PSYoungGen      total 133120K, used 131154K [0x00000000eb600000, 0x00000000f3a00000, 0x0000000100000000)
  eden space 131072K, 100% used [0x00000000eb600000,0x00000000f3600000,0x00000000f3600000)
  from space 2048K, 4% used [0x00000000f3800000,0x00000000f3814b70,0x00000000f3a00000)
  to   space 2048K, 0% used [0x00000000f3600000,0x00000000f3600000,0x00000000f3800000)
 ParOldGen       total 41984K, used 920K [0x00000000c2200000, 0x00000000c4b00000, 0x00000000eb600000)
  object space 41984K, 2% used [0x00000000c2200000,0x00000000c22e60a0,0x00000000c4b00000)
 PSPermGen       total 21504K, used 6866K [0x00000000b7c00000, 0x00000000b9100000, 0x00000000c2200000)
  object space 21504K, 31% used [0x00000000b7c00000,0x00000000b82b4b80,0x00000000b9100000)
Event: 39,497 GC heap after
Heap after GC invocations=9 (full 0):
 PSYoungGen      total 133120K, used 102K [0x00000000eb600000, 0x00000000f8700000, 0x0000000100000000)
  eden space 131072K, 0% used [0x00000000eb600000,0x00000000eb600000,0x00000000f3600000)
  from space 2048K, 4% used [0x00000000f3600000,0x00000000f3619988,0x00000000f3800000)
  to   space 2048K, 0% used [0x00000000f8500000,0x00000000f8500000,0x00000000f8700000)
 ParOldGen       total 41984K, used 920K [0x00000000c2200000, 0x00000000c4b00000, 0x00000000eb600000)
  object space 41984K, 2% used [0x00000000c2200000,0x00000000c22e60a0,0x00000000c4b00000)
 PSPermGen       total 21504K, used 6866K [0x00000000b7c00000, 0x00000000b9100000, 0x00000000c2200000)
  object space 21504K, 31% used [0x00000000b7c00000,0x00000000b82b4b80,0x00000000b9100000)
}
Event: 39,571 GC heap before
{Heap before GC invocations=10 (full 0):
 PSYoungGen      total 133120K, used 131147K [0x00000000eb600000, 0x00000000f8700000, 0x0000000100000000)
  eden space 131072K, 99% used [0x00000000eb600000,0x00000000f35f9598,0x00000000f3600000)
  from space 2048K, 4% used [0x00000000f3600000,0x00000000f3619988,0x00000000f3800000)
  to   space 2048K, 0% used [0x00000000f8500000,0x00000000f8500000,0x00000000f8700000)
 ParOldGen       total 41984K, used 920K [0x00000000c2200000, 0x00000000c4b00000, 0x00000000eb600000)
  object space 41984K, 2% used [0x00000000c2200000,0x00000000c22e60a0,0x00000000c4b00000)
 PSPermGen       total 21504K, used 6867K [0x00000000b7c00000, 0x00000000b9100000, 0x00000000c2200000)
  object space 21504K, 31% used [0x00000000b7c00000,0x00000000b82b4cf8,0x00000000b9100000)
Event: 39,577 GC heap after
Heap after GC invocations=10 (full 0):
 PSYoungGen      total 211968K, used 127K [0x00000000eb600000, 0x00000000f8700000, 0x0000000100000000)
  eden space 209920K, 0% used [0x00000000eb600000,0x00000000eb600000,0x00000000f8300000)
  from space 2048K, 6% used [0x00000000f8500000,0x00000000f851fde8,0x00000000f8700000)
  to   space 2048K, 0% used [0x00000000f8300000,0x00000000f8300000,0x00000000f8500000)
 ParOldGen       total 41984K, used 928K [0x00000000c2200000, 0x00000000c4b00000, 0x00000000eb600000)
  object space 41984K, 2% used [0x00000000c2200000,0x00000000c22e80a0,0x00000000c4b00000)
 PSPermGen       total 21504K, used 6867K [0x00000000b7c00000, 0x00000000b9100000, 0x00000000c2200000)
  object space 21504K, 31% used [0x00000000b7c00000,0x00000000b82b4cf8,0x00000000b9100000)
}
Event: 39,763 GC heap before
{Heap before GC invocations=11 (full 0):
 PSYoungGen      total 211968K, used 210047K [0x00000000eb600000, 0x00000000f8700000, 0x0000000100000000)
  eden space 209920K, 100% used [0x00000000eb600000,0x00000000f8300000,0x00000000f8300000)
  from space 2048K, 6% used [0x00000000f8500000,0x00000000f851fde8,0x00000000f8700000)
  to   space 2048K, 0% used [0x00000000f8300000,0x00000000f8300000,0x00000000f8500000)
 ParOldGen       total 41984K, used 928K [0x00000000c2200000, 0x00000000c4b00000, 0x00000000eb600000)
  object space 41984K, 2% used [0x00000000c2200000,0x00000000c22e80a0,0x00000000c4b00000)
 PSPermGen       total 21504K, used 6867K [0x00000000b7c00000, 0x00000000b9100000, 0x00000000c2200000)
  object space 21504K, 31% used [0x00000000b7c00000,0x00000000b82b4e30,0x00000000b9100000)

Deoptimization events (5 events):
Event: 0,316 Thread 0x00007f63b000a000 Uncommon trap: reason=unstable_if action=reinterpret pc=0x00007f63ad0634c0 method=java.util.Properties$LineReader.readLine()I @ 369
Event: 0,372 Thread 0x00007f63b000a000 Uncommon trap: reason=unstable_if action=reinterpret pc=0x00007f63ad060c34 method=java.lang.String.indexOf(II)I @ 49
Event: 0,521 Thread 0x00007f63b000a000 Uncommon trap: reason=unstable_if action=reinterpret pc=0x00007f63ad06c850 method=java.lang.String.indexOf([CII[CIII)I @ 134
Event: 0,522 Thread 0x00007f63b000a000 Uncommon trap: reason=unstable_if action=reinterpret pc=0x00007f63ad067a54 method=java.lang.String.replace(CC)Ljava/lang/String; @ 2
Event: 38,600 Thread 0x00007f63b000a000 Uncommon trap: reason=unstable_if action=reinterpret pc=0x00007f63ad07560c method=java.io.BufferedReader.readLine(Z)Ljava/lang/String; @ 137

Internal exceptions (10 events):
Event: 38,122 Thread 0x00007f63b000a000 Threw 0x00000000ebb5cbd0 at /build/openjdk-7-HVzwJZ/openjdk-7-7u95-2.6.4/build/openjdk/hotspot/src/share/vm/prims/jvm.cpp:1322
Event: 38,124 Thread 0x00007f63b000a000 Threw 0x00000000ebb5fcc8 at /build/openjdk-7-HVzwJZ/openjdk-7-7u95-2.6.4/build/openjdk/hotspot/src/share/vm/prims/jvm.cpp:1322
Event: 38,126 Thread 0x00007f63b000a000 Threw 0x00000000ebb661d8 at /build/openjdk-7-HVzwJZ/openjdk-7-7u95-2.6.4/build/openjdk/hotspot/src/share/vm/prims/jvm.cpp:1322
Event: 38,128 Thread 0x00007f63b000a000 Threw 0x00000000ebb69c30 at /build/openjdk-7-HVzwJZ/openjdk-7-7u95-2.6.4/build/openjdk/hotspot/src/share/vm/prims/jvm.cpp:1322
Event: 38,130 Thread 0x00007f63b000a000 Threw 0x00000000ebb82d88 at /build/openjdk-7-HVzwJZ/openjdk-7-7u95-2.6.4/build/openjdk/hotspot/src/share/vm/prims/jvm.cpp:1322
Event: 38,134 Thread 0x00007f63b000a000 Threw 0x00000000ebb87e58 at /build/openjdk-7-HVzwJZ/openjdk-7-7u95-2.6.4/build/openjdk/hotspot/src/share/vm/prims/jvm.cpp:1322
Event: 38,141 Thread 0x00007f63b024e800 Threw 0x00000000ebb3ed20 at /build/openjdk-7-HVzwJZ/openjdk-7-7u95-2.6.4/build/openjdk/hotspot/src/share/vm/prims/jvm.cpp:1322
Event: 38,141 Thread 0x00007f63b024e800 Threw 0x00000000ebb98420 at /build/openjdk-7-HVzwJZ/openjdk-7-7u95-2.6.4/build/openjdk/hotspot/src/share/vm/prims/jvm.cpp:1322
Event: 38,142 Thread 0x00007f63b024e800 Threw 0x00000000ebb9ce10 at /build/openjdk-7-HVzwJZ/openjdk-7-7u95-2.6.4/build/openjdk/hotspot/src/share/vm/prims/jvm.cpp:1322
Event: 38,144 Thread 0x00007f63b024e800 Threw 0x00000000ebba0798 at /build/openjdk-7-HVzwJZ/openjdk-7-7u95-2.6.4/build/openjdk/hotspot/src/share/vm/prims/jvm.cpp:1322

Events (10 events):
Event: 38,993 Executing VM operation: ParallelGCFailedAllocation done
Event: 39,203 Executing VM operation: ParallelGCFailedAllocation
Event: 39,219 Executing VM operation: ParallelGCFailedAllocation done
Event: 39,259 Executing VM operation: ParallelGCFailedAllocation
Event: 39,260 Executing VM operation: ParallelGCFailedAllocation done
Event: 39,490 Executing VM operation: ParallelGCFailedAllocation
Event: 39,497 Executing VM operation: ParallelGCFailedAllocation done
Event: 39,570 Executing VM operation: ParallelGCFailedAllocation
Event: 39,577 Executing VM operation: ParallelGCFailedAllocation done
Event: 39,763 Executing VM operation: ParallelGCFailedAllocation


Dynamic libraries:
00400000-00401000 r-xp 00000000 08:01 11941                              /usr/lib/jvm/java-7-openjdk-amd64/jre/bin/java
00600000-00601000 r--p 00000000 08:01 11941                              /usr/lib/jvm/java-7-openjdk-amd64/jre/bin/java
00601000-00602000 rw-p 00001000 08:01 11941                              /usr/lib/jvm/java-7-openjdk-amd64/jre/bin/java
01e5f000-01e80000 rw-p 00000000 00:00 0                                  [heap]
b7c00000-b9100000 rw-p 00000000 00:00 0 
b9100000-c2200000 rw-p 00000000 00:00 0 
c2200000-c4b00000 rw-p 00000000 00:00 0 
c4b00000-eb600000 rw-p 00000000 00:00 0 
eb600000-f8700000 rw-p 00000000 00:00 0 
7f637c000000-7f637c021000 rw-p 00000000 00:00 0 
7f637c021000-7f6380000000 ---p 00000000 00:00 0 
7f6380000000-7f638005e000 rw-p 00000000 00:00 0 
7f638005e000-7f6384000000 ---p 00000000 00:00 0 
7f6384000000-7f63841d4000 rw-p 00000000 00:00 0 
7f63841d4000-7f6388000000 ---p 00000000 00:00 0 
7f6388000000-7f6388021000 rw-p 00000000 00:00 0 
7f6388021000-7f638c000000 ---p 00000000 00:00 0 
7f638c000000-7f638c021000 rw-p 00000000 00:00 0 
7f638c021000-7f6390000000 ---p 00000000 00:00 0 
7f6390000000-7f63901c6000 rw-p 00000000 00:00 0 
7f63901c6000-7f6394000000 ---p 00000000 00:00 0 
7f6394000000-7f6394021000 rw-p 00000000 00:00 0 
7f6394021000-7f6398000000 ---p 00000000 00:00 0 
7f6398000000-7f6398021000 rw-p 00000000 00:00 0 
7f6398021000-7f639c000000 ---p 00000000 00:00 0 
7f639c000000-7f639c021000 rw-p 00000000 00:00 0 
7f639c021000-7f63a0000000 ---p 00000000 00:00 0 
7f63a0000000-7f63a0021000 rw-p 00000000 00:00 0 
7f63a0021000-7f63a4000000 ---p 00000000 00:00 0 
7f63a4000000-7f63a4021000 rw-p 00000000 00:00 0 
7f63a4021000-7f63a8000000 ---p 00000000 00:00 0 
7f63a895a000-7f63a895d000 ---p 00000000 00:00 0 
7f63a895d000-7f63a8a5b000 rw-p 00000000 00:00 0                          [stack:6761]
7f63a8a5b000-7f63a8a6b000 r-xp 00000000 08:01 24387                      /usr/lib/jvm/java-7-openjdk-amd64/jre/lib/amd64/libnio.so
7f63a8a6b000-7f63a8c6b000 ---p 00010000 08:01 24387                      /usr/lib/jvm/java-7-openjdk-amd64/jre/lib/amd64/libnio.so
7f63a8c6b000-7f63a8c6c000 r--p 00010000 08:01 24387                      /usr/lib/jvm/java-7-openjdk-amd64/jre/lib/amd64/libnio.so
7f63a8c6c000-7f63a8c6d000 rw-p 00011000 08:01 24387                      /usr/lib/jvm/java-7-openjdk-amd64/jre/lib/amd64/libnio.so
7f63a8c6d000-7f63a8caa000 r-xp 00000000 08:01 421732                     /lib/x86_64-linux-gnu/libpcre.so.3.13.1
7f63a8caa000-7f63a8ea9000 ---p 0003d000 08:01 421732                     /lib/x86_64-linux-gnu/libpcre.so.3.13.1
7f63a8ea9000-7f63a8eaa000 r--p 0003c000 08:01 421732                     /lib/x86_64-linux-gnu/libpcre.so.3.13.1
7f63a8eaa000-7f63a8eab000 rw-p 0003d000 08:01 421732                     /lib/x86_64-linux-gnu/libpcre.so.3.13.1
7f63a8eab000-7f63a8eb2000 r-xp 00000000 08:01 1771                       /usr/lib/x86_64-linux-gnu/libffi.so.6.0.1
7f63a8eb2000-7f63a90b1000 ---p 00007000 08:01 1771                       /usr/lib/x86_64-linux-gnu/libffi.so.6.0.1
7f63a90b1000-7f63a90b2000 r--p 00006000 08:01 1771                       /usr/lib/x86_64-linux-gnu/libffi.so.6.0.1
7f63a90b2000-7f63a90b3000 rw-p 00007000 08:01 1771                       /usr/lib/x86_64-linux-gnu/libffi.so.6.0.1
7f63a90b3000-7f63a90ca000 r-xp 00000000 08:01 419652                     /lib/x86_64-linux-gnu/libresolv-2.19.so
7f63a90ca000-7f63a92ca000 ---p 00017000 08:01 419652                     /lib/x86_64-linux-gnu/libresolv-2.19.so
7f63a92ca000-7f63a92cb000 r--p 00017000 08:01 419652                     /lib/x86_64-linux-gnu/libresolv-2.19.so
7f63a92cb000-7f63a92cc000 rw-p 00018000 08:01 419652                     /lib/x86_64-linux-gnu/libresolv-2.19.so
7f63a92cc000-7f63a92ce000 rw-p 00000000 00:00 0 
7f63a92ce000-7f63a92ee000 r-xp 00000000 08:01 399152                     /lib/x86_64-linux-gnu/libselinux.so.1
7f63a92ee000-7f63a94ed000 ---p 00020000 08:01 399152                     /lib/x86_64-linux-gnu/libselinux.so.1
7f63a94ed000-7f63a94ee000 r--p 0001f000 08:01 399152                     /lib/x86_64-linux-gnu/libselinux.so.1
7f63a94ee000-7f63a94ef000 rw-p 00020000 08:01 399152                     /lib/x86_64-linux-gnu/libselinux.so.1
7f63a94ef000-7f63a94f1000 rw-p 00000000 00:00 0 
7f63a94f1000-7f63a94f4000 r-xp 00000000 08:01 11705                      /usr/lib/x86_64-linux-gnu/libgmodule-2.0.so.0.4002.0
7f63a94f4000-7f63a96f3000 ---p 00003000 08:01 11705                      /usr/lib/x86_64-linux-gnu/libgmodule-2.0.so.0.4002.0
7f63a96f3000-7f63a96f4000 r--p 00002000 08:01 11705                      /usr/lib/x86_64-linux-gnu/libgmodule-2.0.so.0.4002.0
7f63a96f4000-7f63a96f5000 rw-p 00003000 08:01 11705                      /usr/lib/x86_64-linux-gnu/libgmodule-2.0.so.0.4002.0
7f63a96f5000-7f63a97fb000 r-xp 00000000 08:01 399052                     /lib/x86_64-linux-gnu/libglib-2.0.so.0.4002.0
7f63a97fb000-7f63a99fa000 ---p 00106000 08:01 399052                     /lib/x86_64-linux-gnu/libglib-2.0.so.0.4002.0
7f63a99fa000-7f63a99fb000 r--p 00105000 08:01 399052                     /lib/x86_64-linux-gnu/libglib-2.0.so.0.4002.0
7f63a99fb000-7f63a99fc000 rw-p 00106000 08:01 399052                     /lib/x86_64-linux-gnu/libglib-2.0.so.0.4002.0
7f63a99fc000-7f63a99fd000 rw-p 00000000 00:00 0 
7f63a99fd000-7f63a9a4c000 r-xp 00000000 08:01 11729                      /usr/lib/x86_64-linux-gnu/libgobject-2.0.so.0.4002.0
7f63a9a4c000-7f63a9c4c000 ---p 0004f000 08:01 11729                      /usr/lib/x86_64-linux-gnu/libgobject-2.0.so.0.4002.0
7f63a9c4c000-7f63a9c4d000 r--p 0004f000 08:01 11729                      /usr/lib/x86_64-linux-gnu/libgobject-2.0.so.0.4002.0
7f63a9c4d000-7f63a9c4e000 rw-p 00050000 08:01 11729                      /usr/lib/x86_64-linux-gnu/libgobject-2.0.so.0.4002.0
7f63a9c4e000-7f63a9dba000 r-xp 00000000 08:01 11691                      /usr/lib/x86_64-linux-gnu/libgio-2.0.so.0.4002.0
7f63a9dba000-7f63a9fb9000 ---p 0016c000 08:01 11691                      /usr/lib/x86_64-linux-gnu/libgio-2.0.so.0.4002.0
7f63a9fb9000-7f63a9fbd000 r--p 0016b000 08:01 11691                      /usr/lib/x86_64-linux-gnu/libgio-2.0.so.0.4002.0
7f63a9fbd000-7f63a9fbf000 rw-p 0016f000 08:01 11691                      /usr/lib/x86_64-linux-gnu/libgio-2.0.so.0.4002.0
7f63a9fbf000-7f63a9fc1000 rw-p 00000000 00:00 0 
7f63a9fc1000-7f63a9fd8000 r-xp 00000000 08:01 20739                      /usr/lib/jvm/java-7-openjdk-amd64/jre/lib/amd64/libnet.so
7f63a9fd8000-7f63aa1d7000 ---p 00017000 08:01 20739                      /usr/lib/jvm/java-7-openjdk-amd64/jre/lib/amd64/libnet.so
7f63aa1d7000-7f63aa1d8000 r--p 00016000 08:01 20739                      /usr/lib/jvm/java-7-openjdk-amd64/jre/lib/amd64/libnet.so
7f63aa1d8000-7f63aa1d9000 rw-p 00017000 08:01 20739                      /usr/lib/jvm/java-7-openjdk-amd64/jre/lib/amd64/libnet.so
7f63aa1d9000-7f63aa1e1000 r-xp 00000000 08:01 22795                      /usr/lib/jvm/java-7-openjdk-amd64/jre/lib/amd64/libmanagement.so
7f63aa1e1000-7f63aa3e0000 ---p 00008000 08:01 22795                      /usr/lib/jvm/java-7-openjdk-amd64/jre/lib/amd64/libmanagement.so
7f63aa3e0000-7f63aa3e1000 r--p 00007000 08:01 22795                      /usr/lib/jvm/java-7-openjdk-amd64/jre/lib/amd64/libmanagement.so
7f63aa3e1000-7f63aa3e2000 rw-p 00008000 08:01 22795                      /usr/lib/jvm/java-7-openjdk-amd64/jre/lib/amd64/libmanagement.so
7f63aa3e2000-7f63aa3e3000 ---p 00000000 00:00 0 
7f63aa3e3000-7f63aa4e3000 rw-p 00000000 00:00 0                          [stack:6760]
7f63aa4e3000-7f63aa4e6000 ---p 00000000 00:00 0 
7f63aa4e6000-7f63aa5e4000 rw-p 00000000 00:00 0                          [stack:6759]
7f63aa5e4000-7f63aa5e7000 ---p 00000000 00:00 0 
7f63aa5e7000-7f63aa6e5000 rw-p 00000000 00:00 0                          [stack:6758]
7f63aa6e5000-7f63aa6e8000 ---p 00000000 00:00 0 
7f63aa6e8000-7f63aa7e6000 rw-p 00000000 00:00 0                          [stack:6757]
7f63aa7e6000-7f63aabe0000 r--p 00000000 08:01 10151                      /usr/lib/locale/locale-archive
7f63aabe0000-7f63ad000000 rw-p 00000000 00:00 0 
7f63ad000000-7f63ad270000 rwxp 00000000 00:00 0 
7f63ad270000-7f63b027f000 rw-p 00000000 00:00 0 
7f63b027f000-7f63b4000000 ---p 00000000 00:00 0 
7f63b4099000-7f63b40a8000 r--s 0014d000 08:01 446612                     /home/massih/IdeaProjects/SumoReceiver/target/sumoReceiver
7f63b40a8000-7f63b40ab000 ---p 00000000 00:00 0 
7f63b40ab000-7f63b41a9000 rw-p 00000000 00:00 0                          [stack:6756]
7f63b41a9000-7f63b41ac000 ---p 00000000 00:00 0 
7f63b41ac000-7f63b42aa000 rw-p 00000000 00:00 0                          [stack:6755]
7f63b42aa000-7f63b42ad000 ---p 00000000 00:00 0 
7f63b42ad000-7f63b43ab000 rw-p 00000000 00:00 0                          [stack:6754]
7f63b43ab000-7f63b43ac000 ---p 00000000 00:00 0 
7f63b43ac000-7f63b4dfe000 rw-p 00000000 00:00 0                          [stack:6753]
7f63b4dfe000-7f63b4faf000 r--s 01d30000 08:01 26286                      /usr/lib/jvm/java-7-openjdk-amd64/jre/lib/rt.jar
7f63b4faf000-7f63b52c2000 rw-p 00000000 00:00 0 
7f63b52c2000-7f63b52c3000 ---p 00000000 00:00 0 
7f63b52c3000-7f63b53c3000 rw-p 00000000 00:00 0                          [stack:6752]
7f63b53c3000-7f63b53c4000 ---p 00000000 00:00 0 
7f63b53c4000-7f63b54cf000 rw-p 00000000 00:00 0                          [stack:6751]
7f63b54cf000-7f63b5517000 rw-p 00000000 00:00 0 
7f63b5517000-7f63b552c000 rw-p 00000000 00:00 0 
7f63b552c000-7f63b5661000 rw-p 00000000 00:00 0 
7f63b5661000-7f63b566c000 rw-p 00000000 00:00 0 
7f63b566c000-7f63b56b4000 rw-p 00000000 00:00 0 
7f63b56b4000-7f63b56c9000 rw-p 00000000 00:00 0 
7f63b56c9000-7f63b57fe000 rw-p 00000000 00:00 0 
7f63b57fe000-7f63b5867000 rw-p 00000000 00:00 0 
7f63b5867000-7f63b58a3000 rw-p 00000000 00:00 0 
7f63b58a3000-7f63b58a4000 rw-p 00000000 00:00 0 
7f63b58a4000-7f63b58ac000 r-xp 00000000 08:01 21935                      /usr/lib/jvm/java-7-openjdk-amd64/jre/lib/amd64/libzip.so
7f63b58ac000-7f63b5aab000 ---p 00008000 08:01 21935                      /usr/lib/jvm/java-7-openjdk-amd64/jre/lib/amd64/libzip.so
7f63b5aab000-7f63b5aac000 r--p 00007000 08:01 21935                      /usr/lib/jvm/java-7-openjdk-amd64/jre/lib/amd64/libzip.so
7f63b5aac000-7f63b5aad000 rw-p 00008000 08:01 21935                      /usr/lib/jvm/java-7-openjdk-amd64/jre/lib/amd64/libzip.so
7f63b5aad000-7f63b5ab8000 r-xp 00000000 08:01 424200                     /lib/x86_64-linux-gnu/libnss_files-2.19.so
7f63b5ab8000-7f63b5cb7000 ---p 0000b000 08:01 424200                     /lib/x86_64-linux-gnu/libnss_files-2.19.so
7f63b5cb7000-7f63b5cb8000 r--p 0000a000 08:01 424200                     /lib/x86_64-linux-gnu/libnss_files-2.19.so
7f63b5cb8000-7f63b5cb9000 rw-p 0000b000 08:01 424200                     /lib/x86_64-linux-gnu/libnss_files-2.19.so
7f63b5cb9000-7f63b5cc4000 r-xp 00000000 08:01 424157                     /lib/x86_64-linux-gnu/libnss_nis-2.19.so
7f63b5cc4000-7f63b5ec3000 ---p 0000b000 08:01 424157                     /lib/x86_64-linux-gnu/libnss_nis-2.19.so
7f63b5ec3000-7f63b5ec4000 r--p 0000a000 08:01 424157                     /lib/x86_64-linux-gnu/libnss_nis-2.19.so
7f63b5ec4000-7f63b5ec5000 rw-p 0000b000 08:01 424157                     /lib/x86_64-linux-gnu/libnss_nis-2.19.so
7f63b5ec5000-7f63b5edc000 r-xp 00000000 08:01 424050                     /lib/x86_64-linux-gnu/libnsl-2.19.so
7f63b5edc000-7f63b60db000 ---p 00017000 08:01 424050                     /lib/x86_64-linux-gnu/libnsl-2.19.so
7f63b60db000-7f63b60dc000 r--p 00016000 08:01 424050                     /lib/x86_64-linux-gnu/libnsl-2.19.so
7f63b60dc000-7f63b60dd000 rw-p 00017000 08:01 424050                     /lib/x86_64-linux-gnu/libnsl-2.19.so
7f63b60dd000-7f63b60df000 rw-p 00000000 00:00 0 
7f63b60df000-7f63b60e8000 r-xp 00000000 08:01 424046                     /lib/x86_64-linux-gnu/libnss_compat-2.19.so
7f63b60e8000-7f63b62e7000 ---p 00009000 08:01 424046                     /lib/x86_64-linux-gnu/libnss_compat-2.19.so
7f63b62e7000-7f63b62e8000 r--p 00008000 08:01 424046                     /lib/x86_64-linux-gnu/libnss_compat-2.19.so
7f63b62e8000-7f63b62e9000 rw-p 00009000 08:01 424046                     /lib/x86_64-linux-gnu/libnss_compat-2.19.so
7f63b62e9000-7f63b6314000 r-xp 00000000 08:01 12885                      /usr/lib/jvm/java-7-openjdk-amd64/jre/lib/amd64/libjava.so
7f63b6314000-7f63b6514000 ---p 0002b000 08:01 12885                      /usr/lib/jvm/java-7-openjdk-amd64/jre/lib/amd64/libjava.so
7f63b6514000-7f63b6515000 r--p 0002b000 08:01 12885                      /usr/lib/jvm/java-7-openjdk-amd64/jre/lib/amd64/libjava.so
7f63b6515000-7f63b6517000 rw-p 0002c000 08:01 12885                      /usr/lib/jvm/java-7-openjdk-amd64/jre/lib/amd64/libjava.so
7f63b6517000-7f63b6527000 r-xp 00000000 08:01 19413                      /usr/lib/jvm/java-7-openjdk-amd64/jre/lib/amd64/libverify.so
7f63b6527000-7f63b6726000 ---p 00010000 08:01 19413                      /usr/lib/jvm/java-7-openjdk-amd64/jre/lib/amd64/libverify.so
7f63b6726000-7f63b6728000 r--p 0000f000 08:01 19413                      /usr/lib/jvm/java-7-openjdk-amd64/jre/lib/amd64/libverify.so
7f63b6728000-7f63b6729000 rw-p 00011000 08:01 19413                      /usr/lib/jvm/java-7-openjdk-amd64/jre/lib/amd64/libverify.so
7f63b6729000-7f63b6730000 r-xp 00000000 08:01 424161                     /lib/x86_64-linux-gnu/librt-2.19.so
7f63b6730000-7f63b692f000 ---p 00007000 08:01 424161                     /lib/x86_64-linux-gnu/librt-2.19.so
7f63b692f000-7f63b6930000 r--p 00006000 08:01 424161                     /lib/x86_64-linux-gnu/librt-2.19.so
7f63b6930000-7f63b6931000 rw-p 00007000 08:01 424161                     /lib/x86_64-linux-gnu/librt-2.19.so
7f63b6931000-7f63b6947000 r-xp 00000000 08:01 403323                     /lib/x86_64-linux-gnu/libgcc_s.so.1
7f63b6947000-7f63b6b46000 ---p 00016000 08:01 403323                     /lib/x86_64-linux-gnu/libgcc_s.so.1
7f63b6b46000-7f63b6b47000 rw-p 00015000 08:01 403323                     /lib/x86_64-linux-gnu/libgcc_s.so.1
7f63b6b47000-7f63b6c4c000 r-xp 00000000 08:01 423565                     /lib/x86_64-linux-gnu/libm-2.19.so
7f63b6c4c000-7f63b6e4b000 ---p 00105000 08:01 423565                     /lib/x86_64-linux-gnu/libm-2.19.so
7f63b6e4b000-7f63b6e4c000 r--p 00104000 08:01 423565                     /lib/x86_64-linux-gnu/libm-2.19.so
7f63b6e4c000-7f63b6e4d000 rw-p 00105000 08:01 423565                     /lib/x86_64-linux-gnu/libm-2.19.so
7f63b6e4d000-7f63b6f33000 r-xp 00000000 08:01 7166                       /usr/lib/x86_64-linux-gnu/libstdc++.so.6.0.19
7f63b6f33000-7f63b7132000 ---p 000e6000 08:01 7166                       /usr/lib/x86_64-linux-gnu/libstdc++.so.6.0.19
7f63b7132000-7f63b713a000 r--p 000e5000 08:01 7166                       /usr/lib/x86_64-linux-gnu/libstdc++.so.6.0.19
7f63b713a000-7f63b713c000 rw-p 000ed000 08:01 7166                       /usr/lib/x86_64-linux-gnu/libstdc++.so.6.0.19
7f63b713c000-7f63b7151000 rw-p 00000000 00:00 0 
7f63b7151000-7f63b7c75000 r-xp 00000000 08:01 21177                      /usr/lib/jvm/java-7-openjdk-amd64/jre/lib/amd64/server/libjvm.so
7f63b7c75000-7f63b7e75000 ---p 00b24000 08:01 21177                      /usr/lib/jvm/java-7-openjdk-amd64/jre/lib/amd64/server/libjvm.so
7f63b7e75000-7f63b7f0f000 r--p 00b24000 08:01 21177                      /usr/lib/jvm/java-7-openjdk-amd64/jre/lib/amd64/server/libjvm.so
7f63b7f0f000-7f63b7f32000 rw-p 00bbe000 08:01 21177                      /usr/lib/jvm/java-7-openjdk-amd64/jre/lib/amd64/server/libjvm.so
7f63b7f32000-7f63b7f60000 rw-p 00000000 00:00 0 
7f63b7f60000-7f63b7f78000 r-xp 00000000 08:01 399185                     /lib/x86_64-linux-gnu/libz.so.1.2.8
7f63b7f78000-7f63b8177000 ---p 00018000 08:01 399185                     /lib/x86_64-linux-gnu/libz.so.1.2.8
7f63b8177000-7f63b8178000 r--p 00017000 08:01 399185                     /lib/x86_64-linux-gnu/libz.so.1.2.8
7f63b8178000-7f63b8179000 rw-p 00018000 08:01 399185                     /lib/x86_64-linux-gnu/libz.so.1.2.8
7f63b8179000-7f63b8192000 r-xp 00000000 08:01 424105                     /lib/x86_64-linux-gnu/libpthread-2.19.so
7f63b8192000-7f63b8391000 ---p 00019000 08:01 424105                     /lib/x86_64-linux-gnu/libpthread-2.19.so
7f63b8391000-7f63b8392000 r--p 00018000 08:01 424105                     /lib/x86_64-linux-gnu/libpthread-2.19.so
7f63b8392000-7f63b8393000 rw-p 00019000 08:01 424105                     /lib/x86_64-linux-gnu/libpthread-2.19.so
7f63b8393000-7f63b8397000 rw-p 00000000 00:00 0 
7f63b8397000-7f63b839a000 r-xp 00000000 08:01 423865                     /lib/x86_64-linux-gnu/libdl-2.19.so
7f63b839a000-7f63b8599000 ---p 00003000 08:01 423865                     /lib/x86_64-linux-gnu/libdl-2.19.so
7f63b8599000-7f63b859a000 r--p 00002000 08:01 423865                     /lib/x86_64-linux-gnu/libdl-2.19.so
7f63b859a000-7f63b859b000 rw-p 00003000 08:01 423865                     /lib/x86_64-linux-gnu/libdl-2.19.so
7f63b859b000-7f63b8756000 r-xp 00000000 08:01 424162                     /lib/x86_64-linux-gnu/libc-2.19.so
7f63b8756000-7f63b8955000 ---p 001bb000 08:01 424162                     /lib/x86_64-linux-gnu/libc-2.19.so
7f63b8955000-7f63b8959000 r--p 001ba000 08:01 424162                     /lib/x86_64-linux-gnu/libc-2.19.so
7f63b8959000-7f63b895b000 rw-p 001be000 08:01 424162                     /lib/x86_64-linux-gnu/libc-2.19.so
7f63b895b000-7f63b8960000 rw-p 00000000 00:00 0 
7f63b8960000-7f63b896d000 r-xp 00000000 08:01 23852                      /usr/lib/jvm/java-7-openjdk-amd64/jre/lib/amd64/jli/libjli.so
7f63b896d000-7f63b8b6c000 ---p 0000d000 08:01 23852                      /usr/lib/jvm/java-7-openjdk-amd64/jre/lib/amd64/jli/libjli.so
7f63b8b6c000-7f63b8b6d000 r--p 0000c000 08:01 23852                      /usr/lib/jvm/java-7-openjdk-amd64/jre/lib/amd64/jli/libjli.so
7f63b8b6d000-7f63b8b6e000 rw-p 0000d000 08:01 23852                      /usr/lib/jvm/java-7-openjdk-amd64/jre/lib/amd64/jli/libjli.so
7f63b8b6e000-7f63b8b91000 r-xp 00000000 08:01 424155                     /lib/x86_64-linux-gnu/ld-2.19.so
7f63b8b92000-7f63b8b93000 rw-p 00000000 00:00 0 
7f63b8b93000-7f63b8b95000 r--s 00006000 08:01 304295                     /usr/share/java/java-atk-wrapper.jar
7f63b8b95000-7f63b8b99000 r--s 0003c000 08:01 27111                      /usr/lib/jvm/java-7-openjdk-amd64/jre/lib/ext/sunpkcs11.jar
7f63b8b99000-7f63b8b9d000 r--s 00085000 08:01 26680                      /usr/lib/jvm/java-7-openjdk-amd64/jre/lib/ext/localedata.jar
7f63b8b9d000-7f63b8ba0000 r--s 0000f000 08:01 26679                      /usr/lib/jvm/java-7-openjdk-amd64/jre/lib/ext/icedtea-sound.jar
7f63b8ba0000-7f63b8ba2000 r--s 00012000 08:01 26673                      /usr/lib/jvm/java-7-openjdk-amd64/jre/lib/ext/zipfs.jar
7f63b8ba2000-7f63b8ba6000 r--s 00034000 08:01 26674                      /usr/lib/jvm/java-7-openjdk-amd64/jre/lib/ext/sunjce_provider.jar
7f63b8ba6000-7f63b8bb0000 rw-p 00000000 00:00 0 
7f63b8bb0000-7f63b8c66000 rw-p 00000000 00:00 0 
7f63b8c66000-7f63b8c69000 ---p 00000000 00:00 0 
7f63b8c69000-7f63b8d6c000 rw-p 00000000 00:00 0                          [stack:6750]
7f63b8d6c000-7f63b8d6d000 r--s 00002000 08:01 26672                      /usr/lib/jvm/java-7-openjdk-amd64/jre/lib/ext/dnsns.jar
7f63b8d6d000-7f63b8d84000 rw-p 00000000 00:00 0 
7f63b8d84000-7f63b8d8c000 rw-s 00000000 08:01 30710                      /tmp/hsperfdata_massih/6749
7f63b8d8c000-7f63b8d8d000 rw-p 00000000 00:00 0 
7f63b8d8d000-7f63b8d8e000 ---p 00000000 00:00 0 
7f63b8d8e000-7f63b8d90000 rw-p 00000000 00:00 0 
7f63b8d90000-7f63b8d91000 r--p 00022000 08:01 424155                     /lib/x86_64-linux-gnu/ld-2.19.so
7f63b8d91000-7f63b8d92000 rw-p 00023000 08:01 424155                     /lib/x86_64-linux-gnu/ld-2.19.so
7f63b8d92000-7f63b8d93000 rw-p 00000000 00:00 0 
7ffd1c4a5000-7ffd1c4c6000 rw-p 00000000 00:00 0                          [stack]
7ffd1c5ee000-7ffd1c5f0000 r--p 00000000 00:00 0                          [vvar]
7ffd1c5f0000-7ffd1c5f2000 r-xp 00000000 00:00 0                          [vdso]
ffffffffff600000-ffffffffff601000 r-xp 00000000 00:00 0                  [vsyscall]

VM Arguments:
java_command: ./target/sumoReceiver
Launcher Type: SUN_STANDARD

Environment Variables:
JAVA_HOME=/usr/lib/jvm/java-7-openjdk-amd64
PATH=/usr/local/sbin:/usr/local/bin:/usr/sbin:/usr/bin:/sbin:/bin:/usr/games:/usr/local/games:/usr/lib/jvm/java-7-openjdk-amd64/bin:/usr/local/zookeeper/bin:/usr/local/storm/bin:/home/massih/Downloads/apache-maven-3.3.9/bin:/media/massih/extended/idea-IU-145.597.3/bin
USERNAME=massih
SHELL=/bin/bash
DISPLAY=:0

Signal Handlers:
SIGSEGV: [libjvm.so+0x9548f0], sa_mask[0]=0x7ffbfeff, sa_flags=0x10000004
SIGBUS: [libjvm.so+0x9548f0], sa_mask[0]=0x7ffbfeff, sa_flags=0x10000004
SIGFPE: [libjvm.so+0x7cb0b0], sa_mask[0]=0x7ffbfeff, sa_flags=0x10000004
SIGPIPE: [libjvm.so+0x7cb0b0], sa_mask[0]=0x7ffbfeff, sa_flags=0x10000004
SIGXFSZ: [libjvm.so+0x7cb0b0], sa_mask[0]=0x7ffbfeff, sa_flags=0x10000004
SIGILL: [libjvm.so+0x7cb0b0], sa_mask[0]=0x7ffbfeff, sa_flags=0x10000004
SIGUSR1: SIG_DFL, sa_mask[0]=0x00000000, sa_flags=0x00000000
SIGUSR2: [libjvm.so+0x7caf50], sa_mask[0]=0x00000000, sa_flags=0x10000004
SIGHUP: [libjvm.so+0x7cb130], sa_mask[0]=0x7ffbfeff, sa_flags=0x10000004
SIGINT: [libjvm.so+0x7cb130], sa_mask[0]=0x7ffbfeff, sa_flags=0x10000004
SIGTERM: [libjvm.so+0x7cb130], sa_mask[0]=0x7ffbfeff, sa_flags=0x10000004
SIGQUIT: [libjvm.so+0x7cb130], sa_mask[0]=0x7ffbfeff, sa_flags=0x10000004
SIGTRAP: SIG_DFL, sa_mask[0]=0x00000000, sa_flags=0x00000000


---------------  S Y S T E M  ---------------

OS:LinuxMint 17.3 (rosa)
uname:Linux 3.19.0-32-generic #37~14.04.1-Ubuntu SMP Thu Oct 22 09:41:40 UTC 2015 x86_64
libc:glibc 2.19 NPTL 2.19 
rlimit: STACK 8192k, CORE 0k, NPROC 15684, NOFILE 4096, AS infinity
load average:1,59 0,93 0,72

/proc/meminfo:
MemTotal:        4047436 kB
MemFree:          106044 kB
MemAvailable:      51696 kB
Buffers:            1780 kB
Cached:            88256 kB
SwapCached:            0 kB
Active:          3773572 kB
Inactive:          69508 kB
Active(anon):    3753852 kB
Inactive(anon):    49592 kB
Active(file):      19720 kB
Inactive(file):    19916 kB
Unevictable:           0 kB
Mlocked:               0 kB
SwapTotal:             0 kB
SwapFree:              0 kB
Dirty:              1584 kB
Writeback:             0 kB
AnonPages:       3753140 kB
Mapped:            66840 kB
Shmem:             50404 kB
Slab:              40600 kB
SReclaimable:      20592 kB
SUnreclaim:        20008 kB
KernelStack:        9456 kB
PageTables:        28044 kB
NFS_Unstable:          0 kB
Bounce:                0 kB
WritebackTmp:          0 kB
CommitLimit:     2023716 kB
Committed_AS:    6646820 kB
VmallocTotal:   34359738367 kB
VmallocUsed:       56528 kB
VmallocChunk:   34359614428 kB
HardwareCorrupted:     0 kB
AnonHugePages:   2136064 kB
CmaTotal:              0 kB
CmaFree:               0 kB
HugePages_Total:       0
HugePages_Free:        0
HugePages_Rsvd:        0
HugePages_Surp:        0
Hugepagesize:       2048 kB
DirectMap4k:       75712 kB
DirectMap2M:     4118528 kB


CPU:total 2 (2 cores per cpu, 1 threads per core) family 6 model 61 stepping 4, cmov, cx8, fxsr, mmx, sse, sse2, sse3, ssse3, sse4.1, sse4.2, popcnt, avx, aes, tsc, tscinvbit

/proc/cpuinfo:
processor	: 0
vendor_id	: GenuineIntel
cpu family	: 6
model		: 61
model name	: Intel(R) Core(TM) i5-5200U CPU @ 2.20GHz
stepping	: 4
cpu MHz		: 2194.916
cache size	: 3072 KB
physical id	: 0
siblings	: 2
core id		: 0
cpu cores	: 2
apicid		: 0
initial apicid	: 0
fpu		: yes
fpu_exception	: yes
cpuid level	: 20
wp		: yes
flags		: fpu vme de pse tsc msr pae mce cx8 apic sep mtrr pge mca cmov pat pse36 clflush mmx fxsr sse sse2 ht syscall nx rdtscp lm constant_tsc rep_good nopl xtopology nonstop_tsc pni pclmulqdq ssse3 cx16 sse4_1 sse4_2 movbe popcnt aes xsave avx rdrand hypervisor lahf_lm abm 3dnowprefetch rdseed
bugs		:
bogomips	: 4389.83
clflush size	: 64
cache_alignment	: 64
address sizes	: 39 bits physical, 48 bits virtual
power management:

processor	: 1
vendor_id	: GenuineIntel
cpu family	: 6
model		: 61
model name	: Intel(R) Core(TM) i5-5200U CPU @ 2.20GHz
stepping	: 4
cpu MHz		: 2194.916
cache size	: 3072 KB
physical id	: 0
siblings	: 2
core id		: 1
cpu cores	: 2
apicid		: 1
initial apicid	: 1
fpu		: yes
fpu_exception	: yes
cpuid level	: 20
wp		: yes
flags		: fpu vme de pse tsc msr pae mce cx8 apic sep mtrr pge mca cmov pat pse36 clflush mmx fxsr sse sse2 ht syscall nx rdtscp lm constant_tsc rep_good nopl xtopology nonstop_tsc pni pclmulqdq ssse3 cx16 sse4_1 sse4_2 movbe popcnt aes xsave avx rdrand hypervisor lahf_lm abm 3dnowprefetch rdseed
bugs		:
bogomips	: 4389.83
clflush size	: 64
cache_alignment	: 64
address sizes	: 39 bits physical, 48 bits virtual
power management:



Memory: 4k page, physical 4047436k(106044k free), swap 0k(0k free)

vm_info: OpenJDK 64-Bit Server VM (24.95-b01) for linux-amd64 JRE (1.7.0_95-b00), built on Mar 24 2016 06:13:32 by "buildd" with gcc 4.8.2

time: Wed Apr 27 15:51:36 2016
elapsed time: 39 seconds

