#
# There is insufficient memory for the Java Runtime Environment to continue.
# Native memory allocation (malloc) failed to allocate 126877696 bytes for committing reserved memory.
# Possible reasons:
#   The system is out of physical RAM or swap space
#   In 32 bit mode, the process size limit was hit
# Possible solutions:
#   Reduce memory load on the system
#   Increase physical memory or swap space
#   Check if swap backing store is full
#   Use 64 bit Java on a 64 bit OS
#   Decrease Java heap size (-Xmx/-Xms)
#   Decrease number of Java threads
#   Decrease Java thread stack sizes (-Xss)
#   Set larger code cache with -XX:ReservedCodeCacheSize=
# This output file may be truncated or incomplete.
#
#  Out of Memory Error (os_linux.cpp:2827), pid=22211, tid=139932805834496
#
# JRE version: OpenJDK Runtime Environment (7.0_95) (build 1.7.0_95-b00)
# Java VM: OpenJDK 64-Bit Server VM (24.95-b01 mixed mode linux-amd64 compressed oops)
# Derivative: IcedTea 2.6.4
# Distribution: Ubuntu 14.04 LTS, package 7u95-2.6.4-0ubuntu0.14.04.2
# Failed to write core dump. Core dumps have been disabled. To enable core dumping, try "ulimit -c unlimited" before starting Java again
#

---------------  T H R E A D  ---------------

Current thread (0x00007f44a00f8000):  VMThread [stack: 0x00007f44a51f2000,0x00007f44a52f3000] [id=22215]

Stack: [0x00007f44a51f2000,0x00007f44a52f3000],  sp=0x00007f44a52f1490,  free space=1021k
Native frames: (J=compiled Java code, j=interpreted, Vv=VM code, C=native code)
V  [libjvm.so+0x953e15]
V  [libjvm.so+0x48fd94]
V  [libjvm.so+0x7cf87b]
V  [libjvm.so+0x7ca33f]
V  [libjvm.so+0x83dacb]
V  [libjvm.so+0x83e930]
V  [libjvm.so+0x83f01b]
V  [libjvm.so+0x83b258]
V  [libjvm.so+0x83bac8]
V  [libjvm.so+0x7f2083]
V  [libjvm.so+0x955814]
V  [libjvm.so+0x959917]
V  [libjvm.so+0x9583d8]
V  [libjvm.so+0x958839]
V  [libjvm.so+0x958c82]
V  [libjvm.so+0x7cc742]

VM_Operation (0x00007f44a9bad710): ParallelGCFailedAllocation, mode: safepoint, requested by thread 0x00007f44a000a000


---------------  P R O C E S S  ---------------

Java Threads: ( => current thread )
  0x00007f44a026e800 JavaThread "kafka-producer-network-thread | producer-1" daemon [_thread_in_native, id=22224, stack(0x00007f44997ca000,0x00007f44998cb000)]
  0x00007f44a012c000 JavaThread "Service Thread" daemon [_thread_blocked, id=22221, stack(0x00007f44a47f2000,0x00007f44a48f3000)]
  0x00007f44a0129800 JavaThread "C2 CompilerThread1" daemon [_thread_blocked, id=22220, stack(0x00007f44a48f3000,0x00007f44a49f4000)]
  0x00007f44a0126800 JavaThread "C2 CompilerThread0" daemon [_thread_blocked, id=22219, stack(0x00007f44a49f4000,0x00007f44a4af5000)]
  0x00007f44a0124800 JavaThread "Signal Dispatcher" daemon [_thread_blocked, id=22218, stack(0x00007f44a4af5000,0x00007f44a4bf6000)]
  0x00007f44a00fe800 JavaThread "Finalizer" daemon [_thread_blocked, id=22217, stack(0x00007f44a4ff0000,0x00007f44a50f1000)]
  0x00007f44a00fc800 JavaThread "Reference Handler" daemon [_thread_blocked, id=22216, stack(0x00007f44a50f1000,0x00007f44a51f2000)]
  0x00007f44a000a000 JavaThread "main" [_thread_blocked, id=22212, stack(0x00007f44a9aae000,0x00007f44a9baf000)]

Other Threads:
=>0x00007f44a00f8000 VMThread [stack: 0x00007f44a51f2000,0x00007f44a52f3000] [id=22215]
  0x00007f44a0136800 WatcherThread [stack: 0x00007f44a46f1000,0x00007f44a47f2000] [id=22222]

VM state:at safepoint (normal execution)

VM Mutex/Monitor currently owned by a thread:  ([mutex/lock_event])
[0x00007f44a0006250] Threads_lock - owner thread: 0x00007f44a00f8000
[0x00007f44a0006750] Heap_lock - owner thread: 0x00007f44a000a000

Heap
 PSYoungGen      total 211968K, used 104K [0x00000000eb600000, 0x00000000f8700000, 0x0000000100000000)
  eden space 209920K, 0% used [0x00000000eb600000,0x00000000eb600000,0x00000000f8300000)
  from space 2048K, 5% used [0x00000000f8300000,0x00000000f831a380,0x00000000f8500000)
  to   space 2048K, 0% used [0x00000000f8500000,0x00000000f8500000,0x00000000f8700000)
 ParOldGen       total 41984K, used 928K [0x00000000c2200000, 0x00000000c4b00000, 0x00000000eb600000)
  object space 41984K, 2% used [0x00000000c2200000,0x00000000c22e8080,0x00000000c4b00000)
 PSPermGen       total 21504K, used 6866K [0x00000000b7c00000, 0x00000000b9100000, 0x00000000c2200000)
  object space 21504K, 31% used [0x00000000b7c00000,0x00000000b82b4b70,0x00000000b9100000)

Card table byte_map: [0x00007f44a64a8000,0x00007f44a66eb000] byte_map_base: 0x00007f44a5eea000

Polling page: 0x00007f44a9bd4000

Code Cache  [0x00007f449d000000, 0x00007f449d270000, 0x00007f44a0000000)
 total_blobs=294 nmethods=32 adapters=216 free_code_cache=48663Kb largest_free_block=49807040

Compilation events (10 events):
Event: 62,681 Thread 0x00007f44a0129800   28             java.lang.String::<init> (67 bytes)
Event: 62,691 Thread 0x00007f44a0129800 nmethod 28 0x00007f449d079510 code [0x00007f449d079660, 0x00007f449d0798f8]
Event: 62,722 Thread 0x00007f44a0126800   29             java.lang.String::getChars (62 bytes)
Event: 62,733 Thread 0x00007f44a0126800 nmethod 29 0x00007f449d071b10 code [0x00007f449d071c60, 0x00007f449d071dd8]
Event: 62,733 Thread 0x00007f44a0129800   30             java.lang.AbstractStringBuilder::append (48 bytes)
Event: 62,750 Thread 0x00007f44a0129800 nmethod 30 0x00007f449d0712d0 code [0x00007f449d071440, 0x00007f449d0717f8]
Event: 62,773 Thread 0x00007f44a0126800   31             java.lang.StringBuilder::append (8 bytes)
Event: 62,788 Thread 0x00007f44a0126800 nmethod 31 0x00007f449d07af50 code [0x00007f449d07b0c0, 0x00007f449d07b478]
Event: 63,315 Thread 0x00007f44a0129800   32             java.util.HashMap$HashIterator::nextEntry (99 bytes)
Event: 63,324 Thread 0x00007f44a0129800 nmethod 32 0x00007f449d07aa50 code [0x00007f449d07aba0, 0x00007f449d07adf8]

GC Heap History (10 events):
Event: 62,565 GC heap after
Heap after GC invocations=6 (full 0):
 PSYoungGen      total 67584K, used 948K [0x00000000eb600000, 0x00000000efa00000, 0x0000000100000000)
  eden space 65536K, 0% used [0x00000000eb600000,0x00000000eb600000,0x00000000ef600000)
  from space 2048K, 46% used [0x00000000ef800000,0x00000000ef8ed080,0x00000000efa00000)
  to   space 2048K, 0% used [0x00000000ef600000,0x00000000ef600000,0x00000000ef800000)
 ParOldGen       total 41984K, used 8K [0x00000000c2200000, 0x00000000c4b00000, 0x00000000eb600000)
  object space 41984K, 0% used [0x00000000c2200000,0x00000000c2202000,0x00000000c4b00000)
 PSPermGen       total 21504K, used 6865K [0x00000000b7c00000, 0x00000000b9100000, 0x00000000c2200000)
  object space 21504K, 31% used [0x00000000b7c00000,0x00000000b82b4400,0x00000000b9100000)
}
Event: 62,663 GC heap before
{Heap before GC invocations=7 (full 0):
 PSYoungGen      total 67584K, used 66435K [0x00000000eb600000, 0x00000000efa00000, 0x0000000100000000)
  eden space 65536K, 99% used [0x00000000eb600000,0x00000000ef5f3d90,0x00000000ef600000)
  from space 2048K, 46% used [0x00000000ef800000,0x00000000ef8ed080,0x00000000efa00000)
  to   space 2048K, 0% used [0x00000000ef600000,0x00000000ef600000,0x00000000ef800000)
 ParOldGen       total 41984K, used 8K [0x00000000c2200000, 0x00000000c4b00000, 0x00000000eb600000)
  object space 41984K, 0% used [0x00000000c2200000,0x00000000c2202000,0x00000000c4b00000)
 PSPermGen       total 21504K, used 6865K [0x00000000b7c00000, 0x00000000b9100000, 0x00000000c2200000)
  object space 21504K, 31% used [0x00000000b7c00000,0x00000000b82b4400,0x00000000b9100000)
Event: 62,679 GC heap after
Heap after GC invocations=7 (full 0):
 PSYoungGen      total 67584K, used 139K [0x00000000eb600000, 0x00000000f3a00000, 0x0000000100000000)
  eden space 65536K, 0% used [0x00000000eb600000,0x00000000eb600000,0x00000000ef600000)
  from space 2048K, 6% used [0x00000000ef600000,0x00000000ef622f70,0x00000000ef800000)
  to   space 2048K, 0% used [0x00000000f3800000,0x00000000f3800000,0x00000000f3a00000)
 ParOldGen       total 41984K, used 920K [0x00000000c2200000, 0x00000000c4b00000, 0x00000000eb600000)
  object space 41984K, 2% used [0x00000000c2200000,0x00000000c22e6080,0x00000000c4b00000)
 PSPermGen       total 21504K, used 6865K [0x00000000b7c00000, 0x00000000b9100000, 0x00000000c2200000)
  object space 21504K, 31% used [0x00000000b7c00000,0x00000000b82b4400,0x00000000b9100000)
}
Event: 62,768 GC heap before
{Heap before GC invocations=8 (full 0):
 PSYoungGen      total 67584K, used 65675K [0x00000000eb600000, 0x00000000f3a00000, 0x0000000100000000)
  eden space 65536K, 100% used [0x00000000eb600000,0x00000000ef600000,0x00000000ef600000)
  from space 2048K, 6% used [0x00000000ef600000,0x00000000ef622f70,0x00000000ef800000)
  to   space 2048K, 0% used [0x00000000f3800000,0x00000000f3800000,0x00000000f3a00000)
 ParOldGen       total 41984K, used 920K [0x00000000c2200000, 0x00000000c4b00000, 0x00000000eb600000)
  object space 41984K, 2% used [0x00000000c2200000,0x00000000c22e6080,0x00000000c4b00000)
 PSPermGen       total 21504K, used 6866K [0x00000000b7c00000, 0x00000000b9100000, 0x00000000c2200000)
  object space 21504K, 31% used [0x00000000b7c00000,0x00000000b82b48c0,0x00000000b9100000)
Event: 62,772 GC heap after
Heap after GC invocations=8 (full 0):
 PSYoungGen      total 133120K, used 64K [0x00000000eb600000, 0x00000000f3a00000, 0x0000000100000000)
  eden space 131072K, 0% used [0x00000000eb600000,0x00000000eb600000,0x00000000f3600000)
  from space 2048K, 3% used [0x00000000f3800000,0x00000000f3810000,0x00000000f3a00000)
  to   space 2048K, 0% used [0x00000000f3600000,0x00000000f3600000,0x00000000f3800000)
 ParOldGen       total 41984K, used 920K [0x00000000c2200000, 0x00000000c4b00000, 0x00000000eb600000)
  object space 41984K, 2% used [0x00000000c2200000,0x00000000c22e6080,0x00000000c4b00000)
 PSPermGen       total 21504K, used 6866K [0x00000000b7c00000, 0x00000000b9100000, 0x00000000c2200000)
  object space 21504K, 31% used [0x00000000b7c00000,0x00000000b82b48c0,0x00000000b9100000)
}
Event: 63,279 GC heap before
{Heap before GC invocations=9 (full 0):
 PSYoungGen      total 133120K, used 131136K [0x00000000eb600000, 0x00000000f3a00000, 0x0000000100000000)
  eden space 131072K, 100% used [0x00000000eb600000,0x00000000f3600000,0x00000000f3600000)
  from space 2048K, 3% used [0x00000000f3800000,0x00000000f3810000,0x00000000f3a00000)
  to   space 2048K, 0% used [0x00000000f3600000,0x00000000f3600000,0x00000000f3800000)
 ParOldGen       total 41984K, used 920K [0x00000000c2200000, 0x00000000c4b00000, 0x00000000eb600000)
  object space 41984K, 2% used [0x00000000c2200000,0x00000000c22e6080,0x00000000c4b00000)
 PSPermGen       total 21504K, used 6866K [0x00000000b7c00000, 0x00000000b9100000, 0x00000000c2200000)
  object space 21504K, 31% used [0x00000000b7c00000,0x00000000b82b49f8,0x00000000b9100000)
Event: 63,282 GC heap after
Heap after GC invocations=9 (full 0):
 PSYoungGen      total 133120K, used 129K [0x00000000eb600000, 0x00000000f8700000, 0x0000000100000000)
  eden space 131072K, 0% used [0x00000000eb600000,0x00000000eb600000,0x00000000f3600000)
  from space 2048K, 6% used [0x00000000f3600000,0x00000000f36207e0,0x00000000f3800000)
  to   space 2048K, 0% used [0x00000000f8500000,0x00000000f8500000,0x00000000f8700000)
 ParOldGen       total 41984K, used 920K [0x00000000c2200000, 0x00000000c4b00000, 0x00000000eb600000)
  object space 41984K, 2% used [0x00000000c2200000,0x00000000c22e6080,0x00000000c4b00000)
 PSPermGen       total 21504K, used 6866K [0x00000000b7c00000, 0x00000000b9100000, 0x00000000c2200000)
  object space 21504K, 31% used [0x00000000b7c00000,0x00000000b82b49f8,0x00000000b9100000)
}
Event: 63,348 GC heap before
{Heap before GC invocations=10 (full 0):
 PSYoungGen      total 133120K, used 131201K [0x00000000eb600000, 0x00000000f8700000, 0x0000000100000000)
  eden space 131072K, 100% used [0x00000000eb600000,0x00000000f3600000,0x00000000f3600000)
  from space 2048K, 6% used [0x00000000f3600000,0x00000000f36207e0,0x00000000f3800000)
  to   space 2048K, 0% used [0x00000000f8500000,0x00000000f8500000,0x00000000f8700000)
 ParOldGen       total 41984K, used 920K [0x00000000c2200000, 0x00000000c4b00000, 0x00000000eb600000)
  object space 41984K, 2% used [0x00000000c2200000,0x00000000c22e6080,0x00000000c4b00000)
 PSPermGen       total 21504K, used 6866K [0x00000000b7c00000, 0x00000000b9100000, 0x00000000c2200000)
  object space 21504K, 31% used [0x00000000b7c00000,0x00000000b82b4b70,0x00000000b9100000)
Event: 63,353 GC heap after
Heap after GC invocations=10 (full 0):
 PSYoungGen      total 211968K, used 80K [0x00000000eb600000, 0x00000000f8700000, 0x0000000100000000)
  eden space 209920K, 0% used [0x00000000eb600000,0x00000000eb600000,0x00000000f8300000)
  from space 2048K, 3% used [0x00000000f8500000,0x00000000f85142b0,0x00000000f8700000)
  to   space 2048K, 0% used [0x00000000f8300000,0x00000000f8300000,0x00000000f8500000)
 ParOldGen       total 41984K, used 928K [0x00000000c2200000, 0x00000000c4b00000, 0x00000000eb600000)
  object space 41984K, 2% used [0x00000000c2200000,0x00000000c22e8080,0x00000000c4b00000)
 PSPermGen       total 21504K, used 6866K [0x00000000b7c00000, 0x00000000b9100000, 0x00000000c2200000)
  object space 21504K, 31% used [0x00000000b7c00000,0x00000000b82b4b70,0x00000000b9100000)
}
Event: 63,863 GC heap before
{Heap before GC invocations=11 (full 0):
 PSYoungGen      total 211968K, used 209996K [0x00000000eb600000, 0x00000000f8700000, 0x0000000100000000)
  eden space 209920K, 99% used [0x00000000eb600000,0x00000000f82fefd8,0x00000000f8300000)
  from space 2048K, 3% used [0x00000000f8500000,0x00000000f85142b0,0x00000000f8700000)
  to   space 2048K, 0% used [0x00000000f8300000,0x00000000f8300000,0x00000000f8500000)
 ParOldGen       total 41984K, used 928K [0x00000000c2200000, 0x00000000c4b00000, 0x00000000eb600000)
  object space 41984K, 2% used [0x00000000c2200000,0x00000000c22e8080,0x00000000c4b00000)
 PSPermGen       total 21504K, used 6866K [0x00000000b7c00000, 0x00000000b9100000, 0x00000000c2200000)
  object space 21504K, 31% used [0x00000000b7c00000,0x00000000b82b4b70,0x00000000b9100000)

Deoptimization events (4 events):
Event: 0,756 Thread 0x00007f44a000a000 Uncommon trap: reason=unstable_if action=reinterpret pc=0x00007f449d0639b0 method=java.util.Properties$LineReader.readLine()I @ 369
Event: 0,855 Thread 0x00007f44a000a000 Uncommon trap: reason=unstable_if action=reinterpret pc=0x00007f449d060974 method=java.lang.String.indexOf(II)I @ 49
Event: 1,044 Thread 0x00007f44a000a000 Uncommon trap: reason=unstable_if action=reinterpret pc=0x00007f449d065154 method=java.lang.String.replace(CC)Ljava/lang/String; @ 2
Event: 62,062 Thread 0x00007f44a000a000 Uncommon trap: reason=unstable_if action=reinterpret pc=0x00007f449d07230c method=java.io.BufferedReader.readLine(Z)Ljava/lang/String; @ 137

Internal exceptions (10 events):
Event: 61,018 Thread 0x00007f44a000a000 Threw 0x00000000ebbad0e8 at /build/openjdk-7-HVzwJZ/openjdk-7-7u95-2.6.4/build/openjdk/hotspot/src/share/vm/prims/jvm.cpp:1322
Event: 61,022 Thread 0x00007f44a000a000 Threw 0x00000000ebbb01e0 at /build/openjdk-7-HVzwJZ/openjdk-7-7u95-2.6.4/build/openjdk/hotspot/src/share/vm/prims/jvm.cpp:1322
Event: 61,027 Thread 0x00007f44a000a000 Threw 0x00000000ebbb66f0 at /build/openjdk-7-HVzwJZ/openjdk-7-7u95-2.6.4/build/openjdk/hotspot/src/share/vm/prims/jvm.cpp:1322
Event: 61,031 Thread 0x00007f44a000a000 Threw 0x00000000ebbba148 at /build/openjdk-7-HVzwJZ/openjdk-7-7u95-2.6.4/build/openjdk/hotspot/src/share/vm/prims/jvm.cpp:1322
Event: 61,038 Thread 0x00007f44a000a000 Threw 0x00000000ebbd32a0 at /build/openjdk-7-HVzwJZ/openjdk-7-7u95-2.6.4/build/openjdk/hotspot/src/share/vm/prims/jvm.cpp:1322
Event: 61,045 Thread 0x00007f44a000a000 Threw 0x00000000ebbd8370 at /build/openjdk-7-HVzwJZ/openjdk-7-7u95-2.6.4/build/openjdk/hotspot/src/share/vm/prims/jvm.cpp:1322
Event: 61,058 Thread 0x00007f44a026e800 Threw 0x00000000ebb87010 at /build/openjdk-7-HVzwJZ/openjdk-7-7u95-2.6.4/build/openjdk/hotspot/src/share/vm/prims/jvm.cpp:1322
Event: 61,061 Thread 0x00007f44a026e800 Threw 0x00000000ebbe35a0 at /build/openjdk-7-HVzwJZ/openjdk-7-7u95-2.6.4/build/openjdk/hotspot/src/share/vm/prims/jvm.cpp:1322
Event: 61,064 Thread 0x00007f44a026e800 Threw 0x00000000ebbe7f68 at /build/openjdk-7-HVzwJZ/openjdk-7-7u95-2.6.4/build/openjdk/hotspot/src/share/vm/prims/jvm.cpp:1322
Event: 61,067 Thread 0x00007f44a026e800 Threw 0x00000000ebbeb8f0 at /build/openjdk-7-HVzwJZ/openjdk-7-7u95-2.6.4/build/openjdk/hotspot/src/share/vm/prims/jvm.cpp:1322

Events (10 events):
Event: 62,565 Executing VM operation: ParallelGCFailedAllocation done
Event: 62,663 Executing VM operation: ParallelGCFailedAllocation
Event: 62,679 Executing VM operation: ParallelGCFailedAllocation done
Event: 62,768 Executing VM operation: ParallelGCFailedAllocation
Event: 62,772 Executing VM operation: ParallelGCFailedAllocation done
Event: 63,279 Executing VM operation: ParallelGCFailedAllocation
Event: 63,282 Executing VM operation: ParallelGCFailedAllocation done
Event: 63,348 Executing VM operation: ParallelGCFailedAllocation
Event: 63,353 Executing VM operation: ParallelGCFailedAllocation done
Event: 63,863 Executing VM operation: ParallelGCFailedAllocation


Dynamic libraries:
00400000-00401000 r-xp 00000000 08:01 11941                              /usr/lib/jvm/java-7-openjdk-amd64/jre/bin/java
00600000-00601000 r--p 00000000 08:01 11941                              /usr/lib/jvm/java-7-openjdk-amd64/jre/bin/java
00601000-00602000 rw-p 00001000 08:01 11941                              /usr/lib/jvm/java-7-openjdk-amd64/jre/bin/java
01003000-01024000 rw-p 00000000 00:00 0                                  [heap]
b7c00000-b9100000 rw-p 00000000 00:00 0 
b9100000-c2200000 rw-p 00000000 00:00 0 
c2200000-c4b00000 rw-p 00000000 00:00 0 
c4b00000-eb600000 rw-p 00000000 00:00 0 
eb600000-f8700000 rw-p 00000000 00:00 0 
7f4464000000-7f446404a000 rw-p 00000000 00:00 0 
7f446404a000-7f4468000000 ---p 00000000 00:00 0 
7f446c000000-7f446c021000 rw-p 00000000 00:00 0 
7f446c021000-7f4470000000 ---p 00000000 00:00 0 
7f4470000000-7f4470021000 rw-p 00000000 00:00 0 
7f4470021000-7f4474000000 ---p 00000000 00:00 0 
7f4474000000-7f447415d000 rw-p 00000000 00:00 0 
7f447415d000-7f4478000000 ---p 00000000 00:00 0 
7f4478000000-7f447829d000 rw-p 00000000 00:00 0 
7f447829d000-7f447c000000 ---p 00000000 00:00 0 
7f447c000000-7f447c021000 rw-p 00000000 00:00 0 
7f447c021000-7f4480000000 ---p 00000000 00:00 0 
7f4480000000-7f4480021000 rw-p 00000000 00:00 0 
7f4480021000-7f4484000000 ---p 00000000 00:00 0 
7f4484000000-7f4484021000 rw-p 00000000 00:00 0 
7f4484021000-7f4488000000 ---p 00000000 00:00 0 
7f4488000000-7f4488021000 rw-p 00000000 00:00 0 
7f4488021000-7f448c000000 ---p 00000000 00:00 0 
7f448c000000-7f448c021000 rw-p 00000000 00:00 0 
7f448c021000-7f4490000000 ---p 00000000 00:00 0 
7f4494000000-7f4494021000 rw-p 00000000 00:00 0 
7f4494021000-7f4498000000 ---p 00000000 00:00 0 
7f44997ca000-7f44997cd000 ---p 00000000 00:00 0 
7f44997cd000-7f44998cb000 rw-p 00000000 00:00 0                          [stack:22224]
7f44998cb000-7f44998db000 r-xp 00000000 08:01 24387                      /usr/lib/jvm/java-7-openjdk-amd64/jre/lib/amd64/libnio.so
7f44998db000-7f4499adb000 ---p 00010000 08:01 24387                      /usr/lib/jvm/java-7-openjdk-amd64/jre/lib/amd64/libnio.so
7f4499adb000-7f4499adc000 r--p 00010000 08:01 24387                      /usr/lib/jvm/java-7-openjdk-amd64/jre/lib/amd64/libnio.so
7f4499adc000-7f4499add000 rw-p 00011000 08:01 24387                      /usr/lib/jvm/java-7-openjdk-amd64/jre/lib/amd64/libnio.so
7f4499add000-7f4499b1a000 r-xp 00000000 08:01 394131                     /lib/x86_64-linux-gnu/libpcre.so.3.13.1
7f4499b1a000-7f4499d19000 ---p 0003d000 08:01 394131                     /lib/x86_64-linux-gnu/libpcre.so.3.13.1
7f4499d19000-7f4499d1a000 r--p 0003c000 08:01 394131                     /lib/x86_64-linux-gnu/libpcre.so.3.13.1
7f4499d1a000-7f4499d1b000 rw-p 0003d000 08:01 394131                     /lib/x86_64-linux-gnu/libpcre.so.3.13.1
7f4499d1b000-7f4499d22000 r-xp 00000000 08:01 1771                       /usr/lib/x86_64-linux-gnu/libffi.so.6.0.1
7f4499d22000-7f4499f21000 ---p 00007000 08:01 1771                       /usr/lib/x86_64-linux-gnu/libffi.so.6.0.1
7f4499f21000-7f4499f22000 r--p 00006000 08:01 1771                       /usr/lib/x86_64-linux-gnu/libffi.so.6.0.1
7f4499f22000-7f4499f23000 rw-p 00007000 08:01 1771                       /usr/lib/x86_64-linux-gnu/libffi.so.6.0.1
7f4499f23000-7f4499f3a000 r-xp 00000000 08:01 419652                     /lib/x86_64-linux-gnu/libresolv-2.19.so
7f4499f3a000-7f449a13a000 ---p 00017000 08:01 419652                     /lib/x86_64-linux-gnu/libresolv-2.19.so
7f449a13a000-7f449a13b000 r--p 00017000 08:01 419652                     /lib/x86_64-linux-gnu/libresolv-2.19.so
7f449a13b000-7f449a13c000 rw-p 00018000 08:01 419652                     /lib/x86_64-linux-gnu/libresolv-2.19.so
7f449a13c000-7f449a13e000 rw-p 00000000 00:00 0 
7f449a13e000-7f449a15e000 r-xp 00000000 08:01 399152                     /lib/x86_64-linux-gnu/libselinux.so.1
7f449a15e000-7f449a35d000 ---p 00020000 08:01 399152                     /lib/x86_64-linux-gnu/libselinux.so.1
7f449a35d000-7f449a35e000 r--p 0001f000 08:01 399152                     /lib/x86_64-linux-gnu/libselinux.so.1
7f449a35e000-7f449a35f000 rw-p 00020000 08:01 399152                     /lib/x86_64-linux-gnu/libselinux.so.1
7f449a35f000-7f449a361000 rw-p 00000000 00:00 0 
7f449a361000-7f449a364000 r-xp 00000000 08:01 11705                      /usr/lib/x86_64-linux-gnu/libgmodule-2.0.so.0.4002.0
7f449a364000-7f449a563000 ---p 00003000 08:01 11705                      /usr/lib/x86_64-linux-gnu/libgmodule-2.0.so.0.4002.0
7f449a563000-7f449a564000 r--p 00002000 08:01 11705                      /usr/lib/x86_64-linux-gnu/libgmodule-2.0.so.0.4002.0
7f449a564000-7f449a565000 rw-p 00003000 08:01 11705                      /usr/lib/x86_64-linux-gnu/libgmodule-2.0.so.0.4002.0
7f449a565000-7f449a66b000 r-xp 00000000 08:01 399052                     /lib/x86_64-linux-gnu/libglib-2.0.so.0.4002.0
7f449a66b000-7f449a86a000 ---p 00106000 08:01 399052                     /lib/x86_64-linux-gnu/libglib-2.0.so.0.4002.0
7f449a86a000-7f449a86b000 r--p 00105000 08:01 399052                     /lib/x86_64-linux-gnu/libglib-2.0.so.0.4002.0
7f449a86b000-7f449a86c000 rw-p 00106000 08:01 399052                     /lib/x86_64-linux-gnu/libglib-2.0.so.0.4002.0
7f449a86c000-7f449a86d000 rw-p 00000000 00:00 0 
7f449a86d000-7f449a9d9000 r-xp 00000000 08:01 11691                      /usr/lib/x86_64-linux-gnu/libgio-2.0.so.0.4002.0
7f449a9d9000-7f449abd8000 ---p 0016c000 08:01 11691                      /usr/lib/x86_64-linux-gnu/libgio-2.0.so.0.4002.0
7f449abd8000-7f449abdc000 r--p 0016b000 08:01 11691                      /usr/lib/x86_64-linux-gnu/libgio-2.0.so.0.4002.0
7f449abdc000-7f449abde000 rw-p 0016f000 08:01 11691                      /usr/lib/x86_64-linux-gnu/libgio-2.0.so.0.4002.0
7f449abde000-7f449d000000 rw-p 00000000 00:00 0 
7f449d000000-7f449d270000 rwxp 00000000 00:00 0 
7f449d270000-7f44a028b000 rw-p 00000000 00:00 0 
7f44a028b000-7f44a4000000 ---p 00000000 00:00 0 
7f44a404f000-7f44a409e000 r-xp 00000000 08:01 11729                      /usr/lib/x86_64-linux-gnu/libgobject-2.0.so.0.4002.0
7f44a409e000-7f44a429e000 ---p 0004f000 08:01 11729                      /usr/lib/x86_64-linux-gnu/libgobject-2.0.so.0.4002.0
7f44a429e000-7f44a429f000 r--p 0004f000 08:01 11729                      /usr/lib/x86_64-linux-gnu/libgobject-2.0.so.0.4002.0
7f44a429f000-7f44a42a0000 rw-p 00050000 08:01 11729                      /usr/lib/x86_64-linux-gnu/libgobject-2.0.so.0.4002.0
7f44a42c1000-7f44a42d8000 r-xp 00000000 08:01 20739                      /usr/lib/jvm/java-7-openjdk-amd64/jre/lib/amd64/libnet.so
7f44a42d8000-7f44a44d7000 ---p 00017000 08:01 20739                      /usr/lib/jvm/java-7-openjdk-amd64/jre/lib/amd64/libnet.so
7f44a44d7000-7f44a44d8000 r--p 00016000 08:01 20739                      /usr/lib/jvm/java-7-openjdk-amd64/jre/lib/amd64/libnet.so
7f44a44d8000-7f44a44d9000 rw-p 00017000 08:01 20739                      /usr/lib/jvm/java-7-openjdk-amd64/jre/lib/amd64/libnet.so
7f44a44d9000-7f44a44e1000 r-xp 00000000 08:01 22795                      /usr/lib/jvm/java-7-openjdk-amd64/jre/lib/amd64/libmanagement.so
7f44a44e1000-7f44a46e0000 ---p 00008000 08:01 22795                      /usr/lib/jvm/java-7-openjdk-amd64/jre/lib/amd64/libmanagement.so
7f44a46e0000-7f44a46e1000 r--p 00007000 08:01 22795                      /usr/lib/jvm/java-7-openjdk-amd64/jre/lib/amd64/libmanagement.so
7f44a46e1000-7f44a46e2000 rw-p 00008000 08:01 22795                      /usr/lib/jvm/java-7-openjdk-amd64/jre/lib/amd64/libmanagement.so
7f44a46e2000-7f44a46f1000 r--s 0014d000 08:01 525406                     /home/massih/IdeaProjects/SumoReceiver/target/sumoReceiver
7f44a46f1000-7f44a46f2000 ---p 00000000 00:00 0 
7f44a46f2000-7f44a47f2000 rw-p 00000000 00:00 0                          [stack:22222]
7f44a47f2000-7f44a47f5000 ---p 00000000 00:00 0 
7f44a47f5000-7f44a48f3000 rw-p 00000000 00:00 0                          [stack:22221]
7f44a48f3000-7f44a48f6000 ---p 00000000 00:00 0 
7f44a48f6000-7f44a49f4000 rw-p 00000000 00:00 0                          [stack:22220]
7f44a49f4000-7f44a49f7000 ---p 00000000 00:00 0 
7f44a49f7000-7f44a4af5000 rw-p 00000000 00:00 0                          [stack:22219]
7f44a4af5000-7f44a4af8000 ---p 00000000 00:00 0 
7f44a4af8000-7f44a4bf6000 rw-p 00000000 00:00 0                          [stack:22218]
7f44a4bf6000-7f44a4ff0000 r--p 00000000 08:01 10151                      /usr/lib/locale/locale-archive
7f44a4ff0000-7f44a4ff3000 ---p 00000000 00:00 0 
7f44a4ff3000-7f44a50f1000 rw-p 00000000 00:00 0                          [stack:22217]
7f44a50f1000-7f44a50f4000 ---p 00000000 00:00 0 
7f44a50f4000-7f44a51f2000 rw-p 00000000 00:00 0                          [stack:22216]
7f44a51f2000-7f44a51f3000 ---p 00000000 00:00 0 
7f44a51f3000-7f44a5c45000 rw-p 00000000 00:00 0                          [stack:22215]
7f44a5c45000-7f44a5df6000 r--s 01d30000 08:01 26286                      /usr/lib/jvm/java-7-openjdk-amd64/jre/lib/rt.jar
7f44a5df6000-7f44a6109000 rw-p 00000000 00:00 0 
7f44a6109000-7f44a610a000 ---p 00000000 00:00 0 
7f44a610a000-7f44a620a000 rw-p 00000000 00:00 0                          [stack:22214]
7f44a620a000-7f44a620b000 ---p 00000000 00:00 0 
7f44a620b000-7f44a6316000 rw-p 00000000 00:00 0                          [stack:22213]
7f44a6316000-7f44a635e000 rw-p 00000000 00:00 0 
7f44a635e000-7f44a6373000 rw-p 00000000 00:00 0 
7f44a6373000-7f44a64a8000 rw-p 00000000 00:00 0 
7f44a64a8000-7f44a64b3000 rw-p 00000000 00:00 0 
7f44a64b3000-7f44a64fb000 rw-p 00000000 00:00 0 
7f44a64fb000-7f44a6510000 rw-p 00000000 00:00 0 
7f44a6510000-7f44a6645000 rw-p 00000000 00:00 0 
7f44a6645000-7f44a66ae000 rw-p 00000000 00:00 0 
7f44a66ae000-7f44a66ea000 rw-p 00000000 00:00 0 
7f44a66ea000-7f44a66eb000 rw-p 00000000 00:00 0 
7f44a66eb000-7f44a66f3000 r-xp 00000000 08:01 21935                      /usr/lib/jvm/java-7-openjdk-amd64/jre/lib/amd64/libzip.so
7f44a66f3000-7f44a68f2000 ---p 00008000 08:01 21935                      /usr/lib/jvm/java-7-openjdk-amd64/jre/lib/amd64/libzip.so
7f44a68f2000-7f44a68f3000 r--p 00007000 08:01 21935                      /usr/lib/jvm/java-7-openjdk-amd64/jre/lib/amd64/libzip.so
7f44a68f3000-7f44a68f4000 rw-p 00008000 08:01 21935                      /usr/lib/jvm/java-7-openjdk-amd64/jre/lib/amd64/libzip.so
7f44a68f4000-7f44a68ff000 r-xp 00000000 08:01 424200                     /lib/x86_64-linux-gnu/libnss_files-2.19.so
7f44a68ff000-7f44a6afe000 ---p 0000b000 08:01 424200                     /lib/x86_64-linux-gnu/libnss_files-2.19.so
7f44a6afe000-7f44a6aff000 r--p 0000a000 08:01 424200                     /lib/x86_64-linux-gnu/libnss_files-2.19.so
7f44a6aff000-7f44a6b00000 rw-p 0000b000 08:01 424200                     /lib/x86_64-linux-gnu/libnss_files-2.19.so
7f44a6b00000-7f44a6b0b000 r-xp 00000000 08:01 424157                     /lib/x86_64-linux-gnu/libnss_nis-2.19.so
7f44a6b0b000-7f44a6d0a000 ---p 0000b000 08:01 424157                     /lib/x86_64-linux-gnu/libnss_nis-2.19.so
7f44a6d0a000-7f44a6d0b000 r--p 0000a000 08:01 424157                     /lib/x86_64-linux-gnu/libnss_nis-2.19.so
7f44a6d0b000-7f44a6d0c000 rw-p 0000b000 08:01 424157                     /lib/x86_64-linux-gnu/libnss_nis-2.19.so
7f44a6d0c000-7f44a6d23000 r-xp 00000000 08:01 424050                     /lib/x86_64-linux-gnu/libnsl-2.19.so
7f44a6d23000-7f44a6f22000 ---p 00017000 08:01 424050                     /lib/x86_64-linux-gnu/libnsl-2.19.so
7f44a6f22000-7f44a6f23000 r--p 00016000 08:01 424050                     /lib/x86_64-linux-gnu/libnsl-2.19.so
7f44a6f23000-7f44a6f24000 rw-p 00017000 08:01 424050                     /lib/x86_64-linux-gnu/libnsl-2.19.so
7f44a6f24000-7f44a6f26000 rw-p 00000000 00:00 0 
7f44a6f26000-7f44a6f2f000 r-xp 00000000 08:01 424046                     /lib/x86_64-linux-gnu/libnss_compat-2.19.so
7f44a6f2f000-7f44a712e000 ---p 00009000 08:01 424046                     /lib/x86_64-linux-gnu/libnss_compat-2.19.so
7f44a712e000-7f44a712f000 r--p 00008000 08:01 424046                     /lib/x86_64-linux-gnu/libnss_compat-2.19.so
7f44a712f000-7f44a7130000 rw-p 00009000 08:01 424046                     /lib/x86_64-linux-gnu/libnss_compat-2.19.so
7f44a7130000-7f44a715b000 r-xp 00000000 08:01 12885                      /usr/lib/jvm/java-7-openjdk-amd64/jre/lib/amd64/libjava.so
7f44a715b000-7f44a735b000 ---p 0002b000 08:01 12885                      /usr/lib/jvm/java-7-openjdk-amd64/jre/lib/amd64/libjava.so
7f44a735b000-7f44a735c000 r--p 0002b000 08:01 12885                      /usr/lib/jvm/java-7-openjdk-amd64/jre/lib/amd64/libjava.so
7f44a735c000-7f44a735e000 rw-p 0002c000 08:01 12885                      /usr/lib/jvm/java-7-openjdk-amd64/jre/lib/amd64/libjava.so
7f44a735e000-7f44a736e000 r-xp 00000000 08:01 19413                      /usr/lib/jvm/java-7-openjdk-amd64/jre/lib/amd64/libverify.so
7f44a736e000-7f44a756d000 ---p 00010000 08:01 19413                      /usr/lib/jvm/java-7-openjdk-amd64/jre/lib/amd64/libverify.so
7f44a756d000-7f44a756f000 r--p 0000f000 08:01 19413                      /usr/lib/jvm/java-7-openjdk-amd64/jre/lib/amd64/libverify.so
7f44a756f000-7f44a7570000 rw-p 00011000 08:01 19413                      /usr/lib/jvm/java-7-openjdk-amd64/jre/lib/amd64/libverify.so
7f44a7570000-7f44a7577000 r-xp 00000000 08:01 424161                     /lib/x86_64-linux-gnu/librt-2.19.so
7f44a7577000-7f44a7776000 ---p 00007000 08:01 424161                     /lib/x86_64-linux-gnu/librt-2.19.so
7f44a7776000-7f44a7777000 r--p 00006000 08:01 424161                     /lib/x86_64-linux-gnu/librt-2.19.so
7f44a7777000-7f44a7778000 rw-p 00007000 08:01 424161                     /lib/x86_64-linux-gnu/librt-2.19.so
7f44a7778000-7f44a778e000 r-xp 00000000 08:01 403323                     /lib/x86_64-linux-gnu/libgcc_s.so.1
7f44a778e000-7f44a798d000 ---p 00016000 08:01 403323                     /lib/x86_64-linux-gnu/libgcc_s.so.1
7f44a798d000-7f44a798e000 rw-p 00015000 08:01 403323                     /lib/x86_64-linux-gnu/libgcc_s.so.1
7f44a798e000-7f44a7a93000 r-xp 00000000 08:01 423565                     /lib/x86_64-linux-gnu/libm-2.19.so
7f44a7a93000-7f44a7c92000 ---p 00105000 08:01 423565                     /lib/x86_64-linux-gnu/libm-2.19.so
7f44a7c92000-7f44a7c93000 r--p 00104000 08:01 423565                     /lib/x86_64-linux-gnu/libm-2.19.so
7f44a7c93000-7f44a7c94000 rw-p 00105000 08:01 423565                     /lib/x86_64-linux-gnu/libm-2.19.so
7f44a7c94000-7f44a7d7a000 r-xp 00000000 08:01 7166                       /usr/lib/x86_64-linux-gnu/libstdc++.so.6.0.19
7f44a7d7a000-7f44a7f79000 ---p 000e6000 08:01 7166                       /usr/lib/x86_64-linux-gnu/libstdc++.so.6.0.19
7f44a7f79000-7f44a7f81000 r--p 000e5000 08:01 7166                       /usr/lib/x86_64-linux-gnu/libstdc++.so.6.0.19
7f44a7f81000-7f44a7f83000 rw-p 000ed000 08:01 7166                       /usr/lib/x86_64-linux-gnu/libstdc++.so.6.0.19
7f44a7f83000-7f44a7f98000 rw-p 00000000 00:00 0 
7f44a7f98000-7f44a8abc000 r-xp 00000000 08:01 21177                      /usr/lib/jvm/java-7-openjdk-amd64/jre/lib/amd64/server/libjvm.so
7f44a8abc000-7f44a8cbc000 ---p 00b24000 08:01 21177                      /usr/lib/jvm/java-7-openjdk-amd64/jre/lib/amd64/server/libjvm.so
7f44a8cbc000-7f44a8d56000 r--p 00b24000 08:01 21177                      /usr/lib/jvm/java-7-openjdk-amd64/jre/lib/amd64/server/libjvm.so
7f44a8d56000-7f44a8d79000 rw-p 00bbe000 08:01 21177                      /usr/lib/jvm/java-7-openjdk-amd64/jre/lib/amd64/server/libjvm.so
7f44a8d79000-7f44a8da7000 rw-p 00000000 00:00 0 
7f44a8da7000-7f44a8dbf000 r-xp 00000000 08:01 399185                     /lib/x86_64-linux-gnu/libz.so.1.2.8
7f44a8dbf000-7f44a8fbe000 ---p 00018000 08:01 399185                     /lib/x86_64-linux-gnu/libz.so.1.2.8
7f44a8fbe000-7f44a8fbf000 r--p 00017000 08:01 399185                     /lib/x86_64-linux-gnu/libz.so.1.2.8
7f44a8fbf000-7f44a8fc0000 rw-p 00018000 08:01 399185                     /lib/x86_64-linux-gnu/libz.so.1.2.8
7f44a8fc0000-7f44a8fd9000 r-xp 00000000 08:01 424105                     /lib/x86_64-linux-gnu/libpthread-2.19.so
7f44a8fd9000-7f44a91d8000 ---p 00019000 08:01 424105                     /lib/x86_64-linux-gnu/libpthread-2.19.so
7f44a91d8000-7f44a91d9000 r--p 00018000 08:01 424105                     /lib/x86_64-linux-gnu/libpthread-2.19.so
7f44a91d9000-7f44a91da000 rw-p 00019000 08:01 424105                     /lib/x86_64-linux-gnu/libpthread-2.19.so
7f44a91da000-7f44a91de000 rw-p 00000000 00:00 0 
7f44a91de000-7f44a91e1000 r-xp 00000000 08:01 423865                     /lib/x86_64-linux-gnu/libdl-2.19.so
7f44a91e1000-7f44a93e0000 ---p 00003000 08:01 423865                     /lib/x86_64-linux-gnu/libdl-2.19.so
7f44a93e0000-7f44a93e1000 r--p 00002000 08:01 423865                     /lib/x86_64-linux-gnu/libdl-2.19.so
7f44a93e1000-7f44a93e2000 rw-p 00003000 08:01 423865                     /lib/x86_64-linux-gnu/libdl-2.19.so
7f44a93e2000-7f44a959d000 r-xp 00000000 08:01 424162                     /lib/x86_64-linux-gnu/libc-2.19.so
7f44a959d000-7f44a979c000 ---p 001bb000 08:01 424162                     /lib/x86_64-linux-gnu/libc-2.19.so
7f44a979c000-7f44a97a0000 r--p 001ba000 08:01 424162                     /lib/x86_64-linux-gnu/libc-2.19.so
7f44a97a0000-7f44a97a2000 rw-p 001be000 08:01 424162                     /lib/x86_64-linux-gnu/libc-2.19.so
7f44a97a2000-7f44a97a7000 rw-p 00000000 00:00 0 
7f44a97a7000-7f44a97b4000 r-xp 00000000 08:01 23852                      /usr/lib/jvm/java-7-openjdk-amd64/jre/lib/amd64/jli/libjli.so
7f44a97b4000-7f44a99b3000 ---p 0000d000 08:01 23852                      /usr/lib/jvm/java-7-openjdk-amd64/jre/lib/amd64/jli/libjli.so
7f44a99b3000-7f44a99b4000 r--p 0000c000 08:01 23852                      /usr/lib/jvm/java-7-openjdk-amd64/jre/lib/amd64/jli/libjli.so
7f44a99b4000-7f44a99b5000 rw-p 0000d000 08:01 23852                      /usr/lib/jvm/java-7-openjdk-amd64/jre/lib/amd64/jli/libjli.so
7f44a99b5000-7f44a99d8000 r-xp 00000000 08:01 424155                     /lib/x86_64-linux-gnu/ld-2.19.so
7f44a99d9000-7f44a99da000 rw-p 00000000 00:00 0 
7f44a99da000-7f44a99dc000 r--s 00006000 08:01 304295                     /usr/share/java/java-atk-wrapper.jar
7f44a99dc000-7f44a99e0000 r--s 0003c000 08:01 27111                      /usr/lib/jvm/java-7-openjdk-amd64/jre/lib/ext/sunpkcs11.jar
7f44a99e0000-7f44a99e1000 r--s 00002000 08:01 26672                      /usr/lib/jvm/java-7-openjdk-amd64/jre/lib/ext/dnsns.jar
7f44a99e1000-7f44a99e5000 r--s 00085000 08:01 26680                      /usr/lib/jvm/java-7-openjdk-amd64/jre/lib/ext/localedata.jar
7f44a99e5000-7f44a99e8000 r--s 0000f000 08:01 26679                      /usr/lib/jvm/java-7-openjdk-amd64/jre/lib/ext/icedtea-sound.jar
7f44a99e8000-7f44a99ea000 r--s 00012000 08:01 26673                      /usr/lib/jvm/java-7-openjdk-amd64/jre/lib/ext/zipfs.jar
7f44a99ea000-7f44a99ee000 r--s 00034000 08:01 26674                      /usr/lib/jvm/java-7-openjdk-amd64/jre/lib/ext/sunjce_provider.jar
7f44a99ee000-7f44a99f8000 rw-p 00000000 00:00 0 
7f44a99f8000-7f44a9aae000 rw-p 00000000 00:00 0 
7f44a9aae000-7f44a9ab1000 ---p 00000000 00:00 0 
7f44a9ab1000-7f44a9bcb000 rw-p 00000000 00:00 0                          [stack:22212]
7f44a9bcb000-7f44a9bd3000 rw-s 00000000 08:01 187758                     /tmp/hsperfdata_massih/22211
7f44a9bd3000-7f44a9bd4000 rw-p 00000000 00:00 0 
7f44a9bd4000-7f44a9bd5000 ---p 00000000 00:00 0 
7f44a9bd5000-7f44a9bd7000 rw-p 00000000 00:00 0 
7f44a9bd7000-7f44a9bd8000 r--p 00022000 08:01 424155                     /lib/x86_64-linux-gnu/ld-2.19.so
7f44a9bd8000-7f44a9bd9000 rw-p 00023000 08:01 424155                     /lib/x86_64-linux-gnu/ld-2.19.so
7f44a9bd9000-7f44a9bda000 rw-p 00000000 00:00 0 
7ffe8ebfc000-7ffe8ec1d000 rw-p 00000000 00:00 0                          [stack]
7ffe8ec44000-7ffe8ec46000 r--p 00000000 00:00 0                          [vvar]
7ffe8ec46000-7ffe8ec48000 r-xp 00000000 00:00 0                          [vdso]
ffffffffff600000-ffffffffff601000 r-xp 00000000 00:00 0                  [vsyscall]

VM Arguments:
java_command: target/sumoReceiver
Launcher Type: SUN_STANDARD

Environment Variables:
JAVA_HOME=/usr/lib/jvm/java-7-openjdk-amd64
PATH=/usr/local/sbin:/usr/local/bin:/usr/sbin:/usr/bin:/sbin:/bin:/usr/games:/usr/local/games:/usr/lib/jvm/java-7-openjdk-amd64/bin:/usr/local/zookeeper/bin:/usr/local/storm/bin:/home/massih/Downloads/apache-maven-3.3.9/bin:/media/massih/extended/idea-IU-145.597.3/bin
USERNAME=massih
SHELL=/bin/bash
DISPLAY=:0

Signal Handlers:
SIGSEGV: [libjvm.so+0x9548f0], sa_mask[0]=0x7ffbfeff, sa_flags=0x10000004
SIGBUS: [libjvm.so+0x9548f0], sa_mask[0]=0x7ffbfeff, sa_flags=0x10000004
SIGFPE: [libjvm.so+0x7cb0b0], sa_mask[0]=0x7ffbfeff, sa_flags=0x10000004
SIGPIPE: [libjvm.so+0x7cb0b0], sa_mask[0]=0x7ffbfeff, sa_flags=0x10000004
SIGXFSZ: [libjvm.so+0x7cb0b0], sa_mask[0]=0x7ffbfeff, sa_flags=0x10000004
SIGILL: [libjvm.so+0x7cb0b0], sa_mask[0]=0x7ffbfeff, sa_flags=0x10000004
SIGUSR1: SIG_DFL, sa_mask[0]=0x00000000, sa_flags=0x00000000
SIGUSR2: [libjvm.so+0x7caf50], sa_mask[0]=0x00000000, sa_flags=0x10000004
SIGHUP: [libjvm.so+0x7cb130], sa_mask[0]=0x7ffbfeff, sa_flags=0x10000004
SIGINT: [libjvm.so+0x7cb130], sa_mask[0]=0x7ffbfeff, sa_flags=0x10000004
SIGTERM: [libjvm.so+0x7cb130], sa_mask[0]=0x7ffbfeff, sa_flags=0x10000004
SIGQUIT: [libjvm.so+0x7cb130], sa_mask[0]=0x7ffbfeff, sa_flags=0x10000004
SIGTRAP: SIG_DFL, sa_mask[0]=0x00000000, sa_flags=0x00000000


---------------  S Y S T E M  ---------------

OS:LinuxMint 17.3 (rosa)
uname:Linux 3.19.0-32-generic #37~14.04.1-Ubuntu SMP Thu Oct 22 09:41:40 UTC 2015 x86_64
libc:glibc 2.19 NPTL 2.19 
rlimit: STACK 8192k, CORE 0k, NPROC 15684, NOFILE 4096, AS infinity
load average:1,51 1,07 0,86

/proc/meminfo:
MemTotal:        4047436 kB
MemFree:           98480 kB
MemAvailable:      59328 kB
Buffers:            1084 kB
Cached:           152552 kB
SwapCached:            0 kB
Active:          3728340 kB
Inactive:         116876 kB
Active(anon):    3692500 kB
Inactive(anon):    81736 kB
Active(file):      35840 kB
Inactive(file):    35140 kB
Unevictable:           0 kB
Mlocked:               0 kB
SwapTotal:             0 kB
SwapFree:              0 kB
Dirty:              1600 kB
Writeback:             0 kB
AnonPages:       3691652 kB
Mapped:           140872 kB
Shmem:             82512 kB
Slab:              42980 kB
SReclaimable:      19636 kB
SUnreclaim:        23344 kB
KernelStack:       10304 kB
PageTables:        30632 kB
NFS_Unstable:          0 kB
Bounce:                0 kB
WritebackTmp:          0 kB
CommitLimit:     2023716 kB
Committed_AS:    7546492 kB
VmallocTotal:   34359738367 kB
VmallocUsed:       55404 kB
VmallocChunk:   34359618104 kB
HardwareCorrupted:     0 kB
AnonHugePages:   1925120 kB
CmaTotal:              0 kB
CmaFree:               0 kB
HugePages_Total:       0
HugePages_Free:        0
HugePages_Rsvd:        0
HugePages_Surp:        0
Hugepagesize:       2048 kB
DirectMap4k:       85952 kB
DirectMap2M:     4108288 kB


CPU:total 2 (2 cores per cpu, 1 threads per core) family 6 model 61 stepping 4, cmov, cx8, fxsr, mmx, sse, sse2, sse3, ssse3, sse4.1, sse4.2, popcnt, avx, aes, tsc, tscinvbit

/proc/cpuinfo:
processor	: 0
vendor_id	: GenuineIntel
cpu family	: 6
model		: 61
model name	: Intel(R) Core(TM) i5-5200U CPU @ 2.20GHz
stepping	: 4
cpu MHz		: 2194.918
cache size	: 3072 KB
physical id	: 0
siblings	: 2
core id		: 0
cpu cores	: 2
apicid		: 0
initial apicid	: 0
fpu		: yes
fpu_exception	: yes
cpuid level	: 20
wp		: yes
flags		: fpu vme de pse tsc msr pae mce cx8 apic sep mtrr pge mca cmov pat pse36 clflush mmx fxsr sse sse2 ht syscall nx rdtscp lm constant_tsc rep_good nopl xtopology nonstop_tsc pni pclmulqdq ssse3 cx16 sse4_1 sse4_2 movbe popcnt aes xsave avx rdrand hypervisor lahf_lm abm 3dnowprefetch rdseed
bugs		:
bogomips	: 4389.83
clflush size	: 64
cache_alignment	: 64
address sizes	: 39 bits physical, 48 bits virtual
power management:

processor	: 1
vendor_id	: GenuineIntel
cpu family	: 6
model		: 61
model name	: Intel(R) Core(TM) i5-5200U CPU @ 2.20GHz
stepping	: 4
cpu MHz		: 2194.918
cache size	: 3072 KB
physical id	: 0
siblings	: 2
core id		: 1
cpu cores	: 2
apicid		: 1
initial apicid	: 1
fpu		: yes
fpu_exception	: yes
cpuid level	: 20
wp		: yes
flags		: fpu vme de pse tsc msr pae mce cx8 apic sep mtrr pge mca cmov pat pse36 clflush mmx fxsr sse sse2 ht syscall nx rdtscp lm constant_tsc rep_good nopl xtopology nonstop_tsc pni pclmulqdq ssse3 cx16 sse4_1 sse4_2 movbe popcnt aes xsave avx rdrand hypervisor lahf_lm abm 3dnowprefetch rdseed
bugs		:
bogomips	: 4389.83
clflush size	: 64
cache_alignment	: 64
address sizes	: 39 bits physical, 48 bits virtual
power management:



Memory: 4k page, physical 4047436k(98480k free), swap 0k(0k free)

vm_info: OpenJDK 64-Bit Server VM (24.95-b01) for linux-amd64 JRE (1.7.0_95-b00), built on Mar 24 2016 06:13:32 by "buildd" with gcc 4.8.2

time: Fri Apr 22 14:08:19 2016
elapsed time: 63 seconds

