#
# There is insufficient memory for the Java Runtime Environment to continue.
# Native memory allocation (malloc) failed to allocate 126877696 bytes for committing reserved memory.
# Possible reasons:
#   The system is out of physical RAM or swap space
#   In 32 bit mode, the process size limit was hit
# Possible solutions:
#   Reduce memory load on the system
#   Increase physical memory or swap space
#   Check if swap backing store is full
#   Use 64 bit Java on a 64 bit OS
#   Decrease Java heap size (-Xmx/-Xms)
#   Decrease number of Java threads
#   Decrease Java thread stack sizes (-Xss)
#   Set larger code cache with -XX:ReservedCodeCacheSize=
# This output file may be truncated or incomplete.
#
#  Out of Memory Error (os_linux.cpp:2827), pid=11046, tid=140650277013248
#
# JRE version: OpenJDK Runtime Environment (7.0_95) (build 1.7.0_95-b00)
# Java VM: OpenJDK 64-Bit Server VM (24.95-b01 mixed mode linux-amd64 compressed oops)
# Derivative: IcedTea 2.6.4
# Distribution: Ubuntu 14.04 LTS, package 7u95-2.6.4-0ubuntu0.14.04.2
# Failed to write core dump. Core dumps have been disabled. To enable core dumping, try "ulimit -c unlimited" before starting Java again
#

---------------  T H R E A D  ---------------

Current thread (0x00007febb80f8000):  VMThread [stack: 0x00007febb1bc8000,0x00007febb1cc9000] [id=11050]

Stack: [0x00007febb1bc8000,0x00007febb1cc9000],  sp=0x00007febb1cc7490,  free space=1021k
Native frames: (J=compiled Java code, j=interpreted, Vv=VM code, C=native code)
V  [libjvm.so+0x953e15]
V  [libjvm.so+0x48fd94]
V  [libjvm.so+0x7cf87b]
V  [libjvm.so+0x7ca33f]
V  [libjvm.so+0x83dacb]
V  [libjvm.so+0x83e930]
V  [libjvm.so+0x83f01b]
V  [libjvm.so+0x83b258]
V  [libjvm.so+0x83bac8]
V  [libjvm.so+0x7f2083]
V  [libjvm.so+0x955814]
V  [libjvm.so+0x959917]
V  [libjvm.so+0x9583d8]
V  [libjvm.so+0x958839]
V  [libjvm.so+0x958c82]
V  [libjvm.so+0x7cc742]

VM_Operation (0x00007febbf9c6690): ParallelGCFailedAllocation, mode: safepoint, requested by thread 0x00007febb800a000


---------------  P R O C E S S  ---------------

Java Threads: ( => current thread )
  0x00007febb824e800 JavaThread "kafka-producer-network-thread | producer-1" daemon [_thread_in_native, id=11058, stack(0x00007febb00b3000,0x00007febb01b4000)]
  0x00007febb8134000 JavaThread "Service Thread" daemon [_thread_blocked, id=11056, stack(0x00007febb11c8000,0x00007febb12c9000)]
  0x00007febb8131800 JavaThread "C2 CompilerThread1" daemon [_thread_blocked, id=11055, stack(0x00007febb12c9000,0x00007febb13ca000)]
  0x00007febb812e800 JavaThread "C2 CompilerThread0" daemon [_thread_blocked, id=11054, stack(0x00007febb13ca000,0x00007febb14cb000)]
  0x00007febb812c800 JavaThread "Signal Dispatcher" daemon [_thread_blocked, id=11053, stack(0x00007febb14cb000,0x00007febb15cc000)]
  0x00007febb80fe800 JavaThread "Finalizer" daemon [_thread_blocked, id=11052, stack(0x00007febb19c6000,0x00007febb1ac7000)]
  0x00007febb80fc800 JavaThread "Reference Handler" daemon [_thread_blocked, id=11051, stack(0x00007febb1ac7000,0x00007febb1bc8000)]
  0x00007febb800a000 JavaThread "main" [_thread_blocked, id=11047, stack(0x00007febbf8c7000,0x00007febbf9c8000)]

Other Threads:
=>0x00007febb80f8000 VMThread [stack: 0x00007febb1bc8000,0x00007febb1cc9000] [id=11050]
  0x00007febb813e800 WatcherThread [stack: 0x00007febb10c7000,0x00007febb11c8000] [id=11057]

VM state:at safepoint (normal execution)

VM Mutex/Monitor currently owned by a thread:  ([mutex/lock_event])
[0x00007febb8006250] Threads_lock - owner thread: 0x00007febb80f8000
[0x00007febb8006750] Heap_lock - owner thread: 0x00007febb800a000

Heap
 PSYoungGen      total 211968K, used 216K [0x00000000eb600000, 0x00000000f8700000, 0x0000000100000000)
  eden space 209920K, 0% used [0x00000000eb600000,0x00000000eb600000,0x00000000f8300000)
  from space 2048K, 10% used [0x00000000f8300000,0x00000000f8336320,0x00000000f8500000)
  to   space 2048K, 0% used [0x00000000f8500000,0x00000000f8500000,0x00000000f8700000)
 ParOldGen       total 41984K, used 920K [0x00000000c2200000, 0x00000000c4b00000, 0x00000000eb600000)
  object space 41984K, 2% used [0x00000000c2200000,0x00000000c22e60a0,0x00000000c4b00000)
 PSPermGen       total 21504K, used 6867K [0x00000000b7c00000, 0x00000000b9100000, 0x00000000c2200000)
  object space 21504K, 31% used [0x00000000b7c00000,0x00000000b82b4e30,0x00000000b9100000)

Card table byte_map: [0x00007febbc2c2000,0x00007febbc505000] byte_map_base: 0x00007febbbd04000

Polling page: 0x00007febbf9ee000

Code Cache  [0x00007febb5000000, 0x00007febb5270000, 0x00007febb8000000)
 total_blobs=299 nmethods=37 adapters=216 free_code_cache=48647Kb largest_free_block=49798912

Compilation events (10 events):
Event: 50,305 Thread 0x00007febb8131800   33             java.lang.AbstractStringBuilder::append (48 bytes)
Event: 50,380 Thread 0x00007febb812e800   34             java.util.Arrays::copyOfRange (63 bytes)
Event: 50,382 Thread 0x00007febb812e800 nmethod 34 0x00007febb5073990 code [0x00007febb5073ae0, 0x00007febb5073cf8]
Event: 50,382 Thread 0x00007febb812e800   35             java.lang.String::<init> (67 bytes)
Event: 50,388 Thread 0x00007febb8131800 nmethod 33 0x00007febb5073150 code [0x00007febb50732c0, 0x00007febb5073678]
Event: 50,388 Thread 0x00007febb8131800   36             java.lang.StringBuilder::append (8 bytes)
Event: 50,397 Thread 0x00007febb8131800 nmethod 36 0x00007febb5077210 code [0x00007febb5077380, 0x00007febb5077738]
Event: 50,406 Thread 0x00007febb812e800 nmethod 35 0x00007febb5076c90 code [0x00007febb5076de0, 0x00007febb5077078]
Event: 50,847 Thread 0x00007febb8131800   37             java.util.HashMap$HashIterator::nextEntry (99 bytes)
Event: 50,850 Thread 0x00007febb8131800 nmethod 37 0x00007febb5081c10 code [0x00007febb5081d60, 0x00007febb5081fb8]

GC Heap History (10 events):
Event: 49,335 GC heap after
Heap after GC invocations=6 (full 0):
 PSYoungGen      total 67584K, used 987K [0x00000000eb600000, 0x00000000efa00000, 0x0000000100000000)
  eden space 65536K, 0% used [0x00000000eb600000,0x00000000eb600000,0x00000000ef600000)
  from space 2048K, 48% used [0x00000000ef800000,0x00000000ef8f6e90,0x00000000efa00000)
  to   space 2048K, 0% used [0x00000000ef600000,0x00000000ef600000,0x00000000ef800000)
 ParOldGen       total 41984K, used 8K [0x00000000c2200000, 0x00000000c4b00000, 0x00000000eb600000)
  object space 41984K, 0% used [0x00000000c2200000,0x00000000c2202000,0x00000000c4b00000)
 PSPermGen       total 21504K, used 6865K [0x00000000b7c00000, 0x00000000b9100000, 0x00000000c2200000)
  object space 21504K, 31% used [0x00000000b7c00000,0x00000000b82b45e8,0x00000000b9100000)
}
Event: 50,290 GC heap before
{Heap before GC invocations=7 (full 0):
 PSYoungGen      total 67584K, used 66518K [0x00000000eb600000, 0x00000000efa00000, 0x0000000100000000)
  eden space 65536K, 99% used [0x00000000eb600000,0x00000000ef5fec48,0x00000000ef600000)
  from space 2048K, 48% used [0x00000000ef800000,0x00000000ef8f6e90,0x00000000efa00000)
  to   space 2048K, 0% used [0x00000000ef600000,0x00000000ef600000,0x00000000ef800000)
 ParOldGen       total 41984K, used 8K [0x00000000c2200000, 0x00000000c4b00000, 0x00000000eb600000)
  object space 41984K, 0% used [0x00000000c2200000,0x00000000c2202000,0x00000000c4b00000)
 PSPermGen       total 21504K, used 6865K [0x00000000b7c00000, 0x00000000b9100000, 0x00000000c2200000)
  object space 21504K, 31% used [0x00000000b7c00000,0x00000000b82b45e8,0x00000000b9100000)
Event: 50,294 GC heap after
Heap after GC invocations=7 (full 0):
 PSYoungGen      total 67584K, used 93K [0x00000000eb600000, 0x00000000f3a00000, 0x0000000100000000)
  eden space 65536K, 0% used [0x00000000eb600000,0x00000000eb600000,0x00000000ef600000)
  from space 2048K, 4% used [0x00000000ef600000,0x00000000ef617768,0x00000000ef800000)
  to   space 2048K, 0% used [0x00000000f3800000,0x00000000f3800000,0x00000000f3a00000)
 ParOldGen       total 41984K, used 912K [0x00000000c2200000, 0x00000000c4b00000, 0x00000000eb600000)
  object space 41984K, 2% used [0x00000000c2200000,0x00000000c22e40a0,0x00000000c4b00000)
 PSPermGen       total 21504K, used 6865K [0x00000000b7c00000, 0x00000000b9100000, 0x00000000c2200000)
  object space 21504K, 31% used [0x00000000b7c00000,0x00000000b82b45e8,0x00000000b9100000)
}
Event: 50,312 GC heap before
{Heap before GC invocations=8 (full 0):
 PSYoungGen      total 67584K, used 65589K [0x00000000eb600000, 0x00000000f3a00000, 0x0000000100000000)
  eden space 65536K, 99% used [0x00000000eb600000,0x00000000ef5f5f00,0x00000000ef600000)
  from space 2048K, 4% used [0x00000000ef600000,0x00000000ef617768,0x00000000ef800000)
  to   space 2048K, 0% used [0x00000000f3800000,0x00000000f3800000,0x00000000f3a00000)
 ParOldGen       total 41984K, used 912K [0x00000000c2200000, 0x00000000c4b00000, 0x00000000eb600000)
  object space 41984K, 2% used [0x00000000c2200000,0x00000000c22e40a0,0x00000000c4b00000)
 PSPermGen       total 21504K, used 6866K [0x00000000b7c00000, 0x00000000b9100000, 0x00000000c2200000)
  object space 21504K, 31% used [0x00000000b7c00000,0x00000000b82b4b80,0x00000000b9100000)
Event: 50,380 GC heap after
Heap after GC invocations=8 (full 0):
 PSYoungGen      total 133120K, used 216K [0x00000000eb600000, 0x00000000f3a00000, 0x0000000100000000)
  eden space 131072K, 0% used [0x00000000eb600000,0x00000000eb600000,0x00000000f3600000)
  from space 2048K, 10% used [0x00000000f3800000,0x00000000f3836240,0x00000000f3a00000)
  to   space 2048K, 0% used [0x00000000f3600000,0x00000000f3600000,0x00000000f3800000)
 ParOldGen       total 41984K, used 912K [0x00000000c2200000, 0x00000000c4b00000, 0x00000000eb600000)
  object space 41984K, 2% used [0x00000000c2200000,0x00000000c22e40a0,0x00000000c4b00000)
 PSPermGen       total 21504K, used 6866K [0x00000000b7c00000, 0x00000000b9100000, 0x00000000c2200000)
  object space 21504K, 31% used [0x00000000b7c00000,0x00000000b82b4b80,0x00000000b9100000)
}
Event: 50,822 GC heap before
{Heap before GC invocations=9 (full 0):
 PSYoungGen      total 133120K, used 131268K [0x00000000eb600000, 0x00000000f3a00000, 0x0000000100000000)
  eden space 131072K, 99% used [0x00000000eb600000,0x00000000f35fb010,0x00000000f3600000)
  from space 2048K, 10% used [0x00000000f3800000,0x00000000f3836240,0x00000000f3a00000)
  to   space 2048K, 0% used [0x00000000f3600000,0x00000000f3600000,0x00000000f3800000)
 ParOldGen       total 41984K, used 912K [0x00000000c2200000, 0x00000000c4b00000, 0x00000000eb600000)
  object space 41984K, 2% used [0x00000000c2200000,0x00000000c22e40a0,0x00000000c4b00000)
 PSPermGen       total 21504K, used 6867K [0x00000000b7c00000, 0x00000000b9100000, 0x00000000c2200000)
  object space 21504K, 31% used [0x00000000b7c00000,0x00000000b82b4cb8,0x00000000b9100000)
Event: 50,824 GC heap after
Heap after GC invocations=9 (full 0):
 PSYoungGen      total 133120K, used 102K [0x00000000eb600000, 0x00000000f8700000, 0x0000000100000000)
  eden space 131072K, 0% used [0x00000000eb600000,0x00000000eb600000,0x00000000f3600000)
  from space 2048K, 5% used [0x00000000f3600000,0x00000000f3619ad0,0x00000000f3800000)
  to   space 2048K, 0% used [0x00000000f8500000,0x00000000f8500000,0x00000000f8700000)
 ParOldGen       total 41984K, used 912K [0x00000000c2200000, 0x00000000c4b00000, 0x00000000eb600000)
  object space 41984K, 2% used [0x00000000c2200000,0x00000000c22e40a0,0x00000000c4b00000)
 PSPermGen       total 21504K, used 6867K [0x00000000b7c00000, 0x00000000b9100000, 0x00000000c2200000)
  object space 21504K, 31% used [0x00000000b7c00000,0x00000000b82b4cb8,0x00000000b9100000)
}
Event: 50,852 GC heap before
{Heap before GC invocations=10 (full 0):
 PSYoungGen      total 133120K, used 131164K [0x00000000eb600000, 0x00000000f8700000, 0x0000000100000000)
  eden space 131072K, 99% used [0x00000000eb600000,0x00000000f35fd5a8,0x00000000f3600000)
  from space 2048K, 5% used [0x00000000f3600000,0x00000000f3619ad0,0x00000000f3800000)
  to   space 2048K, 0% used [0x00000000f8500000,0x00000000f8500000,0x00000000f8700000)
 ParOldGen       total 41984K, used 912K [0x00000000c2200000, 0x00000000c4b00000, 0x00000000eb600000)
  object space 41984K, 2% used [0x00000000c2200000,0x00000000c22e40a0,0x00000000c4b00000)
 PSPermGen       total 21504K, used 6867K [0x00000000b7c00000, 0x00000000b9100000, 0x00000000c2200000)
  object space 21504K, 31% used [0x00000000b7c00000,0x00000000b82b4e30,0x00000000b9100000)
Event: 50,855 GC heap after
Heap after GC invocations=10 (full 0):
 PSYoungGen      total 211968K, used 254K [0x00000000eb600000, 0x00000000f8700000, 0x0000000100000000)
  eden space 209920K, 0% used [0x00000000eb600000,0x00000000eb600000,0x00000000f8300000)
  from space 2048K, 12% used [0x00000000f8500000,0x00000000f853f9a8,0x00000000f8700000)
  to   space 2048K, 0% used [0x00000000f8300000,0x00000000f8300000,0x00000000f8500000)
 ParOldGen       total 41984K, used 920K [0x00000000c2200000, 0x00000000c4b00000, 0x00000000eb600000)
  object space 41984K, 2% used [0x00000000c2200000,0x00000000c22e60a0,0x00000000c4b00000)
 PSPermGen       total 21504K, used 6867K [0x00000000b7c00000, 0x00000000b9100000, 0x00000000c2200000)
  object space 21504K, 31% used [0x00000000b7c00000,0x00000000b82b4e30,0x00000000b9100000)
}
Event: 51,123 GC heap before
{Heap before GC invocations=11 (full 0):
 PSYoungGen      total 211968K, used 210126K [0x00000000eb600000, 0x00000000f8700000, 0x0000000100000000)
  eden space 209920K, 99% used [0x00000000eb600000,0x00000000f82f40f8,0x00000000f8300000)
  from space 2048K, 12% used [0x00000000f8500000,0x00000000f853f9a8,0x00000000f8700000)
  to   space 2048K, 0% used [0x00000000f8300000,0x00000000f8300000,0x00000000f8500000)
 ParOldGen       total 41984K, used 920K [0x00000000c2200000, 0x00000000c4b00000, 0x00000000eb600000)
  object space 41984K, 2% used [0x00000000c2200000,0x00000000c22e60a0,0x00000000c4b00000)
 PSPermGen       total 21504K, used 6867K [0x00000000b7c00000, 0x00000000b9100000, 0x00000000c2200000)
  object space 21504K, 31% used [0x00000000b7c00000,0x00000000b82b4e30,0x00000000b9100000)

Deoptimization events (6 events):
Event: 0,334 Thread 0x00007febb800a000 Uncommon trap: reason=unstable_if action=reinterpret pc=0x00007febb50634c0 method=java.util.Properties$LineReader.readLine()I @ 369
Event: 0,367 Thread 0x00007febb800a000 Uncommon trap: reason=unstable_if action=reinterpret pc=0x00007febb5060c34 method=java.lang.String.indexOf(II)I @ 49
Event: 0,505 Thread 0x00007febb800a000 Uncommon trap: reason=unstable_if action=reinterpret pc=0x00007febb506d850 method=java.lang.String.indexOf([CII[CIII)I @ 134
Event: 0,505 Thread 0x00007febb800a000 Uncommon trap: reason=unstable_if action=reinterpret pc=0x00007febb5061414 method=java.lang.String.replace(CC)Ljava/lang/String; @ 2
Event: 49,084 Thread 0x00007febb800a000 Uncommon trap: reason=unstable_if action=reinterpret pc=0x00007febb5074234 method=java.io.BufferedReader.readLine(Z)Ljava/lang/String; @ 137
Event: 49,086 Thread 0x00007febb800a000 Uncommon trap: reason=unstable_if action=reinterpret pc=0x00007febb506ece4 method=sun.nio.cs.UTF_8$Decoder.decodeArrayLoop(Ljava/nio/ByteBuffer;Ljava/nio/CharBuffer;)Ljava/nio/charset/CoderResult; @ 110

Internal exceptions (10 events):
Event: 48,608 Thread 0x00007febb800a000 Threw 0x00000000ebb5cc00 at /build/openjdk-7-HVzwJZ/openjdk-7-7u95-2.6.4/build/openjdk/hotspot/src/share/vm/prims/jvm.cpp:1322
Event: 48,608 Thread 0x00007febb800a000 Threw 0x00000000ebb5fcf8 at /build/openjdk-7-HVzwJZ/openjdk-7-7u95-2.6.4/build/openjdk/hotspot/src/share/vm/prims/jvm.cpp:1322
Event: 48,609 Thread 0x00007febb800a000 Threw 0x00000000ebb66208 at /build/openjdk-7-HVzwJZ/openjdk-7-7u95-2.6.4/build/openjdk/hotspot/src/share/vm/prims/jvm.cpp:1322
Event: 48,610 Thread 0x00007febb800a000 Threw 0x00000000ebb69c60 at /build/openjdk-7-HVzwJZ/openjdk-7-7u95-2.6.4/build/openjdk/hotspot/src/share/vm/prims/jvm.cpp:1322
Event: 48,611 Thread 0x00007febb800a000 Threw 0x00000000ebb82db8 at /build/openjdk-7-HVzwJZ/openjdk-7-7u95-2.6.4/build/openjdk/hotspot/src/share/vm/prims/jvm.cpp:1322
Event: 48,619 Thread 0x00007febb800a000 Threw 0x00000000ebb87e88 at /build/openjdk-7-HVzwJZ/openjdk-7-7u95-2.6.4/build/openjdk/hotspot/src/share/vm/prims/jvm.cpp:1322
Event: 48,635 Thread 0x00007febb824e800 Threw 0x00000000ebb3eac0 at /build/openjdk-7-HVzwJZ/openjdk-7-7u95-2.6.4/build/openjdk/hotspot/src/share/vm/prims/jvm.cpp:1322
Event: 48,636 Thread 0x00007febb824e800 Threw 0x00000000ebb97840 at /build/openjdk-7-HVzwJZ/openjdk-7-7u95-2.6.4/build/openjdk/hotspot/src/share/vm/prims/jvm.cpp:1322
Event: 48,637 Thread 0x00007febb824e800 Threw 0x00000000ebb9c230 at /build/openjdk-7-HVzwJZ/openjdk-7-7u95-2.6.4/build/openjdk/hotspot/src/share/vm/prims/jvm.cpp:1322
Event: 48,639 Thread 0x00007febb824e800 Threw 0x00000000ebb9fbb8 at /build/openjdk-7-HVzwJZ/openjdk-7-7u95-2.6.4/build/openjdk/hotspot/src/share/vm/prims/jvm.cpp:1322

Events (10 events):
Event: 49,335 Executing VM operation: ParallelGCFailedAllocation done
Event: 50,290 Executing VM operation: ParallelGCFailedAllocation
Event: 50,294 Executing VM operation: ParallelGCFailedAllocation done
Event: 50,312 Executing VM operation: ParallelGCFailedAllocation
Event: 50,380 Executing VM operation: ParallelGCFailedAllocation done
Event: 50,822 Executing VM operation: ParallelGCFailedAllocation
Event: 50,824 Executing VM operation: ParallelGCFailedAllocation done
Event: 50,852 Executing VM operation: ParallelGCFailedAllocation
Event: 50,855 Executing VM operation: ParallelGCFailedAllocation done
Event: 51,123 Executing VM operation: ParallelGCFailedAllocation


Dynamic libraries:
00400000-00401000 r-xp 00000000 08:01 11941                              /usr/lib/jvm/java-7-openjdk-amd64/jre/bin/java
00600000-00601000 r--p 00000000 08:01 11941                              /usr/lib/jvm/java-7-openjdk-amd64/jre/bin/java
00601000-00602000 rw-p 00001000 08:01 11941                              /usr/lib/jvm/java-7-openjdk-amd64/jre/bin/java
013a2000-013c3000 rw-p 00000000 00:00 0                                  [heap]
b7c00000-b9100000 rw-p 00000000 00:00 0 
b9100000-c2200000 rw-p 00000000 00:00 0 
c2200000-c4b00000 rw-p 00000000 00:00 0 
c4b00000-eb600000 rw-p 00000000 00:00 0 
eb600000-f8700000 rw-p 00000000 00:00 0 
7feb80000000-7feb8005c000 rw-p 00000000 00:00 0 
7feb8005c000-7feb84000000 ---p 00000000 00:00 0 
7feb84000000-7feb84021000 rw-p 00000000 00:00 0 
7feb84021000-7feb88000000 ---p 00000000 00:00 0 
7feb8b56a000-7feb8b57a000 r-xp 00000000 08:01 24387                      /usr/lib/jvm/java-7-openjdk-amd64/jre/lib/amd64/libnio.so
7feb8b57a000-7feb8b77a000 ---p 00010000 08:01 24387                      /usr/lib/jvm/java-7-openjdk-amd64/jre/lib/amd64/libnio.so
7feb8b77a000-7feb8b77b000 r--p 00010000 08:01 24387                      /usr/lib/jvm/java-7-openjdk-amd64/jre/lib/amd64/libnio.so
7feb8b77b000-7feb8b77c000 rw-p 00011000 08:01 24387                      /usr/lib/jvm/java-7-openjdk-amd64/jre/lib/amd64/libnio.so
7feb8b77c000-7feb8b7b9000 r-xp 00000000 08:01 394131                     /lib/x86_64-linux-gnu/libpcre.so.3.13.1
7feb8b7b9000-7feb8b9b8000 ---p 0003d000 08:01 394131                     /lib/x86_64-linux-gnu/libpcre.so.3.13.1
7feb8b9b8000-7feb8b9b9000 r--p 0003c000 08:01 394131                     /lib/x86_64-linux-gnu/libpcre.so.3.13.1
7feb8b9b9000-7feb8b9ba000 rw-p 0003d000 08:01 394131                     /lib/x86_64-linux-gnu/libpcre.so.3.13.1
7feb8b9ba000-7feb8b9c1000 r-xp 00000000 08:01 1771                       /usr/lib/x86_64-linux-gnu/libffi.so.6.0.1
7feb8b9c1000-7feb8bbc0000 ---p 00007000 08:01 1771                       /usr/lib/x86_64-linux-gnu/libffi.so.6.0.1
7feb8bbc0000-7feb8bbc1000 r--p 00006000 08:01 1771                       /usr/lib/x86_64-linux-gnu/libffi.so.6.0.1
7feb8bbc1000-7feb8bbc2000 rw-p 00007000 08:01 1771                       /usr/lib/x86_64-linux-gnu/libffi.so.6.0.1
7feb8bbc2000-7feb8bbd9000 r-xp 00000000 08:01 419652                     /lib/x86_64-linux-gnu/libresolv-2.19.so
7feb8bbd9000-7feb8bdd9000 ---p 00017000 08:01 419652                     /lib/x86_64-linux-gnu/libresolv-2.19.so
7feb8bdd9000-7feb8bdda000 r--p 00017000 08:01 419652                     /lib/x86_64-linux-gnu/libresolv-2.19.so
7feb8bdda000-7feb8bddb000 rw-p 00018000 08:01 419652                     /lib/x86_64-linux-gnu/libresolv-2.19.so
7feb8bddb000-7feb8bddd000 rw-p 00000000 00:00 0 
7feb8bddd000-7feb8bdfd000 r-xp 00000000 08:01 399152                     /lib/x86_64-linux-gnu/libselinux.so.1
7feb8bdfd000-7feb8bffc000 ---p 00020000 08:01 399152                     /lib/x86_64-linux-gnu/libselinux.so.1
7feb8bffc000-7feb8bffd000 r--p 0001f000 08:01 399152                     /lib/x86_64-linux-gnu/libselinux.so.1
7feb8bffd000-7feb8bffe000 rw-p 00020000 08:01 399152                     /lib/x86_64-linux-gnu/libselinux.so.1
7feb8bffe000-7feb8c000000 rw-p 00000000 00:00 0 
7feb8c000000-7feb8c135000 rw-p 00000000 00:00 0 
7feb8c135000-7feb90000000 ---p 00000000 00:00 0 
7feb90000000-7feb90021000 rw-p 00000000 00:00 0 
7feb90021000-7feb94000000 ---p 00000000 00:00 0 
7feb94000000-7feb94021000 rw-p 00000000 00:00 0 
7feb94021000-7feb98000000 ---p 00000000 00:00 0 
7feb98000000-7feb98225000 rw-p 00000000 00:00 0 
7feb98225000-7feb9c000000 ---p 00000000 00:00 0 
7feb9c000000-7feb9c021000 rw-p 00000000 00:00 0 
7feb9c021000-7feba0000000 ---p 00000000 00:00 0 
7feba0000000-7feba0021000 rw-p 00000000 00:00 0 
7feba0021000-7feba4000000 ---p 00000000 00:00 0 
7feba4000000-7feba4021000 rw-p 00000000 00:00 0 
7feba4021000-7feba8000000 ---p 00000000 00:00 0 
7feba8000000-7feba8021000 rw-p 00000000 00:00 0 
7feba8021000-7febac000000 ---p 00000000 00:00 0 
7febac000000-7febac021000 rw-p 00000000 00:00 0 
7febac021000-7febb0000000 ---p 00000000 00:00 0 
7febb00b3000-7febb00b6000 ---p 00000000 00:00 0 
7febb00b6000-7febb01b4000 rw-p 00000000 00:00 0                          [stack:11058]
7febb01b4000-7febb01b7000 r-xp 00000000 08:01 11705                      /usr/lib/x86_64-linux-gnu/libgmodule-2.0.so.0.4002.0
7febb01b7000-7febb03b6000 ---p 00003000 08:01 11705                      /usr/lib/x86_64-linux-gnu/libgmodule-2.0.so.0.4002.0
7febb03b6000-7febb03b7000 r--p 00002000 08:01 11705                      /usr/lib/x86_64-linux-gnu/libgmodule-2.0.so.0.4002.0
7febb03b7000-7febb03b8000 rw-p 00003000 08:01 11705                      /usr/lib/x86_64-linux-gnu/libgmodule-2.0.so.0.4002.0
7febb03b8000-7febb04be000 r-xp 00000000 08:01 399052                     /lib/x86_64-linux-gnu/libglib-2.0.so.0.4002.0
7febb04be000-7febb06bd000 ---p 00106000 08:01 399052                     /lib/x86_64-linux-gnu/libglib-2.0.so.0.4002.0
7febb06bd000-7febb06be000 r--p 00105000 08:01 399052                     /lib/x86_64-linux-gnu/libglib-2.0.so.0.4002.0
7febb06be000-7febb06bf000 rw-p 00106000 08:01 399052                     /lib/x86_64-linux-gnu/libglib-2.0.so.0.4002.0
7febb06bf000-7febb06c0000 rw-p 00000000 00:00 0 
7febb06c0000-7febb070f000 r-xp 00000000 08:01 11729                      /usr/lib/x86_64-linux-gnu/libgobject-2.0.so.0.4002.0
7febb070f000-7febb090f000 ---p 0004f000 08:01 11729                      /usr/lib/x86_64-linux-gnu/libgobject-2.0.so.0.4002.0
7febb090f000-7febb0910000 r--p 0004f000 08:01 11729                      /usr/lib/x86_64-linux-gnu/libgobject-2.0.so.0.4002.0
7febb0910000-7febb0911000 rw-p 00050000 08:01 11729                      /usr/lib/x86_64-linux-gnu/libgobject-2.0.so.0.4002.0
7febb0911000-7febb0a7d000 r-xp 00000000 08:01 11691                      /usr/lib/x86_64-linux-gnu/libgio-2.0.so.0.4002.0
7febb0a7d000-7febb0c7c000 ---p 0016c000 08:01 11691                      /usr/lib/x86_64-linux-gnu/libgio-2.0.so.0.4002.0
7febb0c7c000-7febb0c80000 r--p 0016b000 08:01 11691                      /usr/lib/x86_64-linux-gnu/libgio-2.0.so.0.4002.0
7febb0c80000-7febb0c82000 rw-p 0016f000 08:01 11691                      /usr/lib/x86_64-linux-gnu/libgio-2.0.so.0.4002.0
7febb0c82000-7febb0c84000 rw-p 00000000 00:00 0 
7febb0ca6000-7febb0cbd000 r-xp 00000000 08:01 20739                      /usr/lib/jvm/java-7-openjdk-amd64/jre/lib/amd64/libnet.so
7febb0cbd000-7febb0ebc000 ---p 00017000 08:01 20739                      /usr/lib/jvm/java-7-openjdk-amd64/jre/lib/amd64/libnet.so
7febb0ebc000-7febb0ebd000 r--p 00016000 08:01 20739                      /usr/lib/jvm/java-7-openjdk-amd64/jre/lib/amd64/libnet.so
7febb0ebd000-7febb0ebe000 rw-p 00017000 08:01 20739                      /usr/lib/jvm/java-7-openjdk-amd64/jre/lib/amd64/libnet.so
7febb0ebe000-7febb0ec6000 r-xp 00000000 08:01 22795                      /usr/lib/jvm/java-7-openjdk-amd64/jre/lib/amd64/libmanagement.so
7febb0ec6000-7febb10c5000 ---p 00008000 08:01 22795                      /usr/lib/jvm/java-7-openjdk-amd64/jre/lib/amd64/libmanagement.so
7febb10c5000-7febb10c6000 r--p 00007000 08:01 22795                      /usr/lib/jvm/java-7-openjdk-amd64/jre/lib/amd64/libmanagement.so
7febb10c6000-7febb10c7000 rw-p 00008000 08:01 22795                      /usr/lib/jvm/java-7-openjdk-amd64/jre/lib/amd64/libmanagement.so
7febb10c7000-7febb10c8000 ---p 00000000 00:00 0 
7febb10c8000-7febb11c8000 rw-p 00000000 00:00 0                          [stack:11057]
7febb11c8000-7febb11cb000 ---p 00000000 00:00 0 
7febb11cb000-7febb12c9000 rw-p 00000000 00:00 0                          [stack:11056]
7febb12c9000-7febb12cc000 ---p 00000000 00:00 0 
7febb12cc000-7febb13ca000 rw-p 00000000 00:00 0                          [stack:11055]
7febb13ca000-7febb13cd000 ---p 00000000 00:00 0 
7febb13cd000-7febb14cb000 rw-p 00000000 00:00 0                          [stack:11054]
7febb14cb000-7febb14ce000 ---p 00000000 00:00 0 
7febb14ce000-7febb15cc000 rw-p 00000000 00:00 0                          [stack:11053]
7febb15cc000-7febb19c6000 r--p 00000000 08:01 10151                      /usr/lib/locale/locale-archive
7febb19c6000-7febb19c9000 ---p 00000000 00:00 0 
7febb19c9000-7febb1ac7000 rw-p 00000000 00:00 0                          [stack:11052]
7febb1ac7000-7febb1aca000 ---p 00000000 00:00 0 
7febb1aca000-7febb1bc8000 rw-p 00000000 00:00 0                          [stack:11051]
7febb1bc8000-7febb1bc9000 ---p 00000000 00:00 0 
7febb1bc9000-7febb261b000 rw-p 00000000 00:00 0                          [stack:11050]
7febb261b000-7febb27cc000 r--s 01d30000 08:01 26286                      /usr/lib/jvm/java-7-openjdk-amd64/jre/lib/rt.jar
7febb27cc000-7febb4eff000 rw-p 00000000 00:00 0 
7febb4eff000-7febb4f00000 ---p 00000000 00:00 0 
7febb4f00000-7febb5000000 rw-p 00000000 00:00 0                          [stack:11049]
7febb5000000-7febb5270000 rwxp 00000000 00:00 0 
7febb5270000-7febb8277000 rw-p 00000000 00:00 0 
7febb8277000-7febbc000000 ---p 00000000 00:00 0 
7febbc015000-7febbc024000 r--s 0014d000 08:01 446612                     /home/massih/IdeaProjects/SumoReceiver/target/sumoReceiver
7febbc024000-7febbc025000 ---p 00000000 00:00 0 
7febbc025000-7febbc130000 rw-p 00000000 00:00 0                          [stack:11048]
7febbc130000-7febbc178000 rw-p 00000000 00:00 0 
7febbc178000-7febbc18d000 rw-p 00000000 00:00 0 
7febbc18d000-7febbc2c2000 rw-p 00000000 00:00 0 
7febbc2c2000-7febbc2cd000 rw-p 00000000 00:00 0 
7febbc2cd000-7febbc315000 rw-p 00000000 00:00 0 
7febbc315000-7febbc32a000 rw-p 00000000 00:00 0 
7febbc32a000-7febbc45f000 rw-p 00000000 00:00 0 
7febbc45f000-7febbc4c8000 rw-p 00000000 00:00 0 
7febbc4c8000-7febbc504000 rw-p 00000000 00:00 0 
7febbc504000-7febbc505000 rw-p 00000000 00:00 0 
7febbc505000-7febbc50d000 r-xp 00000000 08:01 21935                      /usr/lib/jvm/java-7-openjdk-amd64/jre/lib/amd64/libzip.so
7febbc50d000-7febbc70c000 ---p 00008000 08:01 21935                      /usr/lib/jvm/java-7-openjdk-amd64/jre/lib/amd64/libzip.so
7febbc70c000-7febbc70d000 r--p 00007000 08:01 21935                      /usr/lib/jvm/java-7-openjdk-amd64/jre/lib/amd64/libzip.so
7febbc70d000-7febbc70e000 rw-p 00008000 08:01 21935                      /usr/lib/jvm/java-7-openjdk-amd64/jre/lib/amd64/libzip.so
7febbc70e000-7febbc719000 r-xp 00000000 08:01 424200                     /lib/x86_64-linux-gnu/libnss_files-2.19.so
7febbc719000-7febbc918000 ---p 0000b000 08:01 424200                     /lib/x86_64-linux-gnu/libnss_files-2.19.so
7febbc918000-7febbc919000 r--p 0000a000 08:01 424200                     /lib/x86_64-linux-gnu/libnss_files-2.19.so
7febbc919000-7febbc91a000 rw-p 0000b000 08:01 424200                     /lib/x86_64-linux-gnu/libnss_files-2.19.so
7febbc91a000-7febbc925000 r-xp 00000000 08:01 424157                     /lib/x86_64-linux-gnu/libnss_nis-2.19.so
7febbc925000-7febbcb24000 ---p 0000b000 08:01 424157                     /lib/x86_64-linux-gnu/libnss_nis-2.19.so
7febbcb24000-7febbcb25000 r--p 0000a000 08:01 424157                     /lib/x86_64-linux-gnu/libnss_nis-2.19.so
7febbcb25000-7febbcb26000 rw-p 0000b000 08:01 424157                     /lib/x86_64-linux-gnu/libnss_nis-2.19.so
7febbcb26000-7febbcb3d000 r-xp 00000000 08:01 424050                     /lib/x86_64-linux-gnu/libnsl-2.19.so
7febbcb3d000-7febbcd3c000 ---p 00017000 08:01 424050                     /lib/x86_64-linux-gnu/libnsl-2.19.so
7febbcd3c000-7febbcd3d000 r--p 00016000 08:01 424050                     /lib/x86_64-linux-gnu/libnsl-2.19.so
7febbcd3d000-7febbcd3e000 rw-p 00017000 08:01 424050                     /lib/x86_64-linux-gnu/libnsl-2.19.so
7febbcd3e000-7febbcd40000 rw-p 00000000 00:00 0 
7febbcd40000-7febbcd49000 r-xp 00000000 08:01 424046                     /lib/x86_64-linux-gnu/libnss_compat-2.19.so
7febbcd49000-7febbcf48000 ---p 00009000 08:01 424046                     /lib/x86_64-linux-gnu/libnss_compat-2.19.so
7febbcf48000-7febbcf49000 r--p 00008000 08:01 424046                     /lib/x86_64-linux-gnu/libnss_compat-2.19.so
7febbcf49000-7febbcf4a000 rw-p 00009000 08:01 424046                     /lib/x86_64-linux-gnu/libnss_compat-2.19.so
7febbcf4a000-7febbcf75000 r-xp 00000000 08:01 12885                      /usr/lib/jvm/java-7-openjdk-amd64/jre/lib/amd64/libjava.so
7febbcf75000-7febbd175000 ---p 0002b000 08:01 12885                      /usr/lib/jvm/java-7-openjdk-amd64/jre/lib/amd64/libjava.so
7febbd175000-7febbd176000 r--p 0002b000 08:01 12885                      /usr/lib/jvm/java-7-openjdk-amd64/jre/lib/amd64/libjava.so
7febbd176000-7febbd178000 rw-p 0002c000 08:01 12885                      /usr/lib/jvm/java-7-openjdk-amd64/jre/lib/amd64/libjava.so
7febbd178000-7febbd188000 r-xp 00000000 08:01 19413                      /usr/lib/jvm/java-7-openjdk-amd64/jre/lib/amd64/libverify.so
7febbd188000-7febbd387000 ---p 00010000 08:01 19413                      /usr/lib/jvm/java-7-openjdk-amd64/jre/lib/amd64/libverify.so
7febbd387000-7febbd389000 r--p 0000f000 08:01 19413                      /usr/lib/jvm/java-7-openjdk-amd64/jre/lib/amd64/libverify.so
7febbd389000-7febbd38a000 rw-p 00011000 08:01 19413                      /usr/lib/jvm/java-7-openjdk-amd64/jre/lib/amd64/libverify.so
7febbd38a000-7febbd391000 r-xp 00000000 08:01 424161                     /lib/x86_64-linux-gnu/librt-2.19.so
7febbd391000-7febbd590000 ---p 00007000 08:01 424161                     /lib/x86_64-linux-gnu/librt-2.19.so
7febbd590000-7febbd591000 r--p 00006000 08:01 424161                     /lib/x86_64-linux-gnu/librt-2.19.so
7febbd591000-7febbd592000 rw-p 00007000 08:01 424161                     /lib/x86_64-linux-gnu/librt-2.19.so
7febbd592000-7febbd5a8000 r-xp 00000000 08:01 403323                     /lib/x86_64-linux-gnu/libgcc_s.so.1
7febbd5a8000-7febbd7a7000 ---p 00016000 08:01 403323                     /lib/x86_64-linux-gnu/libgcc_s.so.1
7febbd7a7000-7febbd7a8000 rw-p 00015000 08:01 403323                     /lib/x86_64-linux-gnu/libgcc_s.so.1
7febbd7a8000-7febbd8ad000 r-xp 00000000 08:01 423565                     /lib/x86_64-linux-gnu/libm-2.19.so
7febbd8ad000-7febbdaac000 ---p 00105000 08:01 423565                     /lib/x86_64-linux-gnu/libm-2.19.so
7febbdaac000-7febbdaad000 r--p 00104000 08:01 423565                     /lib/x86_64-linux-gnu/libm-2.19.so
7febbdaad000-7febbdaae000 rw-p 00105000 08:01 423565                     /lib/x86_64-linux-gnu/libm-2.19.so
7febbdaae000-7febbdb94000 r-xp 00000000 08:01 7166                       /usr/lib/x86_64-linux-gnu/libstdc++.so.6.0.19
7febbdb94000-7febbdd93000 ---p 000e6000 08:01 7166                       /usr/lib/x86_64-linux-gnu/libstdc++.so.6.0.19
7febbdd93000-7febbdd9b000 r--p 000e5000 08:01 7166                       /usr/lib/x86_64-linux-gnu/libstdc++.so.6.0.19
7febbdd9b000-7febbdd9d000 rw-p 000ed000 08:01 7166                       /usr/lib/x86_64-linux-gnu/libstdc++.so.6.0.19
7febbdd9d000-7febbddb2000 rw-p 00000000 00:00 0 
7febbddb2000-7febbe8d6000 r-xp 00000000 08:01 21177                      /usr/lib/jvm/java-7-openjdk-amd64/jre/lib/amd64/server/libjvm.so
7febbe8d6000-7febbead6000 ---p 00b24000 08:01 21177                      /usr/lib/jvm/java-7-openjdk-amd64/jre/lib/amd64/server/libjvm.so
7febbead6000-7febbeb70000 r--p 00b24000 08:01 21177                      /usr/lib/jvm/java-7-openjdk-amd64/jre/lib/amd64/server/libjvm.so
7febbeb70000-7febbeb93000 rw-p 00bbe000 08:01 21177                      /usr/lib/jvm/java-7-openjdk-amd64/jre/lib/amd64/server/libjvm.so
7febbeb93000-7febbebc1000 rw-p 00000000 00:00 0 
7febbebc1000-7febbebd9000 r-xp 00000000 08:01 399185                     /lib/x86_64-linux-gnu/libz.so.1.2.8
7febbebd9000-7febbedd8000 ---p 00018000 08:01 399185                     /lib/x86_64-linux-gnu/libz.so.1.2.8
7febbedd8000-7febbedd9000 r--p 00017000 08:01 399185                     /lib/x86_64-linux-gnu/libz.so.1.2.8
7febbedd9000-7febbedda000 rw-p 00018000 08:01 399185                     /lib/x86_64-linux-gnu/libz.so.1.2.8
7febbedda000-7febbedf3000 r-xp 00000000 08:01 424105                     /lib/x86_64-linux-gnu/libpthread-2.19.so
7febbedf3000-7febbeff2000 ---p 00019000 08:01 424105                     /lib/x86_64-linux-gnu/libpthread-2.19.so
7febbeff2000-7febbeff3000 r--p 00018000 08:01 424105                     /lib/x86_64-linux-gnu/libpthread-2.19.so
7febbeff3000-7febbeff4000 rw-p 00019000 08:01 424105                     /lib/x86_64-linux-gnu/libpthread-2.19.so
7febbeff4000-7febbeff8000 rw-p 00000000 00:00 0 
7febbeff8000-7febbeffb000 r-xp 00000000 08:01 423865                     /lib/x86_64-linux-gnu/libdl-2.19.so
7febbeffb000-7febbf1fa000 ---p 00003000 08:01 423865                     /lib/x86_64-linux-gnu/libdl-2.19.so
7febbf1fa000-7febbf1fb000 r--p 00002000 08:01 423865                     /lib/x86_64-linux-gnu/libdl-2.19.so
7febbf1fb000-7febbf1fc000 rw-p 00003000 08:01 423865                     /lib/x86_64-linux-gnu/libdl-2.19.so
7febbf1fc000-7febbf3b7000 r-xp 00000000 08:01 424162                     /lib/x86_64-linux-gnu/libc-2.19.so
7febbf3b7000-7febbf5b6000 ---p 001bb000 08:01 424162                     /lib/x86_64-linux-gnu/libc-2.19.so
7febbf5b6000-7febbf5ba000 r--p 001ba000 08:01 424162                     /lib/x86_64-linux-gnu/libc-2.19.so
7febbf5ba000-7febbf5bc000 rw-p 001be000 08:01 424162                     /lib/x86_64-linux-gnu/libc-2.19.so
7febbf5bc000-7febbf5c1000 rw-p 00000000 00:00 0 
7febbf5c1000-7febbf5ce000 r-xp 00000000 08:01 23852                      /usr/lib/jvm/java-7-openjdk-amd64/jre/lib/amd64/jli/libjli.so
7febbf5ce000-7febbf7cd000 ---p 0000d000 08:01 23852                      /usr/lib/jvm/java-7-openjdk-amd64/jre/lib/amd64/jli/libjli.so
7febbf7cd000-7febbf7ce000 r--p 0000c000 08:01 23852                      /usr/lib/jvm/java-7-openjdk-amd64/jre/lib/amd64/jli/libjli.so
7febbf7ce000-7febbf7cf000 rw-p 0000d000 08:01 23852                      /usr/lib/jvm/java-7-openjdk-amd64/jre/lib/amd64/jli/libjli.so
7febbf7cf000-7febbf7f2000 r-xp 00000000 08:01 424155                     /lib/x86_64-linux-gnu/ld-2.19.so
7febbf7f3000-7febbf7f4000 rw-p 00000000 00:00 0 
7febbf7f4000-7febbf7f6000 r--s 00006000 08:01 304295                     /usr/share/java/java-atk-wrapper.jar
7febbf7f6000-7febbf7fa000 r--s 0003c000 08:01 27111                      /usr/lib/jvm/java-7-openjdk-amd64/jre/lib/ext/sunpkcs11.jar
7febbf7fa000-7febbf7fe000 r--s 00085000 08:01 26680                      /usr/lib/jvm/java-7-openjdk-amd64/jre/lib/ext/localedata.jar
7febbf7fe000-7febbf801000 r--s 0000f000 08:01 26679                      /usr/lib/jvm/java-7-openjdk-amd64/jre/lib/ext/icedtea-sound.jar
7febbf801000-7febbf803000 r--s 00012000 08:01 26673                      /usr/lib/jvm/java-7-openjdk-amd64/jre/lib/ext/zipfs.jar
7febbf803000-7febbf807000 r--s 00034000 08:01 26674                      /usr/lib/jvm/java-7-openjdk-amd64/jre/lib/ext/sunjce_provider.jar
7febbf807000-7febbf811000 rw-p 00000000 00:00 0 
7febbf811000-7febbf8c7000 rw-p 00000000 00:00 0 
7febbf8c7000-7febbf8ca000 ---p 00000000 00:00 0 
7febbf8ca000-7febbf9cd000 rw-p 00000000 00:00 0                          [stack:11047]
7febbf9cd000-7febbf9ce000 r--s 00002000 08:01 26672                      /usr/lib/jvm/java-7-openjdk-amd64/jre/lib/ext/dnsns.jar
7febbf9ce000-7febbf9e5000 rw-p 00000000 00:00 0 
7febbf9e5000-7febbf9ed000 rw-s 00000000 08:01 188814                     /tmp/hsperfdata_massih/11046
7febbf9ed000-7febbf9ee000 rw-p 00000000 00:00 0 
7febbf9ee000-7febbf9ef000 ---p 00000000 00:00 0 
7febbf9ef000-7febbf9f1000 rw-p 00000000 00:00 0 
7febbf9f1000-7febbf9f2000 r--p 00022000 08:01 424155                     /lib/x86_64-linux-gnu/ld-2.19.so
7febbf9f2000-7febbf9f3000 rw-p 00023000 08:01 424155                     /lib/x86_64-linux-gnu/ld-2.19.so
7febbf9f3000-7febbf9f4000 rw-p 00000000 00:00 0 
7ffc6f1b4000-7ffc6f1d5000 rw-p 00000000 00:00 0                          [stack]
7ffc6f1db000-7ffc6f1dd000 r--p 00000000 00:00 0                          [vvar]
7ffc6f1dd000-7ffc6f1df000 r-xp 00000000 00:00 0                          [vdso]
ffffffffff600000-ffffffffff601000 r-xp 00000000 00:00 0                  [vsyscall]

VM Arguments:
java_command: target/sumoReceiver
Launcher Type: SUN_STANDARD

Environment Variables:
JAVA_HOME=/usr/lib/jvm/java-7-openjdk-amd64
PATH=/usr/local/sbin:/usr/local/bin:/usr/sbin:/usr/bin:/sbin:/bin:/usr/games:/usr/local/games:/usr/lib/jvm/java-7-openjdk-amd64/bin:/usr/local/zookeeper/bin:/usr/local/storm/bin:/home/massih/Downloads/apache-maven-3.3.9/bin:/media/massih/extended/idea-IU-145.597.3/bin
USERNAME=massih
SHELL=/bin/bash
DISPLAY=:0

Signal Handlers:
SIGSEGV: [libjvm.so+0x9548f0], sa_mask[0]=0x7ffbfeff, sa_flags=0x10000004
SIGBUS: [libjvm.so+0x9548f0], sa_mask[0]=0x7ffbfeff, sa_flags=0x10000004
SIGFPE: [libjvm.so+0x7cb0b0], sa_mask[0]=0x7ffbfeff, sa_flags=0x10000004
SIGPIPE: [libjvm.so+0x7cb0b0], sa_mask[0]=0x7ffbfeff, sa_flags=0x10000004
SIGXFSZ: [libjvm.so+0x7cb0b0], sa_mask[0]=0x7ffbfeff, sa_flags=0x10000004
SIGILL: [libjvm.so+0x7cb0b0], sa_mask[0]=0x7ffbfeff, sa_flags=0x10000004
SIGUSR1: SIG_DFL, sa_mask[0]=0x00000000, sa_flags=0x00000000
SIGUSR2: [libjvm.so+0x7caf50], sa_mask[0]=0x00000000, sa_flags=0x10000004
SIGHUP: [libjvm.so+0x7cb130], sa_mask[0]=0x7ffbfeff, sa_flags=0x10000004
SIGINT: [libjvm.so+0x7cb130], sa_mask[0]=0x7ffbfeff, sa_flags=0x10000004
SIGTERM: [libjvm.so+0x7cb130], sa_mask[0]=0x7ffbfeff, sa_flags=0x10000004
SIGQUIT: [libjvm.so+0x7cb130], sa_mask[0]=0x7ffbfeff, sa_flags=0x10000004
SIGTRAP: SIG_DFL, sa_mask[0]=0x00000000, sa_flags=0x00000000


---------------  S Y S T E M  ---------------

OS:LinuxMint 17.3 (rosa)
uname:Linux 3.19.0-32-generic #37~14.04.1-Ubuntu SMP Thu Oct 22 09:41:40 UTC 2015 x86_64
libc:glibc 2.19 NPTL 2.19 
rlimit: STACK 8192k, CORE 0k, NPROC 15684, NOFILE 4096, AS infinity
load average:1,07 0,81 0,56

/proc/meminfo:
MemTotal:        4047436 kB
MemFree:          111024 kB
MemAvailable:      72800 kB
Buffers:            2140 kB
Cached:           166808 kB
SwapCached:            0 kB
Active:          3686288 kB
Inactive:         135328 kB
Active(anon):    3653768 kB
Inactive(anon):   103180 kB
Active(file):      32520 kB
Inactive(file):    32148 kB
Unevictable:           0 kB
Mlocked:               0 kB
SwapTotal:             0 kB
SwapFree:              0 kB
Dirty:              1188 kB
Writeback:             0 kB
AnonPages:       3652964 kB
Mapped:           129580 kB
Shmem:            104004 kB
Slab:              51448 kB
SReclaimable:      27804 kB
SUnreclaim:        23644 kB
KernelStack:        9440 kB
PageTables:        30044 kB
NFS_Unstable:          0 kB
Bounce:                0 kB
WritebackTmp:          0 kB
CommitLimit:     2023716 kB
Committed_AS:    7597160 kB
VmallocTotal:   34359738367 kB
VmallocUsed:       56528 kB
VmallocChunk:   34359631444 kB
HardwareCorrupted:     0 kB
AnonHugePages:   2144256 kB
CmaTotal:              0 kB
CmaFree:               0 kB
HugePages_Total:       0
HugePages_Free:        0
HugePages_Rsvd:        0
HugePages_Surp:        0
Hugepagesize:       2048 kB
DirectMap4k:       75712 kB
DirectMap2M:     4118528 kB


CPU:total 2 (2 cores per cpu, 1 threads per core) family 6 model 61 stepping 4, cmov, cx8, fxsr, mmx, sse, sse2, sse3, ssse3, sse4.1, sse4.2, popcnt, avx, aes, tsc, tscinvbit

/proc/cpuinfo:
processor	: 0
vendor_id	: GenuineIntel
cpu family	: 6
model		: 61
model name	: Intel(R) Core(TM) i5-5200U CPU @ 2.20GHz
stepping	: 4
cpu MHz		: 2194.914
cache size	: 3072 KB
physical id	: 0
siblings	: 2
core id		: 0
cpu cores	: 2
apicid		: 0
initial apicid	: 0
fpu		: yes
fpu_exception	: yes
cpuid level	: 20
wp		: yes
flags		: fpu vme de pse tsc msr pae mce cx8 apic sep mtrr pge mca cmov pat pse36 clflush mmx fxsr sse sse2 ht syscall nx rdtscp lm constant_tsc rep_good nopl xtopology nonstop_tsc pni pclmulqdq ssse3 cx16 sse4_1 sse4_2 movbe popcnt aes xsave avx rdrand hypervisor lahf_lm abm 3dnowprefetch rdseed
bugs		:
bogomips	: 4389.82
clflush size	: 64
cache_alignment	: 64
address sizes	: 39 bits physical, 48 bits virtual
power management:

processor	: 1
vendor_id	: GenuineIntel
cpu family	: 6
model		: 61
model name	: Intel(R) Core(TM) i5-5200U CPU @ 2.20GHz
stepping	: 4
cpu MHz		: 2194.914
cache size	: 3072 KB
physical id	: 0
siblings	: 2
core id		: 1
cpu cores	: 2
apicid		: 1
initial apicid	: 1
fpu		: yes
fpu_exception	: yes
cpuid level	: 20
wp		: yes
flags		: fpu vme de pse tsc msr pae mce cx8 apic sep mtrr pge mca cmov pat pse36 clflush mmx fxsr sse sse2 ht syscall nx rdtscp lm constant_tsc rep_good nopl xtopology nonstop_tsc pni pclmulqdq ssse3 cx16 sse4_1 sse4_2 movbe popcnt aes xsave avx rdrand hypervisor lahf_lm abm 3dnowprefetch rdseed
bugs		:
bogomips	: 4389.82
clflush size	: 64
cache_alignment	: 64
address sizes	: 39 bits physical, 48 bits virtual
power management:



Memory: 4k page, physical 4047436k(111024k free), swap 0k(0k free)

vm_info: OpenJDK 64-Bit Server VM (24.95-b01) for linux-amd64 JRE (1.7.0_95-b00), built on Mar 24 2016 06:13:32 by "buildd" with gcc 4.8.2

time: Mon Apr 25 17:27:55 2016
elapsed time: 51 seconds

